[INFO] Error stacktraces are turned on.
[INFO] Scanning for projects...
[INFO]                                                                         
[INFO] ------------------------------------------------------------------------
[INFO] Building rades-annotations 1.1.0-SNAPSHOT
[INFO] ------------------------------------------------------------------------
[INFO] 
[INFO] --- jacoco-maven-plugin:0.7.9:prepare-agent (default) @ rades-annotations ---
[INFO] argLine set to -javaagent:/scratch/dginelli/workspace/repairnator-repairnator-experiments-FunThomas424242-rades-annotations-363795989-20180408-175223-firstCommit/.m2/org/jacoco/org.jacoco.agent/0.7.9/org.jacoco.agent-0.7.9-runtime.jar=destfile=/scratch/dginelli/workspace/repairnator-repairnator-experiments-FunThomas424242-rades-annotations-363795989-20180408-175223-firstCommit/target/jacoco.exec
[INFO] 
[INFO] --- maven-resources-plugin:2.6:resources (default-resources) @ rades-annotations ---
[INFO] Using 'UTF-8' encoding to copy filtered resources.
[INFO] Copying 1 resource
[INFO] 
[INFO] --- maven-compiler-plugin:3.5.1:compile (default-compile) @ rades-annotations ---
[INFO] Nothing to compile - all classes are up to date
[INFO] 
[INFO] --- maven-resources-plugin:2.6:testResources (default-testResources) @ rades-annotations ---
[INFO] Using 'UTF-8' encoding to copy filtered resources.
[INFO] Copying 1 resource
[INFO] 
[INFO] --- maven-compiler-plugin:3.5.1:testCompile (default-testCompile) @ rades-annotations ---
[INFO] Nothing to compile - all classes are up to date
[INFO] 
[INFO] --- maven-surefire-plugin:2.19.1:test (default-test) @ rades-annotations ---
[INFO] Surefire report directory: /scratch/dginelli/workspace/repairnator-repairnator-experiments-FunThomas424242-rades-annotations-363795989-20180408-175223-firstCommit/target/surefire-reports
[INFO] Using configured provider org.junit.platform.surefire.provider.JUnitPlatformProvider
[INFO] parallel='none', perCoreThreadCount=true, threadCount=0, useUnlimitedThreads=false, threadCountSuites=0, threadCountClasses=0, threadCountMethods=0, parallelOptimized=true
[INFO] Downloading: https://repo.maven.apache.org/maven2/org/apache/maven/wagon/wagon-http/1.0-beta-6/wagon-http-1.0-beta-6.pom
[INFO] Downloaded: https://repo.maven.apache.org/maven2/org/apache/maven/wagon/wagon-http/1.0-beta-6/wagon-http-1.0-beta-6.pom (4 KB at 9.2 KB/sec)
[INFO] Downloading: https://repo.maven.apache.org/maven2/org/apache/maven/wagon/wagon-providers/1.0-beta-6/wagon-providers-1.0-beta-6.pom
[INFO] Downloaded: https://repo.maven.apache.org/maven2/org/apache/maven/wagon/wagon-providers/1.0-beta-6/wagon-providers-1.0-beta-6.pom (3 KB at 71.1 KB/sec)
[INFO] Downloading: https://repo.maven.apache.org/maven2/org/apache/maven/wagon/wagon-http-shared/1.0-beta-6/wagon-http-shared-1.0-beta-6.pom
[INFO] Downloaded: https://repo.maven.apache.org/maven2/org/apache/maven/wagon/wagon-http-shared/1.0-beta-6/wagon-http-shared-1.0-beta-6.pom (3 KB at 52.8 KB/sec)
[INFO] Downloading: https://repo.maven.apache.org/maven2/nekohtml/xercesMinimal/1.9.6.2/xercesMinimal-1.9.6.2.pom
[INFO] Downloaded: https://repo.maven.apache.org/maven2/nekohtml/xercesMinimal/1.9.6.2/xercesMinimal-1.9.6.2.pom (390 B at 15.9 KB/sec)
[INFO] Downloading: https://repo.maven.apache.org/maven2/nekohtml/nekohtml/1.9.6.2/nekohtml-1.9.6.2.pom
[INFO] Downloaded: https://repo.maven.apache.org/maven2/nekohtml/nekohtml/1.9.6.2/nekohtml-1.9.6.2.pom (704 B at 26.4 KB/sec)
[INFO] Downloading: https://repo.maven.apache.org/maven2/org/apache/maven/wagon/wagon-webdav-jackrabbit/1.0-beta-6/wagon-webdav-jackrabbit-1.0-beta-6.pom
[INFO] Downloaded: https://repo.maven.apache.org/maven2/org/apache/maven/wagon/wagon-webdav-jackrabbit/1.0-beta-6/wagon-webdav-jackrabbit-1.0-beta-6.pom (4 KB at 92.7 KB/sec)
[INFO] Downloading: https://repo.maven.apache.org/maven2/org/apache/jackrabbit/jackrabbit-webdav/1.5.0/jackrabbit-webdav-1.5.0.pom
[INFO] Downloaded: https://repo.maven.apache.org/maven2/org/apache/jackrabbit/jackrabbit-webdav/1.5.0/jackrabbit-webdav-1.5.0.pom (4 KB at 112.2 KB/sec)
[INFO] Downloading: https://repo.maven.apache.org/maven2/org/apache/jackrabbit/jackrabbit-parent/1.5.0/jackrabbit-parent-1.5.0.pom
[INFO] Downloaded: https://repo.maven.apache.org/maven2/org/apache/jackrabbit/jackrabbit-parent/1.5.0/jackrabbit-parent-1.5.0.pom (25 KB at 503.8 KB/sec)
[INFO] Downloading: https://repo.maven.apache.org/maven2/org/apache/jackrabbit/jackrabbit-jcr-commons/1.5.0/jackrabbit-jcr-commons-1.5.0.pom
[INFO] Downloaded: https://repo.maven.apache.org/maven2/org/apache/jackrabbit/jackrabbit-jcr-commons/1.5.0/jackrabbit-jcr-commons-1.5.0.pom (3 KB at 83.3 KB/sec)
[INFO] Downloading: https://repo.maven.apache.org/maven2/org/slf4j/slf4j-api/1.5.3/slf4j-api-1.5.3.pom
[INFO] Downloaded: https://repo.maven.apache.org/maven2/org/slf4j/slf4j-api/1.5.3/slf4j-api-1.5.3.pom (3 KB at 126.7 KB/sec)
[INFO] Downloading: https://repo.maven.apache.org/maven2/org/slf4j/slf4j-parent/1.5.3/slf4j-parent-1.5.3.pom
[INFO] Downloaded: https://repo.maven.apache.org/maven2/org/slf4j/slf4j-parent/1.5.3/slf4j-parent-1.5.3.pom (8 KB at 359.8 KB/sec)
[INFO] Downloading: https://repo.maven.apache.org/maven2/commons-httpclient/commons-httpclient/3.0/commons-httpclient-3.0.pom
[INFO] Downloaded: https://repo.maven.apache.org/maven2/commons-httpclient/commons-httpclient/3.0/commons-httpclient-3.0.pom (8 KB at 340.9 KB/sec)
[INFO] Downloading: https://repo.maven.apache.org/maven2/org/slf4j/slf4j-nop/1.5.3/slf4j-nop-1.5.3.pom
[INFO] Downloaded: https://repo.maven.apache.org/maven2/org/slf4j/slf4j-nop/1.5.3/slf4j-nop-1.5.3.pom (2 KB at 64.9 KB/sec)
[INFO] Downloading: https://repo.maven.apache.org/maven2/nekohtml/nekohtml/1.9.6.2/nekohtml-1.9.6.2.jar
[INFO] Downloading: https://repo.maven.apache.org/maven2/nekohtml/xercesMinimal/1.9.6.2/xercesMinimal-1.9.6.2.jar
[INFO] Downloading: https://repo.maven.apache.org/maven2/org/apache/maven/wagon/wagon-http-shared/1.0-beta-6/wagon-http-shared-1.0-beta-6.jar
[INFO] Downloading: https://repo.maven.apache.org/maven2/org/apache/maven/wagon/wagon-http/1.0-beta-6/wagon-http-1.0-beta-6.jar
[INFO] Downloading: https://repo.maven.apache.org/maven2/org/apache/maven/wagon/wagon-webdav-jackrabbit/1.0-beta-6/wagon-webdav-jackrabbit-1.0-beta-6.jar
[INFO] Downloaded: https://repo.maven.apache.org/maven2/org/apache/maven/wagon/wagon-http/1.0-beta-6/wagon-http-1.0-beta-6.jar (11 KB at 153.2 KB/sec)
[INFO] Downloading: https://repo.maven.apache.org/maven2/org/apache/jackrabbit/jackrabbit-webdav/1.5.0/jackrabbit-webdav-1.5.0.jar
[INFO] Downloaded: https://repo.maven.apache.org/maven2/org/apache/maven/wagon/wagon-webdav-jackrabbit/1.0-beta-6/wagon-webdav-jackrabbit-1.0-beta-6.jar (18 KB at 270.6 KB/sec)
[INFO] Downloading: https://repo.maven.apache.org/maven2/org/apache/jackrabbit/jackrabbit-jcr-commons/1.5.0/jackrabbit-jcr-commons-1.5.0.jar
[INFO] Downloaded: https://repo.maven.apache.org/maven2/nekohtml/xercesMinimal/1.9.6.2/xercesMinimal-1.9.6.2.jar (39 KB at 511.4 KB/sec)
[INFO] Downloaded: https://repo.maven.apache.org/maven2/org/apache/maven/wagon/wagon-http-shared/1.0-beta-6/wagon-http-shared-1.0-beta-6.jar (25 KB at 321.2 KB/sec)
[INFO] Downloading: https://repo.maven.apache.org/maven2/org/slf4j/slf4j-nop/1.5.3/slf4j-nop-1.5.3.jar
[INFO] Downloaded: https://repo.maven.apache.org/maven2/org/slf4j/slf4j-nop/1.5.3/slf4j-nop-1.5.3.jar (6 KB at 230.9 KB/sec)
[INFO] Downloaded: https://repo.maven.apache.org/maven2/org/apache/jackrabbit/jackrabbit-jcr-commons/1.5.0/jackrabbit-jcr-commons-1.5.0.jar (199 KB at 3300.1 KB/sec)
[INFO] Downloaded: https://repo.maven.apache.org/maven2/org/apache/jackrabbit/jackrabbit-webdav/1.5.0/jackrabbit-webdav-1.5.0.jar (296 KB at 3482.1 KB/sec)
[INFO] Downloaded: https://repo.maven.apache.org/maven2/nekohtml/nekohtml/1.9.6.2/nekohtml-1.9.6.2.jar (110 KB at 397.3 KB/sec)

-------------------------------------------------------
 T E S T S
-------------------------------------------------------
Running com.github.funthomas424242.rades.annotations.processors.RadesBuilderProcessorTest
14:46:39.823 [main] DEBUG c.g.f.r.a.p.RadesBuilderProcessor - ###Annotation: com.github.funthomas424242.MetaAnnotation
14:46:40.147 [main] DEBUG c.g.f.r.a.p.RadesBuilderProcessor - ###Class: com.github.funthomas424242.domain.Person
14:46:40.147 [main] DEBUG c.g.f.r.a.p.RadesBuilderProcessor - ###WRITE BUILDER for: com.github.funthomas424242.domain.Person
14:46:40.152 [main] DEBUG c.g.f.r.a.p.RadesBuilderProcessor - ###1|SimpleBuilderClassName: null
14:46:40.154 [main] DEBUG c.g.f.r.a.p.RadesBuilderProcessor - ###specifiedBuilderClassName: null
14:46:40.155 [main] DEBUG c.g.f.r.a.p.RadesBuilderProcessor - ###builderClassName: com.github.funthomas424242.domain.PersonBuilder
14:46:40.156 [main] DEBUG c.g.f.r.a.p.RadesBuilderProcessor - ###builderSimpleClassName: PersonBuilder
14:46:40.646 [main] DEBUG c.g.f.r.a.p.RadesBuilderProcessor - ###Class: com.github.funthomas424242.domain.NoneWriteable
14:46:40.647 [main] DEBUG c.g.f.r.a.p.RadesBuilderProcessor - ###WRITE BUILDER for: com.github.funthomas424242.domain.NoneWriteable
14:46:40.647 [main] DEBUG c.g.f.r.a.p.RadesBuilderProcessor - ###specifiedBuilderClassName: null
14:46:40.647 [main] DEBUG c.g.f.r.a.p.RadesBuilderProcessor - ###builderClassName: com.github.funthomas424242.domain.NoneWriteableBuilder
14:46:40.647 [main] DEBUG c.g.f.r.a.p.RadesBuilderProcessor - ###builderSimpleClassName: NoneWriteableBuilder
14:46:40.647 [main] ERROR c.g.f.r.a.p.RadesBuilderProcessor - Medium ist schreibgeschützt!
14:46:40.821 [main] DEBUG c.g.f.r.a.p.RadesBuilderProcessor - ###Class: com.github.funthomas424242.domain.Auto
14:46:40.822 [main] DEBUG c.g.f.r.a.p.RadesBuilderProcessor - ###WRITE BUILDER for: com.github.funthomas424242.domain.Auto
14:46:40.822 [main] DEBUG c.g.f.r.a.p.RadesBuilderProcessor - ###specifiedBuilderClassName: CarBuilder
14:46:40.822 [main] DEBUG c.g.f.r.a.p.RadesBuilderProcessor - ###builderClassName: com.github.funthomas424242.domain.CarBuilder
14:46:40.823 [main] DEBUG c.g.f.r.a.p.RadesBuilderProcessor - ###builderSimpleClassName: CarBuilder
14:46:41.280 [main] DEBUG c.g.f.r.a.p.RadesBuilderProcessor - ###Class: com.github.funthomas424242.domain.Person
14:46:41.280 [main] DEBUG c.g.f.r.a.p.RadesBuilderProcessor - ###WRITE BUILDER for: com.github.funthomas424242.domain.Person
14:46:41.280 [main] DEBUG c.g.f.r.a.p.RadesBuilderProcessor - ###1|SimpleBuilderClassName: null
14:46:41.280 [main] DEBUG c.g.f.r.a.p.RadesBuilderProcessor - ###specifiedBuilderClassName: null
14:46:41.280 [main] DEBUG c.g.f.r.a.p.RadesBuilderProcessor - ###builderClassName: com.github.funthomas424242.domain.PersonBuilder
14:46:41.280 [main] DEBUG c.g.f.r.a.p.RadesBuilderProcessor - ###builderSimpleClassName: PersonBuilder
14:46:41.331 [main] ERROR c.g.f.r.a.p.RadesBuilderProcessor - Kann Stream nicht schließen!
14:46:41.542 [main] DEBUG c.g.f.r.a.p.RadesBuilderProcessor - ###Class: com.github.funthomas424242.domain.Person
14:46:41.543 [main] DEBUG c.g.f.r.a.p.RadesBuilderProcessor - ###WRITE BUILDER for: com.github.funthomas424242.domain.Person
14:46:41.544 [main] DEBUG c.g.f.r.a.p.RadesBuilderProcessor - ###1|SimpleBuilderClassName: null
14:46:41.544 [main] DEBUG c.g.f.r.a.p.RadesBuilderProcessor - ###specifiedBuilderClassName: null
14:46:41.544 [main] DEBUG c.g.f.r.a.p.RadesBuilderProcessor - ###builderClassName: com.github.funthomas424242.domain.PersonBuilder
14:46:41.544 [main] DEBUG c.g.f.r.a.p.RadesBuilderProcessor - ###builderSimpleClassName: PersonBuilder
14:46:41.828 [main] DEBUG c.g.f.r.a.p.RadesBuilderProcessor - ###Class: com.github.funthomas424242.domain.Person
14:46:41.830 [main] DEBUG c.g.f.r.a.p.RadesBuilderProcessor - ###WRITE BUILDER for: com.github.funthomas424242.domain.Person
14:46:41.830 [main] DEBUG c.g.f.r.a.p.RadesBuilderProcessor - ###1|SimpleBuilderClassName: null
14:46:41.830 [main] DEBUG c.g.f.r.a.p.RadesBuilderProcessor - ###specifiedBuilderClassName: null
14:46:41.831 [main] DEBUG c.g.f.r.a.p.RadesBuilderProcessor - ###builderClassName: com.github.funthomas424242.domain.PersonBuilder
14:46:41.831 [main] DEBUG c.g.f.r.a.p.RadesBuilderProcessor - ###builderSimpleClassName: PersonBuilder
14:46:42.091 [main] DEBUG c.g.f.r.a.p.RadesBuilderProcessor - ###Class: NonePackageClass
14:46:42.091 [main] DEBUG c.g.f.r.a.p.RadesBuilderProcessor - ###WRITE BUILDER for: NonePackageClass
14:46:42.091 [main] DEBUG c.g.f.r.a.p.RadesBuilderProcessor - ###specifiedBuilderClassName: null
14:46:42.091 [main] DEBUG c.g.f.r.a.p.RadesBuilderProcessor - ###builderClassName: NonePackageClassBuilder
14:46:42.092 [main] DEBUG c.g.f.r.a.p.RadesBuilderProcessor - ###builderSimpleClassName: NonePackageClassBuilder
14:46:42.230 [main] DEBUG c.g.f.r.a.p.RadesBuilderProcessor - ###Class: com.github.funthomas424242.domain.Firma
14:46:42.230 [main] DEBUG c.g.f.r.a.p.RadesBuilderProcessor - ###WRITE BUILDER for: com.github.funthomas424242.domain.Firma
14:46:42.231 [main] DEBUG c.g.f.r.a.p.RadesBuilderProcessor - ###specifiedBuilderClassName: FirmaAGErbauer
14:46:42.231 [main] DEBUG c.g.f.r.a.p.RadesBuilderProcessor - ###builderClassName: com.github.funthomas424242.domain.FirmaAGErbauer
14:46:42.231 [main] DEBUG c.g.f.r.a.p.RadesBuilderProcessor - ###builderSimpleClassName: FirmaAGErbauer
Tests run: 8, Failures: 1, Errors: 0, Skipped: 0, Time elapsed: 5.161 sec <<< FAILURE! - in com.github.funthomas424242.rades.annotations.processors.RadesBuilderProcessorTest
processAuto  Time elapsed: 0.445 sec  <<< FAILURE!
com.google.common.truth.Truth$AssertionErrorWithCause: 
Not true that </SOURCE_OUTPUT/com/github/funthomas424242/domain/CarBuilder.java> is equivalent to </scratch/dginelli/workspace/repairnator-repairnator-experiments-FunThomas424242-rades-annotations-363795989-20180408-175223-firstCommit/src/test/expectations/CarBuilder.java>.

Diffs:
======

Found 10 nodes that differed in expected and actual trees. 

> Difference in expected tree and actual tree.
  Expected node: Line 43 COMPILATION_UNIT->CLASS(CarBuilder)->METHOD(withMotor)
  Actual node: Line 43 COMPILATION_UNIT->CLASS(CarBuilder)->METHOD(withTyp)
  Expected method name to be <withMotor> but was <withTyp>.

> Difference in expected tree and actual tree.
  Expected node: Line 43 COMPILATION_UNIT->CLASS(CarBuilder)->METHOD(withMotor)->VARIABLE(motor)
  Actual node: Line 43 COMPILATION_UNIT->CLASS(CarBuilder)->METHOD(withTyp)->VARIABLE(typ)
  Expected variable name to be <motor> but was <typ>.

> Difference in expected tree and actual tree.
  Expected node: Line 43 COMPILATION_UNIT->CLASS(CarBuilder)->METHOD(withMotor)->VARIABLE(motor)->MEMBER_SELECT(Object)
  Actual node: Line 43 COMPILATION_UNIT->CLASS(CarBuilder)->METHOD(withTyp)->VARIABLE(typ)->MEMBER_SELECT(String)
  Expected member identifier to be <Object> but was <String>.

> Difference in expected tree and actual tree.
  Expected node: Line 44 COMPILATION_UNIT->CLASS(CarBuilder)->METHOD(withMotor)->BLOCK(non-static)->EXPRESSION_STATEMENT->ASSIGNMENT->MEMBER_SELECT(motor)
  Actual node: Line 44 COMPILATION_UNIT->CLASS(CarBuilder)->METHOD(withTyp)->BLOCK(non-static)->EXPRESSION_STATEMENT->ASSIGNMENT->MEMBER_SELECT(typ)
  Expected member identifier to be <motor> but was <typ>.

> Difference in expected tree and actual tree.
  Expected node: Line 44 COMPILATION_UNIT->CLASS(CarBuilder)->METHOD(withMotor)->BLOCK(non-static)->EXPRESSION_STATEMENT->ASSIGNMENT->IDENTIFIER(motor)
  Actual node: Line 44 COMPILATION_UNIT->CLASS(CarBuilder)->METHOD(withTyp)->BLOCK(non-static)->EXPRESSION_STATEMENT->ASSIGNMENT->IDENTIFIER(typ)
  Expected identifier to be <motor> but was <typ>.

> Difference in expected tree and actual tree.
  Expected node: Line 48 COMPILATION_UNIT->CLASS(CarBuilder)->METHOD(withTyp)
  Actual node: Line 48 COMPILATION_UNIT->CLASS(CarBuilder)->METHOD(withMotor)
  Expected method name to be <withTyp> but was <withMotor>.

> Difference in expected tree and actual tree.
  Expected node: Line 48 COMPILATION_UNIT->CLASS(CarBuilder)->METHOD(withTyp)->VARIABLE(typ)
  Actual node: Line 48 COMPILATION_UNIT->CLASS(CarBuilder)->METHOD(withMotor)->VARIABLE(motor)
  Expected variable name to be <typ> but was <motor>.

> Difference in expected tree and actual tree.
  Expected node: Line 48 COMPILATION_UNIT->CLASS(CarBuilder)->METHOD(withTyp)->VARIABLE(typ)->MEMBER_SELECT(String)
  Actual node: Line 48 COMPILATION_UNIT->CLASS(CarBuilder)->METHOD(withMotor)->VARIABLE(motor)->MEMBER_SELECT(Object)
  Expected member identifier to be <String> but was <Object>.

> Difference in expected tree and actual tree.
  Expected node: Line 49 COMPILATION_UNIT->CLASS(CarBuilder)->METHOD(withTyp)->BLOCK(non-static)->EXPRESSION_STATEMENT->ASSIGNMENT->MEMBER_SELECT(typ)
  Actual node: Line 49 COMPILATION_UNIT->CLASS(CarBuilder)->METHOD(withMotor)->BLOCK(non-static)->EXPRESSION_STATEMENT->ASSIGNMENT->MEMBER_SELECT(motor)
  Expected member identifier to be <typ> but was <motor>.

> Difference in expected tree and actual tree.
  Expected node: Line 49 COMPILATION_UNIT->CLASS(CarBuilder)->METHOD(withTyp)->BLOCK(non-static)->EXPRESSION_STATEMENT->ASSIGNMENT->IDENTIFIER(typ)
  Actual node: Line 49 COMPILATION_UNIT->CLASS(CarBuilder)->METHOD(withMotor)->BLOCK(non-static)->EXPRESSION_STATEMENT->ASSIGNMENT->IDENTIFIER(motor)
  Expected identifier to be <typ> but was <motor>.


Expected Source:
================

package com.github.funthomas424242.domain;
import javax.annotation.Generated;
import org.apache.commons.lang3.StringUtils;

import javax.validation.ConstraintViolation;
import javax.validation.Validation;
import javax.validation.ValidationException;
import javax.validation.Validator;

@Generated(value="com.github.funthomas424242.rades.annotations.processors.RadesBuilderProcessor"
        , date="2018-04-06T20:36:46.750"
        , comments="com.github.funthomas424242.domain.Auto")
public class CarBuilder {

    private Auto auto;

    public CarBuilder(){
        this(new Auto());
    }

    public CarBuilder( final Auto auto ){
        this.auto = auto;
    }

    public Auto build() {
        final Validator validator = Validation.buildDefaultValidatorFactory().getValidator();
        final java.util.Set<ConstraintViolation<Auto>> constraintViolations = validator.validate(this.auto);

        if (constraintViolations.size() > 0) {
            java.util.Set<String> violationMessages = new java.util.HashSet<String>();

            for (ConstraintViolation<?> constraintViolation : constraintViolations) {
                violationMessages.add(constraintViolation.getPropertyPath() + ": " + constraintViolation.getMessage());
            }

            throw new ValidationException("Auto is not valid:\n" + StringUtils.join(violationMessages, "\n"));
        }
        final Auto value = this.auto;
        this.auto = null;
        return value;
    }

    public CarBuilder withMotor( final java.lang.Object motor ) {
        this.auto.motor = motor;
        return this;
    }

    public CarBuilder withTyp( final java.lang.String typ ) {
        this.auto.typ = typ;
        return this;
    }

    public CarBuilder withHersteller( final java.lang.String hersteller ) {
        this.auto.hersteller = hersteller;
        return this;
    }

}


Actual Source:
==============

package com.github.funthomas424242.domain;
import javax.annotation.Generated;
import org.apache.commons.lang3.StringUtils;

import javax.validation.ConstraintViolation;
import javax.validation.Validation;
import javax.validation.ValidationException;
import javax.validation.Validator;

@Generated(value="com.github.funthomas424242.rades.annotations.processors.RadesBuilderProcessor"
, date="2018-04-06T20:36:46.750"
, comments="com.github.funthomas424242.domain.Auto")
public class CarBuilder {

    private Auto auto;

    public CarBuilder(){
        this(new Auto());
    }

    public CarBuilder( final Auto auto ){
        this.auto = auto;
    }

    public Auto build() {
        final Validator validator = Validation.buildDefaultValidatorFactory().getValidator();
        final java.util.Set<ConstraintViolation<Auto>> constraintViolations = validator.validate(this.auto);

        if (constraintViolations.size() > 0) {
            java.util.Set<String> violationMessages = new java.util.HashSet<String>();

            for (ConstraintViolation<?> constraintViolation : constraintViolations) {
                violationMessages.add(constraintViolation.getPropertyPath() + ": " + constraintViolation.getMessage());
            }

            throw new ValidationException("Auto is not valid:\n" + StringUtils.join(violationMessages, "\n"));
        }
        final Auto value = this.auto;
        this.auto = null;
        return value;
    }

    public CarBuilder withTyp( final java.lang.String typ ) {
        this.auto.typ = typ;
        return this;
    }

    public CarBuilder withMotor( final java.lang.Object motor ) {
        this.auto.motor = motor;
        return this;
    }

    public CarBuilder withHersteller( final java.lang.String hersteller ) {
        this.auto.hersteller = hersteller;
        return this;
    }

}

	at com.github.funthomas424242.rades.annotations.processors.RadesBuilderProcessorTest.processAuto(RadesBuilderProcessorTest.java:197)

Running com.github.funthomas424242.rades.annotations.processors.RadesBuilderIntegrationTest
Tests run: 7, Failures: 0, Errors: 0, Skipped: 0, Time elapsed: 0.39 sec - in com.github.funthomas424242.rades.annotations.processors.RadesBuilderIntegrationTest
Running com.github.funthomas424242.rades.annotations.lang.java.JavaModelHelperTest
Tests run: 3, Failures: 0, Errors: 0, Skipped: 0, Time elapsed: 0.025 sec - in com.github.funthomas424242.rades.annotations.lang.java.JavaModelHelperTest

Results :

Failed tests: 
  RadesBuilderProcessorTest.processAuto:197 Not true that </SOURCE_OUTPUT/com/github/funthomas424242/domain/CarBuilder.java> is equivalent to </scratch/dginelli/workspace/repairnator-repairnator-experiments-FunThomas424242-rades-annotations-363795989-20180408-175223-firstCommit/src/test/expectations/CarBuilder.java>.

Diffs:
======

Found 10 nodes that differed in expected and actual trees. 

> Difference in expected tree and actual tree.
  Expected node: Line 43 COMPILATION_UNIT->CLASS(CarBuilder)->METHOD(withMotor)
  Actual node: Line 43 COMPILATION_UNIT->CLASS(CarBuilder)->METHOD(withTyp)
  Expected method name to be <withMotor> but was <withTyp>.

> Difference in expected tree and actual tree.
  Expected node: Line 43 COMPILATION_UNIT->CLASS(CarBuilder)->METHOD(withMotor)->VARIABLE(motor)
  Actual node: Line 43 COMPILATION_UNIT->CLASS(CarBuilder)->METHOD(withTyp)->VARIABLE(typ)
  Expected variable name to be <motor> but was <typ>.

> Difference in expected tree and actual tree.
  Expected node: Line 43 COMPILATION_UNIT->CLASS(CarBuilder)->METHOD(withMotor)->VARIABLE(motor)->MEMBER_SELECT(Object)
  Actual node: Line 43 COMPILATION_UNIT->CLASS(CarBuilder)->METHOD(withTyp)->VARIABLE(typ)->MEMBER_SELECT(String)
  Expected member identifier to be <Object> but was <String>.

> Difference in expected tree and actual tree.
  Expected node: Line 44 COMPILATION_UNIT->CLASS(CarBuilder)->METHOD(withMotor)->BLOCK(non-static)->EXPRESSION_STATEMENT->ASSIGNMENT->MEMBER_SELECT(motor)
  Actual node: Line 44 COMPILATION_UNIT->CLASS(CarBuilder)->METHOD(withTyp)->BLOCK(non-static)->EXPRESSION_STATEMENT->ASSIGNMENT->MEMBER_SELECT(typ)
  Expected member identifier to be <motor> but was <typ>.

> Difference in expected tree and actual tree.
  Expected node: Line 44 COMPILATION_UNIT->CLASS(CarBuilder)->METHOD(withMotor)->BLOCK(non-static)->EXPRESSION_STATEMENT->ASSIGNMENT->IDENTIFIER(motor)
  Actual node: Line 44 COMPILATION_UNIT->CLASS(CarBuilder)->METHOD(withTyp)->BLOCK(non-static)->EXPRESSION_STATEMENT->ASSIGNMENT->IDENTIFIER(typ)
  Expected identifier to be <motor> but was <typ>.

> Difference in expected tree and actual tree.
  Expected node: Line 48 COMPILATION_UNIT->CLASS(CarBuilder)->METHOD(withTyp)
  Actual node: Line 48 COMPILATION_UNIT->CLASS(CarBuilder)->METHOD(withMotor)
  Expected method name to be <withTyp> but was <withMotor>.

> Difference in expected tree and actual tree.
  Expected node: Line 48 COMPILATION_UNIT->CLASS(CarBuilder)->METHOD(withTyp)->VARIABLE(typ)
  Actual node: Line 48 COMPILATION_UNIT->CLASS(CarBuilder)->METHOD(withMotor)->VARIABLE(motor)
  Expected variable name to be <typ> but was <motor>.

> Difference in expected tree and actual tree.
  Expected node: Line 48 COMPILATION_UNIT->CLASS(CarBuilder)->METHOD(withTyp)->VARIABLE(typ)->MEMBER_SELECT(String)
  Actual node: Line 48 COMPILATION_UNIT->CLASS(CarBuilder)->METHOD(withMotor)->VARIABLE(motor)->MEMBER_SELECT(Object)
  Expected member identifier to be <String> but was <Object>.

> Difference in expected tree and actual tree.
  Expected node: Line 49 COMPILATION_UNIT->CLASS(CarBuilder)->METHOD(withTyp)->BLOCK(non-static)->EXPRESSION_STATEMENT->ASSIGNMENT->MEMBER_SELECT(typ)
  Actual node: Line 49 COMPILATION_UNIT->CLASS(CarBuilder)->METHOD(withMotor)->BLOCK(non-static)->EXPRESSION_STATEMENT->ASSIGNMENT->MEMBER_SELECT(motor)
  Expected member identifier to be <typ> but was <motor>.

> Difference in expected tree and actual tree.
  Expected node: Line 49 COMPILATION_UNIT->CLASS(CarBuilder)->METHOD(withTyp)->BLOCK(non-static)->EXPRESSION_STATEMENT->ASSIGNMENT->IDENTIFIER(typ)
  Actual node: Line 49 COMPILATION_UNIT->CLASS(CarBuilder)->METHOD(withMotor)->BLOCK(non-static)->EXPRESSION_STATEMENT->ASSIGNMENT->IDENTIFIER(motor)
  Expected identifier to be <typ> but was <motor>.


Expected Source:
================

package com.github.funthomas424242.domain;
import javax.annotation.Generated;
import org.apache.commons.lang3.StringUtils;

import javax.validation.ConstraintViolation;
import javax.validation.Validation;
import javax.validation.ValidationException;
import javax.validation.Validator;

@Generated(value="com.github.funthomas424242.rades.annotations.processors.RadesBuilderProcessor"
        , date="2018-04-06T20:36:46.750"
        , comments="com.github.funthomas424242.domain.Auto")
public class CarBuilder {

    private Auto auto;

    public CarBuilder(){
        this(new Auto());
    }

    public CarBuilder( final Auto auto ){
        this.auto = auto;
    }

    public Auto build() {
        final Validator validator = Validation.buildDefaultValidatorFactory().getValidator();
        final java.util.Set<ConstraintViolation<Auto>> constraintViolations = validator.validate(this.auto);

        if (constraintViolations.size() > 0) {
            java.util.Set<String> violationMessages = new java.util.HashSet<String>();

            for (ConstraintViolation<?> constraintViolation : constraintViolations) {
                violationMessages.add(constraintViolation.getPropertyPath() + ": " + constraintViolation.getMessage());
            }

            throw new ValidationException("Auto is not valid:\n" + StringUtils.join(violationMessages, "\n"));
        }
        final Auto value = this.auto;
        this.auto = null;
        return value;
    }

    public CarBuilder withMotor( final java.lang.Object motor ) {
        this.auto.motor = motor;
        return this;
    }

    public CarBuilder withTyp( final java.lang.String typ ) {
        this.auto.typ = typ;
        return this;
    }

    public CarBuilder withHersteller( final java.lang.String hersteller ) {
        this.auto.hersteller = hersteller;
        return this;
    }

}


Actual Source:
==============

package com.github.funthomas424242.domain;
import javax.annotation.Generated;
import org.apache.commons.lang3.StringUtils;

import javax.validation.ConstraintViolation;
import javax.validation.Validation;
import javax.validation.ValidationException;
import javax.validation.Validator;

@Generated(value="com.github.funthomas424242.rades.annotations.processors.RadesBuilderProcessor"
, date="2018-04-06T20:36:46.750"
, comments="com.github.funthomas424242.domain.Auto")
public class CarBuilder {

    private Auto auto;

    public CarBuilder(){
        this(new Auto());
    }

    public CarBuilder( final Auto auto ){
        this.auto = auto;
    }

    public Auto build() {
        final Validator validator = Validation.buildDefaultValidatorFactory().getValidator();
        final java.util.Set<ConstraintViolation<Auto>> constraintViolations = validator.validate(this.auto);

        if (constraintViolations.size() > 0) {
            java.util.Set<String> violationMessages = new java.util.HashSet<String>();

            for (ConstraintViolation<?> constraintViolation : constraintViolations) {
                violationMessages.add(constraintViolation.getPropertyPath() + ": " + constraintViolation.getMessage());
            }

            throw new ValidationException("Auto is not valid:\n" + StringUtils.join(violationMessages, "\n"));
        }
        final Auto value = this.auto;
        this.auto = null;
        return value;
    }

    public CarBuilder withTyp( final java.lang.String typ ) {
        this.auto.typ = typ;
        return this;
    }

    public CarBuilder withMotor( final java.lang.Object motor ) {
        this.auto.motor = motor;
        return this;
    }

    public CarBuilder withHersteller( final java.lang.String hersteller ) {
        this.auto.hersteller = hersteller;
        return this;
    }

}


Tests run: 18, Failures: 1, Errors: 0, Skipped: 0

[INFO] ------------------------------------------------------------------------
[INFO] BUILD FAILURE
[INFO] ------------------------------------------------------------------------
[INFO] Total time: 13.156 s
[INFO] Finished at: 2020-02-15T14:46:43+01:00
[INFO] Final Memory: 17M/67M
[INFO] ------------------------------------------------------------------------
[ERROR] Failed to execute goal org.apache.maven.plugins:maven-surefire-plugin:2.19.1:test (default-test) on project rades-annotations: There are test failures.
[ERROR] 
[ERROR] Please refer to /scratch/dginelli/workspace/repairnator-repairnator-experiments-FunThomas424242-rades-annotations-363795989-20180408-175223-firstCommit/target/surefire-reports for the individual test results.
[ERROR] -> [Help 1]
org.apache.maven.lifecycle.LifecycleExecutionException: Failed to execute goal org.apache.maven.plugins:maven-surefire-plugin:2.19.1:test (default-test) on project rades-annotations: There are test failures.

Please refer to /scratch/dginelli/workspace/repairnator-repairnator-experiments-FunThomas424242-rades-annotations-363795989-20180408-175223-firstCommit/target/surefire-reports for the individual test results.
	at org.apache.maven.lifecycle.internal.MojoExecutor.execute(MojoExecutor.java:212)
	at org.apache.maven.lifecycle.internal.MojoExecutor.execute(MojoExecutor.java:153)
	at org.apache.maven.lifecycle.internal.MojoExecutor.execute(MojoExecutor.java:145)
	at org.apache.maven.lifecycle.internal.LifecycleModuleBuilder.buildProject(LifecycleModuleBuilder.java:116)
	at org.apache.maven.lifecycle.internal.LifecycleModuleBuilder.buildProject(LifecycleModuleBuilder.java:80)
	at org.apache.maven.lifecycle.internal.builder.singlethreaded.SingleThreadedBuilder.build(SingleThreadedBuilder.java:51)
	at org.apache.maven.lifecycle.internal.LifecycleStarter.execute(LifecycleStarter.java:128)
	at org.apache.maven.DefaultMaven.doExecute(DefaultMaven.java:307)
	at org.apache.maven.DefaultMaven.doExecute(DefaultMaven.java:193)
	at org.apache.maven.DefaultMaven.execute(DefaultMaven.java:106)
	at org.apache.maven.cli.MavenCli.execute(MavenCli.java:863)
	at org.apache.maven.cli.MavenCli.doMain(MavenCli.java:288)
	at org.apache.maven.cli.MavenCli.main(MavenCli.java:199)
	at sun.reflect.NativeMethodAccessorImpl.invoke0(Native Method)
	at sun.reflect.NativeMethodAccessorImpl.invoke(NativeMethodAccessorImpl.java:62)
	at sun.reflect.DelegatingMethodAccessorImpl.invoke(DelegatingMethodAccessorImpl.java:43)
	at java.lang.reflect.Method.invoke(Method.java:498)
	at org.codehaus.plexus.classworlds.launcher.Launcher.launchEnhanced(Launcher.java:289)
	at org.codehaus.plexus.classworlds.launcher.Launcher.launch(Launcher.java:229)
	at org.codehaus.plexus.classworlds.launcher.Launcher.mainWithExitCode(Launcher.java:415)
	at org.codehaus.plexus.classworlds.launcher.Launcher.main(Launcher.java:356)
Caused by: org.apache.maven.plugin.MojoFailureException: There are test failures.

Please refer to /scratch/dginelli/workspace/repairnator-repairnator-experiments-FunThomas424242-rades-annotations-363795989-20180408-175223-firstCommit/target/surefire-reports for the individual test results.
	at org.apache.maven.plugin.surefire.SurefireHelper.reportExecution(SurefireHelper.java:91)
	at org.apache.maven.plugin.surefire.SurefirePlugin.handleSummary(SurefirePlugin.java:320)
	at org.apache.maven.plugin.surefire.AbstractSurefireMojo.executeAfterPreconditionsChecked(AbstractSurefireMojo.java:892)
	at org.apache.maven.plugin.surefire.AbstractSurefireMojo.execute(AbstractSurefireMojo.java:755)
	at org.apache.maven.plugin.DefaultBuildPluginManager.executeMojo(DefaultBuildPluginManager.java:134)
	at org.apache.maven.lifecycle.internal.MojoExecutor.execute(MojoExecutor.java:207)
	... 20 more
[ERROR] 
[ERROR] Re-run Maven using the -X switch to enable full debug logging.
[ERROR] 
[ERROR] For more information about the errors and possible solutions, please read the following articles:
[ERROR] [Help 1] http://cwiki.apache.org/confluence/display/MAVEN/MojoFailureException
