{
  "totalNumberSkippingTests": 0,
  "bugType": "only_fail",
  "totalNumberErroringTests": 0,
  "repo": "BradleyWood/Software-Quality-Test-Framework",
  "bugCommit": "https://github.com/BradleyWood/Software-Quality-Test-Framework/compare/e23b72ddde65...1392f1bfd1ba",
  "failingModule": "/root/workspace/BradleyWood/Software-Quality-Test-Framework/351075282",
  "hostname": "spirals-vortex.lille.inria.fr",
  "totalNumberFailingTests": 1,
  "error-types": [
    "java.lang.AssertionError"
  ],
  "totalNumberRunningTests": 15,
  "failing-test-cases": [
    {
      "className": "org.sqtf.TestClassTest",
      "failingMethods": [
        "org.sqtf.TestClassTest#testSqtfClass[class org.sqtf.testclasses.ParameterizedTest]"
      ],
      "erroringMethods": [],
      "failures": [
        {
          "failureName": "java.lang.AssertionError",
          "failureDetail": "A test failed that should have passed: org.sqtf.testclasses.ParameterizedTest parameterizedAdd",
          "isError": false
        }
      ],
      "nbFailures": 1,
      "nbErrors": 0
    }
  ]
}