[INFO] Error stacktraces are turned on.
[INFO] Scanning for projects...
[INFO]                                                                         
[INFO] ------------------------------------------------------------------------
[INFO] Building audible 1.0-SNAPSHOT
[INFO] ------------------------------------------------------------------------
[INFO] 
[INFO] --- maven-resources-plugin:2.6:resources (default-resources) @ audible ---
[INFO] Using 'UTF-8' encoding to copy filtered resources.
[INFO] skip non existing resourceDirectory /scratch/dginelli/workspace/repairnator-repairnator-experiments-AudibleAppliances-AudibleAppliances-347728032-20180301-125654-firstCommit/src/main/resources
[INFO] 
[INFO] --- maven-compiler-plugin:3.2:compile (default-compile) @ audible ---
[INFO] Nothing to compile - all classes are up to date
[INFO] 
[INFO] --- build-helper-maven-plugin:1.9.1:add-test-source (add-integration-test-source-as-test-sources) @ audible ---
[INFO] Test Source directory: /scratch/dginelli/workspace/repairnator-repairnator-experiments-AudibleAppliances-AudibleAppliances-347728032-20180301-125654-firstCommit/src/it/java added.
[INFO] 
[INFO] --- maven-resources-plugin:2.6:testResources (default-testResources) @ audible ---
[INFO] Using 'UTF-8' encoding to copy filtered resources.
[INFO] Copying 3 resources
[INFO] 
[INFO] --- maven-compiler-plugin:3.2:testCompile (default-testCompile) @ audible ---
[INFO] Nothing to compile - all classes are up to date
[INFO] 
[INFO] --- maven-surefire-plugin:2.17:test (default-test) @ audible ---
[INFO] Surefire report directory: /scratch/dginelli/workspace/repairnator-repairnator-experiments-AudibleAppliances-AudibleAppliances-347728032-20180301-125654-firstCommit/target/surefire-reports
[INFO] Downloading: https://repo.maven.apache.org/maven2/org/apache/maven/surefire/surefire-junit4/2.17/surefire-junit4-2.17.pom
[INFO] Downloaded: https://repo.maven.apache.org/maven2/org/apache/maven/surefire/surefire-junit4/2.17/surefire-junit4-2.17.pom (3 KB at 6.2 KB/sec)
[INFO] Downloading: https://repo.maven.apache.org/maven2/org/apache/maven/surefire/surefire-providers/2.17/surefire-providers-2.17.pom
[INFO] Downloaded: https://repo.maven.apache.org/maven2/org/apache/maven/surefire/surefire-providers/2.17/surefire-providers-2.17.pom (3 KB at 61.1 KB/sec)
[INFO] Downloading: https://repo.maven.apache.org/maven2/org/apache/maven/surefire/surefire-junit4/2.17/surefire-junit4-2.17.jar
[INFO] Downloaded: https://repo.maven.apache.org/maven2/org/apache/maven/surefire/surefire-junit4/2.17/surefire-junit4-2.17.jar (63 KB at 1336.4 KB/sec)

-------------------------------------------------------
 T E S T S
-------------------------------------------------------
Running uk.ac.cam.groupprojects.bravo.model.numbers.LevelTest
Tests run: 2, Failures: 0, Errors: 0, Skipped: 0, Time elapsed: 0.131 sec - in uk.ac.cam.groupprojects.bravo.model.numbers.LevelTest
Running uk.ac.cam.groupprojects.bravo.model.numbers.SpeedTest
Tests run: 2, Failures: 1, Errors: 0, Skipped: 0, Time elapsed: 0.009 sec <<< FAILURE! - in uk.ac.cam.groupprojects.bravo.model.numbers.SpeedTest
testOutput(uk.ac.cam.groupprojects.bravo.model.numbers.SpeedTest)  Time elapsed: 0.007 sec  <<< FAILURE!
org.junit.ComparisonFailure: expected:<...tly cycling at 50.4 [kilometr]es per hour> but was:<...tly cycling at 50.4 [mil]es per hour>
	at org.junit.Assert.assertEquals(Assert.java:115)
	at org.junit.Assert.assertEquals(Assert.java:144)
	at uk.ac.cam.groupprojects.bravo.model.numbers.SpeedTest.testOutput(SpeedTest.java:25)

Running uk.ac.cam.groupprojects.bravo.model.numbers.ProgramTest
Tests run: 2, Failures: 0, Errors: 0, Skipped: 0, Time elapsed: 0.01 sec - in uk.ac.cam.groupprojects.bravo.model.numbers.ProgramTest
Running uk.ac.cam.groupprojects.bravo.model.numbers.TimeTest
Tests run: 2, Failures: 0, Errors: 0, Skipped: 0, Time elapsed: 0.005 sec - in uk.ac.cam.groupprojects.bravo.model.numbers.TimeTest
Running uk.ac.cam.groupprojects.bravo.model.numbers.CaloriesTest
Tests run: 2, Failures: 0, Errors: 0, Skipped: 0, Time elapsed: 0.003 sec - in uk.ac.cam.groupprojects.bravo.model.numbers.CaloriesTest
Running uk.ac.cam.groupprojects.bravo.model.numbers.RPMTest
Tests run: 2, Failures: 0, Errors: 0, Skipped: 0, Time elapsed: 0.008 sec - in uk.ac.cam.groupprojects.bravo.model.numbers.RPMTest
Running uk.ac.cam.groupprojects.bravo.model.numbers.WattTest
Tests run: 2, Failures: 0, Errors: 0, Skipped: 0, Time elapsed: 0.005 sec - in uk.ac.cam.groupprojects.bravo.model.numbers.WattTest
Running uk.ac.cam.groupprojects.bravo.model.numbers.PulseTest
Tests run: 2, Failures: 0, Errors: 0, Skipped: 0, Time elapsed: 0.006 sec - in uk.ac.cam.groupprojects.bravo.model.numbers.PulseTest
Running uk.ac.cam.groupprojects.bravo.model.numbers.DistanceTest
Tests run: 2, Failures: 0, Errors: 0, Skipped: 0, Time elapsed: 0.006 sec - in uk.ac.cam.groupprojects.bravo.model.numbers.DistanceTest
Running uk.ac.cam.groupprojects.bravo.model.screen.LCDTest
Tests run: 3, Failures: 0, Errors: 0, Skipped: 0, Time elapsed: 0.016 sec - in uk.ac.cam.groupprojects.bravo.model.screen.LCDTest
Running uk.ac.cam.groupprojects.bravo.model.screen.LCDFunctionTest
Tests run: 2, Failures: 0, Errors: 0, Skipped: 0, Time elapsed: 0.025 sec - in uk.ac.cam.groupprojects.bravo.model.screen.LCDFunctionTest
Running uk.ac.cam.groupprojects.bravo.tts.SynthesiserTest
Unit tests working
Tests run: 1, Failures: 0, Errors: 0, Skipped: 0, Time elapsed: 0.002 sec - in uk.ac.cam.groupprojects.bravo.tts.SynthesiserTest
Running uk.ac.cam.groupprojects.bravo.config.ConfigDataTest
Tests run: 1, Failures: 0, Errors: 0, Skipped: 0, Time elapsed: 0.064 sec - in uk.ac.cam.groupprojects.bravo.config.ConfigDataTest

Results :

Failed tests: 
  SpeedTest.testOutput:25 expected:<...tly cycling at 50.4 [kilometr]es per hour> but was:<...tly cycling at 50.4 [mil]es per hour>

Tests run: 25, Failures: 1, Errors: 0, Skipped: 0

[INFO] ------------------------------------------------------------------------
[INFO] BUILD FAILURE
[INFO] ------------------------------------------------------------------------
[INFO] Total time: 4.261 s
[INFO] Finished at: 2020-02-15T14:45:51+01:00
[INFO] Final Memory: 14M/67M
[INFO] ------------------------------------------------------------------------
[ERROR] Failed to execute goal org.apache.maven.plugins:maven-surefire-plugin:2.17:test (default-test) on project audible: There are test failures.
[ERROR] 
[ERROR] Please refer to /scratch/dginelli/workspace/repairnator-repairnator-experiments-AudibleAppliances-AudibleAppliances-347728032-20180301-125654-firstCommit/target/surefire-reports for the individual test results.
[ERROR] -> [Help 1]
org.apache.maven.lifecycle.LifecycleExecutionException: Failed to execute goal org.apache.maven.plugins:maven-surefire-plugin:2.17:test (default-test) on project audible: There are test failures.

Please refer to /scratch/dginelli/workspace/repairnator-repairnator-experiments-AudibleAppliances-AudibleAppliances-347728032-20180301-125654-firstCommit/target/surefire-reports for the individual test results.
	at org.apache.maven.lifecycle.internal.MojoExecutor.execute(MojoExecutor.java:212)
	at org.apache.maven.lifecycle.internal.MojoExecutor.execute(MojoExecutor.java:153)
	at org.apache.maven.lifecycle.internal.MojoExecutor.execute(MojoExecutor.java:145)
	at org.apache.maven.lifecycle.internal.LifecycleModuleBuilder.buildProject(LifecycleModuleBuilder.java:116)
	at org.apache.maven.lifecycle.internal.LifecycleModuleBuilder.buildProject(LifecycleModuleBuilder.java:80)
	at org.apache.maven.lifecycle.internal.builder.singlethreaded.SingleThreadedBuilder.build(SingleThreadedBuilder.java:51)
	at org.apache.maven.lifecycle.internal.LifecycleStarter.execute(LifecycleStarter.java:128)
	at org.apache.maven.DefaultMaven.doExecute(DefaultMaven.java:307)
	at org.apache.maven.DefaultMaven.doExecute(DefaultMaven.java:193)
	at org.apache.maven.DefaultMaven.execute(DefaultMaven.java:106)
	at org.apache.maven.cli.MavenCli.execute(MavenCli.java:863)
	at org.apache.maven.cli.MavenCli.doMain(MavenCli.java:288)
	at org.apache.maven.cli.MavenCli.main(MavenCli.java:199)
	at sun.reflect.NativeMethodAccessorImpl.invoke0(Native Method)
	at sun.reflect.NativeMethodAccessorImpl.invoke(NativeMethodAccessorImpl.java:62)
	at sun.reflect.DelegatingMethodAccessorImpl.invoke(DelegatingMethodAccessorImpl.java:43)
	at java.lang.reflect.Method.invoke(Method.java:498)
	at org.codehaus.plexus.classworlds.launcher.Launcher.launchEnhanced(Launcher.java:289)
	at org.codehaus.plexus.classworlds.launcher.Launcher.launch(Launcher.java:229)
	at org.codehaus.plexus.classworlds.launcher.Launcher.mainWithExitCode(Launcher.java:415)
	at org.codehaus.plexus.classworlds.launcher.Launcher.main(Launcher.java:356)
Caused by: org.apache.maven.plugin.MojoFailureException: There are test failures.

Please refer to /scratch/dginelli/workspace/repairnator-repairnator-experiments-AudibleAppliances-AudibleAppliances-347728032-20180301-125654-firstCommit/target/surefire-reports for the individual test results.
	at org.apache.maven.plugin.surefire.SurefireHelper.reportExecution(SurefireHelper.java:82)
	at org.apache.maven.plugin.surefire.SurefirePlugin.handleSummary(SurefirePlugin.java:195)
	at org.apache.maven.plugin.surefire.AbstractSurefireMojo.executeAfterPreconditionsChecked(AbstractSurefireMojo.java:861)
	at org.apache.maven.plugin.surefire.AbstractSurefireMojo.execute(AbstractSurefireMojo.java:729)
	at org.apache.maven.plugin.DefaultBuildPluginManager.executeMojo(DefaultBuildPluginManager.java:134)
	at org.apache.maven.lifecycle.internal.MojoExecutor.execute(MojoExecutor.java:207)
	... 20 more
[ERROR] 
[ERROR] Re-run Maven using the -X switch to enable full debug logging.
[ERROR] 
[ERROR] For more information about the errors and possible solutions, please read the following articles:
[ERROR] [Help 1] http://cwiki.apache.org/confluence/display/MAVEN/MojoFailureException
