05:14:27.718 [main] DEBUG f.i.s.r.process.step.TestProject - Launching tests with maven...
05:14:29.566 [Thread-8] DEBUG f.i.s.r.p.m.o.MavenFilterTestOutputHandler - [INFO] Scanning for projects...
05:14:30.662 [Thread-8] DEBUG f.i.s.r.p.m.o.MavenFilterTestOutputHandler - [INFO] ------------------------------------------------------------------------
05:14:30.662 [Thread-8] DEBUG f.i.s.r.p.m.o.MavenFilterTestOutputHandler - [INFO] Reactor Build Order:
05:14:30.662 [Thread-8] DEBUG f.i.s.r.p.m.o.MavenFilterTestOutputHandler - [INFO]
05:14:30.662 [Thread-8] DEBUG f.i.s.r.p.m.o.MavenFilterTestOutputHandler - [INFO] io.druid:druid
05:14:30.662 [Thread-8] DEBUG f.i.s.r.p.m.o.MavenFilterTestOutputHandler - [INFO] java-util
05:14:30.662 [Thread-8] DEBUG f.i.s.r.p.m.o.MavenFilterTestOutputHandler - [INFO] druid-api
05:14:30.662 [Thread-8] DEBUG f.i.s.r.p.m.o.MavenFilterTestOutputHandler - [INFO] druid-common
05:14:30.662 [Thread-8] DEBUG f.i.s.r.p.m.o.MavenFilterTestOutputHandler - [INFO] druid-hll
05:14:30.662 [Thread-8] DEBUG f.i.s.r.p.m.o.MavenFilterTestOutputHandler - [INFO] extendedset
05:14:30.662 [Thread-8] DEBUG f.i.s.r.p.m.o.MavenFilterTestOutputHandler - [INFO] bytebuffer-collections
05:14:30.662 [Thread-8] DEBUG f.i.s.r.p.m.o.MavenFilterTestOutputHandler - [INFO] druid-processing
05:14:30.662 [Thread-8] DEBUG f.i.s.r.p.m.o.MavenFilterTestOutputHandler - [INFO] druid-aws-common
05:14:30.662 [Thread-8] DEBUG f.i.s.r.p.m.o.MavenFilterTestOutputHandler - [INFO] druid-server
05:14:30.662 [Thread-8] DEBUG f.i.s.r.p.m.o.MavenFilterTestOutputHandler - [INFO] druid-examples
05:14:30.662 [Thread-8] DEBUG f.i.s.r.p.m.o.MavenFilterTestOutputHandler - [INFO] druid-indexing-hadoop
05:14:30.662 [Thread-8] DEBUG f.i.s.r.p.m.o.MavenFilterTestOutputHandler - [INFO] druid-indexing-service
05:14:30.662 [Thread-8] DEBUG f.i.s.r.p.m.o.MavenFilterTestOutputHandler - [INFO] druid-sql
05:14:30.662 [Thread-8] DEBUG f.i.s.r.p.m.o.MavenFilterTestOutputHandler - [INFO] druid-services
05:14:30.662 [Thread-8] DEBUG f.i.s.r.p.m.o.MavenFilterTestOutputHandler - [INFO] druid-s3-extensions
05:14:30.662 [Thread-8] DEBUG f.i.s.r.p.m.o.MavenFilterTestOutputHandler - [INFO] druid-datasketches
05:14:30.662 [Thread-8] DEBUG f.i.s.r.p.m.o.MavenFilterTestOutputHandler - [INFO] druid-kafka-eight
05:14:30.662 [Thread-8] DEBUG f.i.s.r.p.m.o.MavenFilterTestOutputHandler - [INFO] druid-histogram
05:14:30.662 [Thread-8] DEBUG f.i.s.r.p.m.o.MavenFilterTestOutputHandler - [INFO] mysql-metadata-storage
05:14:30.662 [Thread-8] DEBUG f.i.s.r.p.m.o.MavenFilterTestOutputHandler - [INFO] druid-kafka-indexing-service
05:14:30.662 [Thread-8] DEBUG f.i.s.r.p.m.o.MavenFilterTestOutputHandler - [INFO] druid-integration-tests
05:14:30.662 [Thread-8] DEBUG f.i.s.r.p.m.o.MavenFilterTestOutputHandler - [INFO] druid-benchmarks
05:14:30.662 [Thread-8] DEBUG f.i.s.r.p.m.o.MavenFilterTestOutputHandler - [INFO] druid-avro-extensions
05:14:30.662 [Thread-8] DEBUG f.i.s.r.p.m.o.MavenFilterTestOutputHandler - [INFO] druid-kerberos
05:14:30.662 [Thread-8] DEBUG f.i.s.r.p.m.o.MavenFilterTestOutputHandler - [INFO] druid-hdfs-storage
05:14:30.662 [Thread-8] DEBUG f.i.s.r.p.m.o.MavenFilterTestOutputHandler - [INFO] druid-stats
05:14:30.663 [Thread-8] DEBUG f.i.s.r.p.m.o.MavenFilterTestOutputHandler - [INFO] druid-lookups-cached-global
05:14:30.663 [Thread-8] DEBUG f.i.s.r.p.m.o.MavenFilterTestOutputHandler - [INFO] druid-kafka-extraction-namespace
05:14:30.663 [Thread-8] DEBUG f.i.s.r.p.m.o.MavenFilterTestOutputHandler - [INFO] postgresql-metadata-storage
05:14:30.663 [Thread-8] DEBUG f.i.s.r.p.m.o.MavenFilterTestOutputHandler - [INFO] druid-protobuf-extensions
05:14:30.663 [Thread-8] DEBUG f.i.s.r.p.m.o.MavenFilterTestOutputHandler - [INFO] druid-lookups-cached-single
05:14:30.663 [Thread-8] DEBUG f.i.s.r.p.m.o.MavenFilterTestOutputHandler - [INFO] simple-client-sslcontext
05:14:30.663 [Thread-8] DEBUG f.i.s.r.p.m.o.MavenFilterTestOutputHandler - [INFO] druid-azure-extensions
05:14:30.663 [Thread-8] DEBUG f.i.s.r.p.m.o.MavenFilterTestOutputHandler - [INFO] druid-cassandra-storage
05:14:30.663 [Thread-8] DEBUG f.i.s.r.p.m.o.MavenFilterTestOutputHandler - [INFO] druid-rocketmq
05:14:30.663 [Thread-8] DEBUG f.i.s.r.p.m.o.MavenFilterTestOutputHandler - [INFO] druid-cloudfiles-extensions
05:14:30.663 [Thread-8] DEBUG f.i.s.r.p.m.o.MavenFilterTestOutputHandler - [INFO] graphite-emitter
05:14:30.663 [Thread-8] DEBUG f.i.s.r.p.m.o.MavenFilterTestOutputHandler - [INFO] druid-kafka-eight-simple-consumer
05:14:30.663 [Thread-8] DEBUG f.i.s.r.p.m.o.MavenFilterTestOutputHandler - [INFO] druid-rabbitmq
05:14:30.663 [Thread-8] DEBUG f.i.s.r.p.m.o.MavenFilterTestOutputHandler - [INFO] druid-distinctcount
05:14:30.663 [Thread-8] DEBUG f.i.s.r.p.m.o.MavenFilterTestOutputHandler - [INFO] druid-parquet-extensions
05:14:30.663 [Thread-8] DEBUG f.i.s.r.p.m.o.MavenFilterTestOutputHandler - [INFO] statsd-emitter
05:14:30.663 [Thread-8] DEBUG f.i.s.r.p.m.o.MavenFilterTestOutputHandler - [INFO] druid-orc-extensions
05:14:30.663 [Thread-8] DEBUG f.i.s.r.p.m.o.MavenFilterTestOutputHandler - [INFO] druid-time-min-max
05:14:30.663 [Thread-8] DEBUG f.i.s.r.p.m.o.MavenFilterTestOutputHandler - [INFO] druid-google-extensions
05:14:30.663 [Thread-8] DEBUG f.i.s.r.p.m.o.MavenFilterTestOutputHandler - [INFO] druid-virtual-columns
05:14:30.663 [Thread-8] DEBUG f.i.s.r.p.m.o.MavenFilterTestOutputHandler - [INFO] druid-thrift-extensions
05:14:30.663 [Thread-8] DEBUG f.i.s.r.p.m.o.MavenFilterTestOutputHandler - [INFO] ambari-metrics-emitter
05:14:30.663 [Thread-8] DEBUG f.i.s.r.p.m.o.MavenFilterTestOutputHandler - [INFO] sqlserver-metadata-storage
05:14:30.663 [Thread-8] DEBUG f.i.s.r.p.m.o.MavenFilterTestOutputHandler - [INFO] kafka-emitter
05:14:30.663 [Thread-8] DEBUG f.i.s.r.p.m.o.MavenFilterTestOutputHandler - [INFO] druid-redis-cache
05:14:30.663 [Thread-8] DEBUG f.i.s.r.p.m.o.MavenFilterTestOutputHandler - [INFO] distribution
05:14:30.679 [Thread-8] DEBUG f.i.s.r.p.m.o.MavenFilterTestOutputHandler - [INFO]
05:14:30.679 [Thread-8] DEBUG f.i.s.r.p.m.o.MavenFilterTestOutputHandler - [INFO] ------------------------------------------------------------------------
05:14:30.679 [Thread-8] DEBUG f.i.s.r.p.m.o.MavenFilterTestOutputHandler - [INFO] Building io.druid:druid 0.11.1-SNAPSHOT
05:14:30.679 [Thread-8] DEBUG f.i.s.r.p.m.o.MavenFilterTestOutputHandler - [INFO] ------------------------------------------------------------------------
05:14:30.931 [Thread-8] DEBUG f.i.s.r.p.m.o.MavenFilterTestOutputHandler - [INFO]
05:14:30.931 [Thread-8] DEBUG f.i.s.r.p.m.o.MavenFilterTestOutputHandler - [INFO] --- maven-checkstyle-plugin:2.17:check (validate) @ druid ---
05:14:31.818 [Thread-8] DEBUG f.i.s.r.p.m.o.MavenFilterTestOutputHandler - [INFO]
05:14:31.818 [Thread-8] DEBUG f.i.s.r.p.m.o.MavenFilterTestOutputHandler - [INFO] >>> maven-pmd-plugin:3.8:check (validate) > :pmd @ druid >>>
05:14:31.829 [Thread-8] DEBUG f.i.s.r.p.m.o.MavenFilterTestOutputHandler - [INFO]
05:14:31.829 [Thread-8] DEBUG f.i.s.r.p.m.o.MavenFilterTestOutputHandler - [INFO] --- maven-pmd-plugin:3.8:pmd (pmd) @ druid ---
05:14:32.245 [Thread-8] DEBUG f.i.s.r.p.m.o.MavenFilterTestOutputHandler - [INFO]
05:14:32.245 [Thread-8] DEBUG f.i.s.r.p.m.o.MavenFilterTestOutputHandler - [INFO] <<< maven-pmd-plugin:3.8:check (validate) < :pmd @ druid <<<
05:14:32.245 [Thread-8] DEBUG f.i.s.r.p.m.o.MavenFilterTestOutputHandler - [INFO]
05:14:32.246 [Thread-8] DEBUG f.i.s.r.p.m.o.MavenFilterTestOutputHandler - [INFO] --- maven-pmd-plugin:3.8:check (validate) @ druid ---
05:14:32.246 [Thread-8] DEBUG f.i.s.r.p.m.o.MavenFilterTestOutputHandler - [INFO]
05:14:32.246 [Thread-8] DEBUG f.i.s.r.p.m.o.MavenFilterTestOutputHandler - [INFO] --- forbiddenapis:2.3:check (validate) @ druid ---
05:14:32.292 [Thread-8] DEBUG f.i.s.r.p.m.o.MavenFilterTestOutputHandler - [INFO] Skipping execution for packaging "pom"
05:14:32.293 [Thread-8] DEBUG f.i.s.r.p.m.o.MavenFilterTestOutputHandler - [INFO]
05:14:32.293 [Thread-8] DEBUG f.i.s.r.p.m.o.MavenFilterTestOutputHandler - [INFO] --- forbiddenapis:2.3:testCheck (testValidate) @ druid ---
05:14:32.296 [Thread-8] DEBUG f.i.s.r.p.m.o.MavenFilterTestOutputHandler - [INFO] Skipping execution for packaging "pom"
05:14:32.296 [Thread-8] DEBUG f.i.s.r.p.m.o.MavenFilterTestOutputHandler - [INFO]
05:14:32.296 [Thread-8] DEBUG f.i.s.r.p.m.o.MavenFilterTestOutputHandler - [INFO] --- maven-enforcer-plugin:1.4.1:enforce (enforce-banned-dependencies) @ druid ---
05:14:32.576 [Thread-8] DEBUG f.i.s.r.p.m.o.MavenFilterTestOutputHandler - [INFO] Skipping Rule Enforcement.
05:14:32.577 [Thread-8] DEBUG f.i.s.r.p.m.o.MavenFilterTestOutputHandler - [INFO]
05:14:32.577 [Thread-8] DEBUG f.i.s.r.p.m.o.MavenFilterTestOutputHandler - [INFO] --- animal-sniffer-maven-plugin:1.15:check (check-java-api) @ druid ---
05:14:32.783 [Thread-8] DEBUG f.i.s.r.p.m.o.MavenFilterTestOutputHandler - [INFO] Checking unresolved references to org.codehaus.mojo.signature:java18:1.0
05:14:34.224 [Thread-8] DEBUG f.i.s.r.p.m.o.MavenFilterTestOutputHandler - [INFO]
05:14:34.225 [Thread-8] DEBUG f.i.s.r.p.m.o.MavenFilterTestOutputHandler - [INFO] ------------------------------------------------------------------------
05:14:34.225 [Thread-8] DEBUG f.i.s.r.p.m.o.MavenFilterTestOutputHandler - [INFO] Building java-util 0.11.1-SNAPSHOT
05:14:34.225 [Thread-8] DEBUG f.i.s.r.p.m.o.MavenFilterTestOutputHandler - [INFO] ------------------------------------------------------------------------
05:14:34.717 [Thread-8] DEBUG f.i.s.r.p.m.o.MavenFilterTestOutputHandler - [INFO]
05:14:34.717 [Thread-8] DEBUG f.i.s.r.p.m.o.MavenFilterTestOutputHandler - [INFO] --- maven-checkstyle-plugin:2.17:check (validate) @ java-util ---
05:14:34.727 [Thread-8] DEBUG f.i.s.r.p.m.o.MavenFilterTestOutputHandler - [INFO]
05:14:34.727 [Thread-8] DEBUG f.i.s.r.p.m.o.MavenFilterTestOutputHandler - [INFO] >>> maven-pmd-plugin:3.8:check (validate) > :pmd @ java-util >>>
05:14:34.784 [Thread-8] DEBUG f.i.s.r.p.m.o.MavenFilterTestOutputHandler - [INFO]
05:14:34.785 [Thread-8] DEBUG f.i.s.r.p.m.o.MavenFilterTestOutputHandler - [INFO] --- maven-pmd-plugin:3.8:pmd (pmd) @ java-util ---
05:14:34.864 [Thread-8] DEBUG f.i.s.r.p.m.o.MavenFilterTestOutputHandler - [WARNING] Unable to locate Source XRef to link to - DISABLED
05:14:36.990 [Thread-8] DEBUG f.i.s.r.p.m.o.MavenFilterTestOutputHandler - [INFO]
05:14:36.990 [Thread-8] DEBUG f.i.s.r.p.m.o.MavenFilterTestOutputHandler - [INFO] <<< maven-pmd-plugin:3.8:check (validate) < :pmd @ java-util <<<
05:14:36.990 [Thread-8] DEBUG f.i.s.r.p.m.o.MavenFilterTestOutputHandler - [INFO]
05:14:36.990 [Thread-8] DEBUG f.i.s.r.p.m.o.MavenFilterTestOutputHandler - [INFO] --- maven-pmd-plugin:3.8:check (validate) @ java-util ---
05:14:37.044 [Thread-8] DEBUG f.i.s.r.p.m.o.MavenFilterTestOutputHandler - [INFO]
05:14:37.044 [Thread-8] DEBUG f.i.s.r.p.m.o.MavenFilterTestOutputHandler - [INFO]
05:14:37.044 [Thread-8] DEBUG f.i.s.r.p.m.o.MavenFilterTestOutputHandler - [INFO] --- forbiddenapis:2.3:check (validate) @ java-util ---
05:14:37.090 [Thread-8] DEBUG f.i.s.r.p.m.o.MavenFilterTestOutputHandler - [INFO] Scanning for classes to check...
05:14:37.122 [Thread-8] DEBUG f.i.s.r.p.m.o.MavenFilterTestOutputHandler - [INFO] Reading bundled API signatures: jdk-unsafe-1.8
05:14:37.149 [Thread-8] DEBUG f.i.s.r.p.m.o.MavenFilterTestOutputHandler - [INFO] Reading bundled API signatures: jdk-system-out
05:14:37.151 [Thread-8] DEBUG f.i.s.r.p.m.o.MavenFilterTestOutputHandler - [INFO] Reading API signatures: /root/workspace/druid-io/druid/283008261/codestyle/joda-time-forbidden-apis.txt
05:14:37.166 [Thread-8] DEBUG f.i.s.r.p.m.o.MavenFilterTestOutputHandler - [INFO] Reading API signatures: /root/workspace/druid-io/druid/283008261/codestyle/druid-forbidden-apis.txt
05:14:37.168 [Thread-8] DEBUG f.i.s.r.p.m.o.MavenFilterTestOutputHandler - [INFO] Loading classes to check...
05:14:37.199 [Thread-8] DEBUG f.i.s.r.p.m.o.MavenFilterTestOutputHandler - [INFO] Scanning classes for violations...
05:14:37.532 [Thread-8] DEBUG f.i.s.r.p.m.o.MavenFilterTestOutputHandler - [INFO] Scanned 190 (and 295 related) class file(s) for forbidden API invocations (in 0.47s), 0 error(s).
05:14:37.533 [Thread-8] DEBUG f.i.s.r.p.m.o.MavenFilterTestOutputHandler - [INFO]
05:14:37.533 [Thread-8] DEBUG f.i.s.r.p.m.o.MavenFilterTestOutputHandler - [INFO] --- forbiddenapis:2.3:testCheck (testValidate) @ java-util ---
05:14:37.534 [Thread-8] DEBUG f.i.s.r.p.m.o.MavenFilterTestOutputHandler - [INFO] Scanning for classes to check...
05:14:37.544 [Thread-8] DEBUG f.i.s.r.p.m.o.MavenFilterTestOutputHandler - [INFO] Reading bundled API signatures: jdk-unsafe-1.8
05:14:37.561 [Thread-8] DEBUG f.i.s.r.p.m.o.MavenFilterTestOutputHandler - [INFO] Reading API signatures: /root/workspace/druid-io/druid/283008261/codestyle/joda-time-forbidden-apis.txt
05:14:37.568 [Thread-8] DEBUG f.i.s.r.p.m.o.MavenFilterTestOutputHandler - [INFO] Reading API signatures: /root/workspace/druid-io/druid/283008261/codestyle/druid-forbidden-apis.txt
05:14:37.570 [Thread-8] DEBUG f.i.s.r.p.m.o.MavenFilterTestOutputHandler - [INFO] Loading classes to check...
05:14:37.576 [Thread-8] DEBUG f.i.s.r.p.m.o.MavenFilterTestOutputHandler - [INFO] Scanning classes for violations...
05:14:37.684 [Thread-8] DEBUG f.i.s.r.p.m.o.MavenFilterTestOutputHandler - [INFO] Scanned 94 (and 260 related) class file(s) for forbidden API invocations (in 0.15s), 0 error(s).
05:14:37.685 [Thread-8] DEBUG f.i.s.r.p.m.o.MavenFilterTestOutputHandler - [INFO]
05:14:37.685 [Thread-8] DEBUG f.i.s.r.p.m.o.MavenFilterTestOutputHandler - [INFO] --- maven-enforcer-plugin:1.4.1:enforce (enforce-banned-dependencies) @ java-util ---
05:14:37.685 [Thread-8] DEBUG f.i.s.r.p.m.o.MavenFilterTestOutputHandler - [INFO] Skipping Rule Enforcement.
05:14:37.685 [Thread-8] DEBUG f.i.s.r.p.m.o.MavenFilterTestOutputHandler - [INFO]
05:14:37.685 [Thread-8] DEBUG f.i.s.r.p.m.o.MavenFilterTestOutputHandler - [INFO] --- antlr4-maven-plugin:4.5.1:antlr4 (default) @ java-util ---
05:14:37.832 [Thread-8] DEBUG f.i.s.r.p.m.o.MavenFilterTestOutputHandler - [INFO] No ANTLR 4 grammars to compile in /root/workspace/druid-io/druid/283008261/java-util/src/main/antlr4
05:14:37.833 [Thread-8] DEBUG f.i.s.r.p.m.o.MavenFilterTestOutputHandler - [INFO]
05:14:37.833 [Thread-8] DEBUG f.i.s.r.p.m.o.MavenFilterTestOutputHandler - [INFO] --- maven-resources-plugin:2.5:resources (default-resources) @ java-util ---
05:14:38.006 [Thread-8] DEBUG f.i.s.r.p.m.o.MavenFilterTestOutputHandler - [debug] execute contextualize
05:14:38.022 [Thread-8] DEBUG f.i.s.r.p.m.o.MavenFilterTestOutputHandler - [INFO] Using 'UTF-8' encoding to copy filtered resources.
05:14:38.023 [Thread-8] DEBUG f.i.s.r.p.m.o.MavenFilterTestOutputHandler - [INFO] skip non existing resourceDirectory /root/workspace/druid-io/druid/283008261/java-util/src/main/resources
05:14:38.023 [Thread-8] DEBUG f.i.s.r.p.m.o.MavenFilterTestOutputHandler - [INFO]
05:14:38.023 [Thread-8] DEBUG f.i.s.r.p.m.o.MavenFilterTestOutputHandler - [INFO] --- maven-compiler-plugin:3.2:compile (default-compile) @ java-util ---
05:14:38.306 [Thread-8] DEBUG f.i.s.r.p.m.o.MavenFilterTestOutputHandler - [INFO] Nothing to compile - all classes are up to date
05:14:38.307 [Thread-8] DEBUG f.i.s.r.p.m.o.MavenFilterTestOutputHandler - [INFO]
05:14:38.307 [Thread-8] DEBUG f.i.s.r.p.m.o.MavenFilterTestOutputHandler - [INFO] --- maven-resources-plugin:2.5:testResources (default-testResources) @ java-util ---
05:14:38.307 [Thread-8] DEBUG f.i.s.r.p.m.o.MavenFilterTestOutputHandler - [debug] execute contextualize
05:14:38.311 [Thread-8] DEBUG f.i.s.r.p.m.o.MavenFilterTestOutputHandler - [INFO] Using 'UTF-8' encoding to copy filtered resources.
05:14:38.316 [Thread-8] DEBUG f.i.s.r.p.m.o.MavenFilterTestOutputHandler - [INFO] Copying 1 resource
05:14:38.321 [Thread-8] DEBUG f.i.s.r.p.m.o.MavenFilterTestOutputHandler - [INFO]
05:14:38.322 [Thread-8] DEBUG f.i.s.r.p.m.o.MavenFilterTestOutputHandler - [INFO] --- maven-compiler-plugin:3.2:testCompile (default-testCompile) @ java-util ---
05:14:38.360 [Thread-8] DEBUG f.i.s.r.p.m.o.MavenFilterTestOutputHandler - [INFO] Nothing to compile - all classes are up to date
05:14:38.360 [Thread-8] DEBUG f.i.s.r.p.m.o.MavenFilterTestOutputHandler - [INFO]
05:14:38.360 [Thread-8] DEBUG f.i.s.r.p.m.o.MavenFilterTestOutputHandler - [INFO] --- maven-surefire-plugin:2.19.1:test (default-test) @ java-util ---
05:14:38.619 [Thread-8] DEBUG f.i.s.r.p.m.o.MavenFilterTestOutputHandler - [WARNING] The system property user.timezone is configured twice! The property appears in <argLine/> and any of <systemPropertyVariables/>, <systemProperties/> or user property.
05:14:39.231 [Thread-8] DEBUG f.i.s.r.p.m.o.MavenFilterTestOutputHandler - [INFO] Downloading: https://repo.maven.apache.org/maven2/org/apache/maven/surefire/surefire-junit4/2.19.1/surefire-junit4-2.19.1.pom
05:14:39.693 [Thread-8] DEBUG f.i.s.r.p.m.o.MavenFilterTestOutputHandler - [INFO] Downloaded: https://repo.maven.apache.org/maven2/org/apache/maven/surefire/surefire-junit4/2.19.1/surefire-junit4-2.19.1.pom (4 KB at 6.6 KB/sec)
05:14:39.703 [Thread-8] DEBUG f.i.s.r.p.m.o.MavenFilterTestOutputHandler - [INFO] Downloading: https://repo.maven.apache.org/maven2/org/apache/maven/surefire/surefire-providers/2.19.1/surefire-providers-2.19.1.pom
05:14:39.734 [Thread-8] DEBUG f.i.s.r.p.m.o.MavenFilterTestOutputHandler - [INFO] Downloaded: https://repo.maven.apache.org/maven2/org/apache/maven/surefire/surefire-providers/2.19.1/surefire-providers-2.19.1.pom (3 KB at 78.2 KB/sec)
05:14:39.840 [Thread-8] DEBUG f.i.s.r.p.m.o.MavenFilterTestOutputHandler - [INFO] Downloading: https://repo.maven.apache.org/maven2/org/apache/maven/surefire/surefire-junit4/2.19.1/surefire-junit4-2.19.1.jar
05:14:39.922 [Thread-8] DEBUG f.i.s.r.p.m.o.MavenFilterTestOutputHandler - [INFO] Downloaded: https://repo.maven.apache.org/maven2/org/apache/maven/surefire/surefire-junit4/2.19.1/surefire-junit4-2.19.1.jar (74 KB at 909.3 KB/sec)
05:14:39.952 [Thread-8] DEBUG f.i.s.r.p.m.o.MavenFilterTestOutputHandler -
05:14:39.953 [Thread-8] DEBUG f.i.s.r.p.m.o.MavenFilterTestOutputHandler - -------------------------------------------------------
05:14:39.953 [Thread-8] DEBUG f.i.s.r.p.m.o.MavenFilterTestOutputHandler -  T E S T S
05:14:39.953 [Thread-8] DEBUG f.i.s.r.p.m.o.MavenFilterTestOutputHandler - -------------------------------------------------------
05:14:40.580 [Thread-8] DEBUG f.i.s.r.p.m.o.MavenFilterTestOutputHandler - Running io.druid.java.util.common.ByteBufferUtilsTest
05:14:40.702 [Thread-8] DEBUG f.i.s.r.p.m.o.MavenFilterTestOutputHandler - Tests run: 2, Failures: 0, Errors: 0, Skipped: 0, Time elapsed: 0.093 sec - in io.druid.java.util.common.ByteBufferUtilsTest
05:14:40.702 [Thread-8] DEBUG f.i.s.r.p.m.o.MavenFilterTestOutputHandler - Running io.druid.java.util.common.FileUtilsTest
05:14:40.726 [Thread-8] DEBUG f.i.s.r.p.m.o.MavenFilterTestOutputHandler - Tests run: 1, Failures: 0, Errors: 0, Skipped: 0, Time elapsed: 0.001 sec - in io.druid.java.util.common.FileUtilsTest
05:14:40.727 [Thread-8] DEBUG f.i.s.r.p.m.o.MavenFilterTestOutputHandler - Running io.druid.java.util.common.guava.WrappingSequenceTest
05:14:40.758 [Thread-8] DEBUG f.i.s.r.p.m.o.MavenFilterTestOutputHandler - Tests run: 2, Failures: 0, Errors: 0, Skipped: 0, Time elapsed: 0.03 sec - in io.druid.java.util.common.guava.WrappingSequenceTest
05:14:40.758 [Thread-8] DEBUG f.i.s.r.p.m.o.MavenFilterTestOutputHandler - Running io.druid.java.util.common.guava.MappedSequenceTest
05:14:40.894 [Thread-8] DEBUG f.i.s.r.p.m.o.MavenFilterTestOutputHandler - Tests run: 1, Failures: 0, Errors: 0, Skipped: 0, Time elapsed: 0.132 sec - in io.druid.java.util.common.guava.MappedSequenceTest
05:14:40.894 [Thread-8] DEBUG f.i.s.r.p.m.o.MavenFilterTestOutputHandler - Running io.druid.java.util.common.guava.ConcatSequenceTest
05:14:40.931 [Thread-8] DEBUG f.i.s.r.p.m.o.MavenFilterTestOutputHandler - Tests run: 8, Failures: 0, Errors: 0, Skipped: 0, Time elapsed: 0.036 sec - in io.druid.java.util.common.guava.ConcatSequenceTest
05:14:40.931 [Thread-8] DEBUG f.i.s.r.p.m.o.MavenFilterTestOutputHandler - Running io.druid.java.util.common.guava.FunctionalIteratorTest
05:14:40.966 [Thread-8] DEBUG f.i.s.r.p.m.o.MavenFilterTestOutputHandler - Tests run: 5, Failures: 0, Errors: 0, Skipped: 0, Time elapsed: 0.033 sec - in io.druid.java.util.common.guava.FunctionalIteratorTest
05:14:40.966 [Thread-8] DEBUG f.i.s.r.p.m.o.MavenFilterTestOutputHandler - Running io.druid.java.util.common.guava.ComparatorsTest
05:14:41.123 [Thread-8] DEBUG f.i.s.r.p.m.o.MavenFilterTestOutputHandler - Tests run: 4, Failures: 0, Errors: 0, Skipped: 0, Time elapsed: 0.155 sec - in io.druid.java.util.common.guava.ComparatorsTest
05:14:41.123 [Thread-8] DEBUG f.i.s.r.p.m.o.MavenFilterTestOutputHandler - Running io.druid.java.util.common.guava.MergeIteratorTest
05:14:41.135 [Thread-8] DEBUG f.i.s.r.p.m.o.MavenFilterTestOutputHandler - Tests run: 2, Failures: 0, Errors: 0, Skipped: 0, Time elapsed: 0.012 sec - in io.druid.java.util.common.guava.MergeIteratorTest
05:14:41.135 [Thread-8] DEBUG f.i.s.r.p.m.o.MavenFilterTestOutputHandler - Running io.druid.java.util.common.guava.FunctionalIterableTest
05:14:41.145 [Thread-8] DEBUG f.i.s.r.p.m.o.MavenFilterTestOutputHandler - Tests run: 5, Failures: 0, Errors: 0, Skipped: 0, Time elapsed: 0.008 sec - in io.druid.java.util.common.guava.FunctionalIterableTest
05:14:41.145 [Thread-8] DEBUG f.i.s.r.p.m.o.MavenFilterTestOutputHandler - Running io.druid.java.util.common.guava.LimitedSequenceTest
05:14:41.151 [Thread-8] DEBUG f.i.s.r.p.m.o.MavenFilterTestOutputHandler - Tests run: 4, Failures: 0, Errors: 0, Skipped: 0, Time elapsed: 0.006 sec - in io.druid.java.util.common.guava.LimitedSequenceTest
05:14:41.151 [Thread-8] DEBUG f.i.s.r.p.m.o.MavenFilterTestOutputHandler - Running io.druid.java.util.common.guava.WithEffectSequenceTest
05:14:41.164 [Thread-8] DEBUG f.i.s.r.p.m.o.MavenFilterTestOutputHandler - Tests run: 2, Failures: 0, Errors: 0, Skipped: 0, Time elapsed: 0.012 sec - in io.druid.java.util.common.guava.WithEffectSequenceTest
05:14:41.165 [Thread-8] DEBUG f.i.s.r.p.m.o.MavenFilterTestOutputHandler - Running io.druid.java.util.common.guava.nary.SortedMergeIteratorTest
05:14:41.166 [Thread-8] DEBUG f.i.s.r.p.m.o.MavenFilterTestOutputHandler - Tests run: 1, Failures: 0, Errors: 0, Skipped: 0, Time elapsed: 0 sec - in io.druid.java.util.common.guava.nary.SortedMergeIteratorTest
05:14:41.166 [Thread-8] DEBUG f.i.s.r.p.m.o.MavenFilterTestOutputHandler - Running io.druid.java.util.common.guava.FilteredSequenceTest
05:14:41.190 [Thread-8] DEBUG f.i.s.r.p.m.o.MavenFilterTestOutputHandler - Tests run: 1, Failures: 0, Errors: 0, Skipped: 0, Time elapsed: 0.023 sec - in io.druid.java.util.common.guava.FilteredSequenceTest
05:14:41.190 [Thread-8] DEBUG f.i.s.r.p.m.o.MavenFilterTestOutputHandler - Running io.druid.java.util.common.guava.MergeSequenceTest
05:14:41.216 [Thread-8] DEBUG f.i.s.r.p.m.o.MavenFilterTestOutputHandler - Tests run: 8, Failures: 0, Errors: 0, Skipped: 0, Time elapsed: 0.019 sec - in io.druid.java.util.common.guava.MergeSequenceTest
05:14:41.217 [Thread-8] DEBUG f.i.s.r.p.m.o.MavenFilterTestOutputHandler - Running io.druid.java.util.common.guava.BaseSequenceTest
05:14:41.222 [Thread-8] DEBUG f.i.s.r.p.m.o.MavenFilterTestOutputHandler - Tests run: 3, Failures: 0, Errors: 0, Skipped: 0, Time elapsed: 0.005 sec - in io.druid.java.util.common.guava.BaseSequenceTest
05:14:41.223 [Thread-8] DEBUG f.i.s.r.p.m.o.MavenFilterTestOutputHandler - Running io.druid.java.util.common.StreamUtilsTest
05:14:42.264 [Thread-8] DEBUG f.i.s.r.p.m.o.MavenFilterTestOutputHandler - Tests run: 1, Failures: 0, Errors: 0, Skipped: 0, Time elapsed: 1.04 sec - in io.druid.java.util.common.StreamUtilsTest
05:14:42.264 [Thread-8] DEBUG f.i.s.r.p.m.o.MavenFilterTestOutputHandler - Running io.druid.java.util.common.lifecycle.LifecycleTest
05:14:42.426 [Thread-8] DEBUG f.i.s.r.p.m.o.MavenFilterTestOutputHandler - Tests run: 5, Failures: 0, Errors: 0, Skipped: 0, Time elapsed: 0.158 sec - in io.druid.java.util.common.lifecycle.LifecycleTest
05:14:42.426 [Thread-8] DEBUG f.i.s.r.p.m.o.MavenFilterTestOutputHandler - Running io.druid.java.util.common.io.smoosh.SmooshedFileMapperTest
05:14:42.557 [Thread-8] DEBUG f.i.s.r.p.m.o.MavenFilterTestOutputHandler - Tests run: 7, Failures: 0, Errors: 0, Skipped: 0, Time elapsed: 0.125 sec - in io.druid.java.util.common.io.smoosh.SmooshedFileMapperTest
05:14:42.557 [Thread-8] DEBUG f.i.s.r.p.m.o.MavenFilterTestOutputHandler - Running io.druid.java.util.common.RetryUtilsTest
05:14:44.131 [Thread-8] DEBUG f.i.s.r.p.m.o.MavenFilterTestOutputHandler - Tests run: 4, Failures: 0, Errors: 0, Skipped: 0, Time elapsed: 1.573 sec - in io.druid.java.util.common.RetryUtilsTest
05:14:44.131 [Thread-8] DEBUG f.i.s.r.p.m.o.MavenFilterTestOutputHandler - Running io.druid.java.util.common.parsers.JSONPathParserTest
05:14:44.660 [Thread-8] DEBUG f.i.s.r.p.m.o.MavenFilterTestOutputHandler - Tests run: 8, Failures: 0, Errors: 0, Skipped: 0, Time elapsed: 0.527 sec - in io.druid.java.util.common.parsers.JSONPathParserTest
05:14:44.660 [Thread-8] DEBUG f.i.s.r.p.m.o.MavenFilterTestOutputHandler - Running io.druid.java.util.common.parsers.RegexParserTest
05:14:44.897 [Thread-8] DEBUG f.i.s.r.p.m.o.MavenFilterTestOutputHandler - Tests run: 5, Failures: 0, Errors: 0, Skipped: 0, Time elapsed: 0.236 sec - in io.druid.java.util.common.parsers.RegexParserTest
05:14:44.898 [Thread-8] DEBUG f.i.s.r.p.m.o.MavenFilterTestOutputHandler - Running io.druid.java.util.common.parsers.TimestampParserTest
05:14:44.933 [Thread-8] DEBUG f.i.s.r.p.m.o.MavenFilterTestOutputHandler - Tests run: 12, Failures: 0, Errors: 0, Skipped: 0, Time elapsed: 0.033 sec - in io.druid.java.util.common.parsers.TimestampParserTest
05:14:44.933 [Thread-8] DEBUG f.i.s.r.p.m.o.MavenFilterTestOutputHandler - Running io.druid.java.util.common.parsers.JavaScriptParserTest
05:14:45.112 [Thread-8] DEBUG f.i.s.r.p.m.o.MavenFilterTestOutputHandler - Tests run: 3, Failures: 0, Errors: 0, Skipped: 0, Time elapsed: 0.177 sec - in io.druid.java.util.common.parsers.JavaScriptParserTest
05:14:45.115 [Thread-8] DEBUG f.i.s.r.p.m.o.MavenFilterTestOutputHandler - Running io.druid.java.util.common.parsers.FlatTextFormatParserTest
05:14:45.147 [Thread-8] DEBUG f.i.s.r.p.m.o.MavenFilterTestOutputHandler - Tests run: 18, Failures: 0, Errors: 0, Skipped: 0, Time elapsed: 0.033 sec - in io.druid.java.util.common.parsers.FlatTextFormatParserTest
05:14:45.147 [Thread-8] DEBUG f.i.s.r.p.m.o.MavenFilterTestOutputHandler - Running io.druid.java.util.common.logger.LoggerTest
05:14:45.175 [Thread-8] DEBUG f.i.s.r.p.m.o.MavenFilterTestOutputHandler - Tests run: 2, Failures: 0, Errors: 0, Skipped: 0, Time elapsed: 0.026 sec - in io.druid.java.util.common.logger.LoggerTest
05:14:45.175 [Thread-8] DEBUG f.i.s.r.p.m.o.MavenFilterTestOutputHandler - Running io.druid.java.util.common.GranularityTest
05:14:45.253 [Thread-8] DEBUG f.i.s.r.p.m.o.MavenFilterTestOutputHandler - Tests run: 14, Failures: 0, Errors: 0, Skipped: 0, Time elapsed: 0.071 sec - in io.druid.java.util.common.GranularityTest
05:14:45.253 [Thread-8] DEBUG f.i.s.r.p.m.o.MavenFilterTestOutputHandler - Running io.druid.java.util.common.StringUtilsTest
05:14:45.256 [Thread-8] DEBUG f.i.s.r.p.m.o.MavenFilterTestOutputHandler - Tests run: 10, Failures: 0, Errors: 0, Skipped: 0, Time elapsed: 0.005 sec - in io.druid.java.util.common.StringUtilsTest
05:14:45.256 [Thread-8] DEBUG f.i.s.r.p.m.o.MavenFilterTestOutputHandler - Running io.druid.java.util.common.CompressionUtilsTest
05:14:46.518 [Thread-8] DEBUG f.i.s.r.p.m.o.MavenFilterTestOutputHandler - Tests run: 23, Failures: 0, Errors: 0, Skipped: 0, Time elapsed: 1.26 sec - in io.druid.java.util.common.CompressionUtilsTest
05:14:46.855 [Thread-8] DEBUG f.i.s.r.p.m.o.MavenFilterTestOutputHandler -
05:14:46.855 [Thread-8] DEBUG f.i.s.r.p.m.o.MavenFilterTestOutputHandler - Results :
05:14:46.855 [Thread-8] DEBUG f.i.s.r.p.m.o.MavenFilterTestOutputHandler -
05:14:46.855 [Thread-8] DEBUG f.i.s.r.p.m.o.MavenFilterTestOutputHandler - Tests run: 161, Failures: 0, Errors: 0, Skipped: 0
05:14:46.856 [Thread-8] DEBUG f.i.s.r.p.m.o.MavenFilterTestOutputHandler -
05:14:46.877 [Thread-8] DEBUG f.i.s.r.p.m.o.MavenFilterTestOutputHandler - [INFO]
05:14:46.877 [Thread-8] DEBUG f.i.s.r.p.m.o.MavenFilterTestOutputHandler - [INFO] --- animal-sniffer-maven-plugin:1.15:check (check-java-api) @ java-util ---
05:14:46.881 [Thread-8] DEBUG f.i.s.r.p.m.o.MavenFilterTestOutputHandler - [INFO] Checking unresolved references to org.codehaus.mojo.signature:java18:1.0
05:14:48.423 [Thread-8] DEBUG f.i.s.r.p.m.o.MavenFilterTestOutputHandler - [INFO]
05:14:48.423 [Thread-8] DEBUG f.i.s.r.p.m.o.MavenFilterTestOutputHandler - [INFO] ------------------------------------------------------------------------
05:14:48.423 [Thread-8] DEBUG f.i.s.r.p.m.o.MavenFilterTestOutputHandler - [INFO] Building druid-api 0.11.1-SNAPSHOT
05:14:48.423 [Thread-8] DEBUG f.i.s.r.p.m.o.MavenFilterTestOutputHandler - [INFO] ------------------------------------------------------------------------
05:14:48.497 [Thread-8] DEBUG f.i.s.r.p.m.o.MavenFilterTestOutputHandler - [INFO]
05:14:48.497 [Thread-8] DEBUG f.i.s.r.p.m.o.MavenFilterTestOutputHandler - [INFO] --- maven-checkstyle-plugin:2.17:check (validate) @ druid-api ---
05:14:48.500 [Thread-8] DEBUG f.i.s.r.p.m.o.MavenFilterTestOutputHandler - [INFO]
05:14:48.500 [Thread-8] DEBUG f.i.s.r.p.m.o.MavenFilterTestOutputHandler - [INFO] >>> maven-pmd-plugin:3.8:check (validate) > :pmd @ druid-api >>>
05:14:48.512 [Thread-8] DEBUG f.i.s.r.p.m.o.MavenFilterTestOutputHandler - [INFO]
05:14:48.513 [Thread-8] DEBUG f.i.s.r.p.m.o.MavenFilterTestOutputHandler - [INFO] --- maven-pmd-plugin:3.8:pmd (pmd) @ druid-api ---
05:14:48.518 [Thread-8] DEBUG f.i.s.r.p.m.o.MavenFilterTestOutputHandler - [WARNING] Unable to locate Source XRef to link to - DISABLED
05:14:48.868 [Thread-8] DEBUG f.i.s.r.p.m.o.MavenFilterTestOutputHandler - [INFO]
05:14:48.868 [Thread-8] DEBUG f.i.s.r.p.m.o.MavenFilterTestOutputHandler - [INFO] <<< maven-pmd-plugin:3.8:check (validate) < :pmd @ druid-api <<<
05:14:48.868 [Thread-8] DEBUG f.i.s.r.p.m.o.MavenFilterTestOutputHandler - [INFO]
05:14:48.868 [Thread-8] DEBUG f.i.s.r.p.m.o.MavenFilterTestOutputHandler - [INFO] --- maven-pmd-plugin:3.8:check (validate) @ druid-api ---
05:14:48.869 [Thread-8] DEBUG f.i.s.r.p.m.o.MavenFilterTestOutputHandler - [INFO]
05:14:48.869 [Thread-8] DEBUG f.i.s.r.p.m.o.MavenFilterTestOutputHandler - [INFO]
05:14:48.869 [Thread-8] DEBUG f.i.s.r.p.m.o.MavenFilterTestOutputHandler - [INFO] --- forbiddenapis:2.3:check (validate) @ druid-api ---
05:14:48.876 [Thread-8] DEBUG f.i.s.r.p.m.o.MavenFilterTestOutputHandler - [INFO] Scanning for classes to check...
05:14:48.886 [Thread-8] DEBUG f.i.s.r.p.m.o.MavenFilterTestOutputHandler - [INFO] Reading bundled API signatures: jdk-unsafe-1.8
05:14:48.895 [Thread-8] DEBUG f.i.s.r.p.m.o.MavenFilterTestOutputHandler - [INFO] Reading bundled API signatures: jdk-system-out
05:14:48.896 [Thread-8] DEBUG f.i.s.r.p.m.o.MavenFilterTestOutputHandler - [INFO] Reading API signatures: /root/workspace/druid-io/druid/283008261/codestyle/joda-time-forbidden-apis.txt
05:14:48.903 [Thread-8] DEBUG f.i.s.r.p.m.o.MavenFilterTestOutputHandler - [INFO] Reading API signatures: /root/workspace/druid-io/druid/283008261/codestyle/druid-forbidden-apis.txt
05:14:48.904 [Thread-8] DEBUG f.i.s.r.p.m.o.MavenFilterTestOutputHandler - [INFO] Loading classes to check...
05:14:48.911 [Thread-8] DEBUG f.i.s.r.p.m.o.MavenFilterTestOutputHandler - [INFO] Scanning classes for violations...
05:14:49.000 [Thread-8] DEBUG f.i.s.r.p.m.o.MavenFilterTestOutputHandler - [INFO] Scanned 120 (and 274 related) class file(s) for forbidden API invocations (in 0.13s), 0 error(s).
05:14:49.003 [Thread-8] DEBUG f.i.s.r.p.m.o.MavenFilterTestOutputHandler - [INFO]
05:14:49.003 [Thread-8] DEBUG f.i.s.r.p.m.o.MavenFilterTestOutputHandler - [INFO] --- forbiddenapis:2.3:testCheck (testValidate) @ druid-api ---
05:14:49.008 [Thread-8] DEBUG f.i.s.r.p.m.o.MavenFilterTestOutputHandler - [INFO] Scanning for classes to check...
05:14:49.014 [Thread-8] DEBUG f.i.s.r.p.m.o.MavenFilterTestOutputHandler - [INFO] Reading bundled API signatures: jdk-unsafe-1.8
05:14:49.023 [Thread-8] DEBUG f.i.s.r.p.m.o.MavenFilterTestOutputHandler - [INFO] Reading API signatures: /root/workspace/druid-io/druid/283008261/codestyle/joda-time-forbidden-apis.txt
05:14:49.032 [Thread-8] DEBUG f.i.s.r.p.m.o.MavenFilterTestOutputHandler - [INFO] Reading API signatures: /root/workspace/druid-io/druid/283008261/codestyle/druid-forbidden-apis.txt
05:14:49.033 [Thread-8] DEBUG f.i.s.r.p.m.o.MavenFilterTestOutputHandler - [INFO] Loading classes to check...
05:14:49.037 [Thread-8] DEBUG f.i.s.r.p.m.o.MavenFilterTestOutputHandler - [INFO] Scanning classes for violations...
05:14:49.108 [Thread-8] DEBUG f.i.s.r.p.m.o.MavenFilterTestOutputHandler - [INFO] Scanned 76 (and 247 related) class file(s) for forbidden API invocations (in 0.10s), 0 error(s).
05:14:49.108 [Thread-8] DEBUG f.i.s.r.p.m.o.MavenFilterTestOutputHandler - [INFO]
05:14:49.108 [Thread-8] DEBUG f.i.s.r.p.m.o.MavenFilterTestOutputHandler - [INFO] --- maven-enforcer-plugin:1.4.1:enforce (enforce-banned-dependencies) @ druid-api ---
05:14:49.109 [Thread-8] DEBUG f.i.s.r.p.m.o.MavenFilterTestOutputHandler - [INFO] Skipping Rule Enforcement.
05:14:49.111 [Thread-8] DEBUG f.i.s.r.p.m.o.MavenFilterTestOutputHandler - [INFO]
05:14:49.111 [Thread-8] DEBUG f.i.s.r.p.m.o.MavenFilterTestOutputHandler - [INFO] --- maven-resources-plugin:2.5:resources (default-resources) @ druid-api ---
05:14:49.112 [Thread-8] DEBUG f.i.s.r.p.m.o.MavenFilterTestOutputHandler - [debug] execute contextualize
05:14:49.112 [Thread-8] DEBUG f.i.s.r.p.m.o.MavenFilterTestOutputHandler - [INFO] Using 'UTF-8' encoding to copy filtered resources.
05:14:49.112 [Thread-8] DEBUG f.i.s.r.p.m.o.MavenFilterTestOutputHandler - [INFO] skip non existing resourceDirectory /root/workspace/druid-io/druid/283008261/api/src/main/resources
05:14:49.112 [Thread-8] DEBUG f.i.s.r.p.m.o.MavenFilterTestOutputHandler - [INFO]
05:14:49.112 [Thread-8] DEBUG f.i.s.r.p.m.o.MavenFilterTestOutputHandler - [INFO] --- maven-compiler-plugin:3.2:compile (default-compile) @ druid-api ---
05:14:49.151 [Thread-8] DEBUG f.i.s.r.p.m.o.MavenFilterTestOutputHandler - [INFO] Nothing to compile - all classes are up to date
05:14:49.152 [Thread-8] DEBUG f.i.s.r.p.m.o.MavenFilterTestOutputHandler - [INFO]
05:14:49.152 [Thread-8] DEBUG f.i.s.r.p.m.o.MavenFilterTestOutputHandler - [INFO] --- maven-resources-plugin:2.5:testResources (default-testResources) @ druid-api ---
05:14:49.152 [Thread-8] DEBUG f.i.s.r.p.m.o.MavenFilterTestOutputHandler - [debug] execute contextualize
05:14:49.152 [Thread-8] DEBUG f.i.s.r.p.m.o.MavenFilterTestOutputHandler - [INFO] Using 'UTF-8' encoding to copy filtered resources.
05:14:49.153 [Thread-8] DEBUG f.i.s.r.p.m.o.MavenFilterTestOutputHandler - [INFO] Copying 1 resource
05:14:49.153 [Thread-8] DEBUG f.i.s.r.p.m.o.MavenFilterTestOutputHandler - [INFO]
05:14:49.154 [Thread-8] DEBUG f.i.s.r.p.m.o.MavenFilterTestOutputHandler - [INFO] --- maven-compiler-plugin:3.2:testCompile (default-testCompile) @ druid-api ---
05:14:49.184 [Thread-8] DEBUG f.i.s.r.p.m.o.MavenFilterTestOutputHandler - [INFO] Nothing to compile - all classes are up to date
05:14:49.184 [Thread-8] DEBUG f.i.s.r.p.m.o.MavenFilterTestOutputHandler - [INFO]
05:14:49.184 [Thread-8] DEBUG f.i.s.r.p.m.o.MavenFilterTestOutputHandler - [INFO] --- maven-surefire-plugin:2.19.1:test (default-test) @ druid-api ---
05:14:49.200 [Thread-8] DEBUG f.i.s.r.p.m.o.MavenFilterTestOutputHandler - [WARNING] The system property user.timezone is configured twice! The property appears in <argLine/> and any of <systemPropertyVariables/>, <systemProperties/> or user property.
05:14:49.201 [Thread-8] DEBUG f.i.s.r.p.m.o.MavenFilterTestOutputHandler -
05:14:49.201 [Thread-8] DEBUG f.i.s.r.p.m.o.MavenFilterTestOutputHandler - -------------------------------------------------------
05:14:49.201 [Thread-8] DEBUG f.i.s.r.p.m.o.MavenFilterTestOutputHandler -  T E S T S
05:14:49.202 [Thread-8] DEBUG f.i.s.r.p.m.o.MavenFilterTestOutputHandler - -------------------------------------------------------
05:14:49.653 [Thread-8] DEBUG f.i.s.r.p.m.o.MavenFilterTestOutputHandler - Running io.druid.segment.SegmentUtilsTest
05:14:49.799 [Thread-8] DEBUG f.i.s.r.p.m.o.MavenFilterTestOutputHandler - Tests run: 3, Failures: 0, Errors: 0, Skipped: 0, Time elapsed: 0.144 sec - in io.druid.segment.SegmentUtilsTest
05:14:49.799 [Thread-8] DEBUG f.i.s.r.p.m.o.MavenFilterTestOutputHandler - Running io.druid.timeline.DataSegmentTest
05:14:50.945 [Thread-8] DEBUG f.i.s.r.p.m.o.MavenFilterTestOutputHandler - Tests run: 6, Failures: 0, Errors: 0, Skipped: 0, Time elapsed: 1.144 sec - in io.druid.timeline.DataSegmentTest
05:14:50.945 [Thread-8] DEBUG f.i.s.r.p.m.o.MavenFilterTestOutputHandler - Running io.druid.timeline.partition.NoneShardSpecTest
05:14:50.952 [Thread-8] DEBUG f.i.s.r.p.m.o.MavenFilterTestOutputHandler - Tests run: 3, Failures: 0, Errors: 0, Skipped: 0, Time elapsed: 0.003 sec - in io.druid.timeline.partition.NoneShardSpecTest
05:14:50.952 [Thread-8] DEBUG f.i.s.r.p.m.o.MavenFilterTestOutputHandler - Running io.druid.timeline.DataSegmentUtilsTest
05:14:50.972 [Thread-8] DEBUG f.i.s.r.p.m.o.MavenFilterTestOutputHandler - Tests run: 6, Failures: 0, Errors: 0, Skipped: 0, Time elapsed: 0.021 sec - in io.druid.timeline.DataSegmentUtilsTest
05:14:50.972 [Thread-8] DEBUG f.i.s.r.p.m.o.MavenFilterTestOutputHandler - Running io.druid.guice.ConditionalMultibindTest
05:14:51.341 [Thread-8] DEBUG f.i.s.r.p.m.o.MavenFilterTestOutputHandler - Tests run: 7, Failures: 0, Errors: 0, Skipped: 0, Time elapsed: 0.368 sec - in io.druid.guice.ConditionalMultibindTest
05:14:51.341 [Thread-8] DEBUG f.i.s.r.p.m.o.MavenFilterTestOutputHandler - Running io.druid.guice.JsonConfiguratorTest
05:14:51.385 [Thread-8] DEBUG f.i.s.r.p.m.o.MavenFilterTestOutputHandler - Tests run: 5, Failures: 0, Errors: 0, Skipped: 0, Time elapsed: 0.043 sec - in io.druid.guice.JsonConfiguratorTest
05:14:51.385 [Thread-8] DEBUG f.i.s.r.p.m.o.MavenFilterTestOutputHandler - Running io.druid.guice.PolyBindTest
05:14:51.471 [Thread-8] DEBUG f.i.s.r.p.m.o.MavenFilterTestOutputHandler - Tests run: 1, Failures: 0, Errors: 0, Skipped: 0, Time elapsed: 0.082 sec - in io.druid.guice.PolyBindTest
05:14:51.471 [Thread-8] DEBUG f.i.s.r.p.m.o.MavenFilterTestOutputHandler - Running io.druid.jackson.JacksonExtremeDoubleValuesSerdeTest
05:14:51.475 [Thread-8] DEBUG f.i.s.r.p.m.o.MavenFilterTestOutputHandler - Tests run: 1, Failures: 0, Errors: 0, Skipped: 0, Time elapsed: 0.002 sec - in io.druid.jackson.JacksonExtremeDoubleValuesSerdeTest
05:14:51.476 [Thread-8] DEBUG f.i.s.r.p.m.o.MavenFilterTestOutputHandler - Running io.druid.data.input.MapBasedRowTest
05:14:51.477 [Thread-8] DEBUG f.i.s.r.p.m.o.MavenFilterTestOutputHandler - Tests run: 1, Failures: 0, Errors: 0, Skipped: 0, Time elapsed: 0 sec - in io.druid.data.input.MapBasedRowTest
05:14:51.477 [Thread-8] DEBUG f.i.s.r.p.m.o.MavenFilterTestOutputHandler - Running io.druid.data.input.impl.ParseSpecTest
05:14:51.866 [Thread-8] DEBUG f.i.s.r.p.m.o.MavenFilterTestOutputHandler - Tests run: 3, Failures: 0, Errors: 0, Skipped: 0, Time elapsed: 0.388 sec - in io.druid.data.input.impl.ParseSpecTest
05:14:51.867 [Thread-8] DEBUG f.i.s.r.p.m.o.MavenFilterTestOutputHandler - Running io.druid.data.input.impl.PrefetchableTextFilesFirehoseFactoryTest
05:14:53.562 [Thread-8] DEBUG f.i.s.r.p.m.o.MavenFilterTestOutputHandler - Tests run: 10, Failures: 0, Errors: 0, Skipped: 0, Time elapsed: 1.695 sec - in io.druid.data.input.impl.PrefetchableTextFilesFirehoseFactoryTest
05:14:53.563 [Thread-8] DEBUG f.i.s.r.p.m.o.MavenFilterTestOutputHandler - Running io.druid.data.input.impl.JSONParseSpecTest
05:14:53.624 [Thread-8] DEBUG f.i.s.r.p.m.o.MavenFilterTestOutputHandler - Tests run: 1, Failures: 0, Errors: 0, Skipped: 0, Time elapsed: 0.061 sec - in io.druid.data.input.impl.JSONParseSpecTest
05:14:53.624 [Thread-8] DEBUG f.i.s.r.p.m.o.MavenFilterTestOutputHandler - Running io.druid.data.input.impl.JavaScriptParseSpecTest
05:14:53.819 [Thread-8] DEBUG f.i.s.r.p.m.o.MavenFilterTestOutputHandler - Tests run: 3, Failures: 0, Errors: 0, Skipped: 0, Time elapsed: 0.193 sec - in io.druid.data.input.impl.JavaScriptParseSpecTest
05:14:53.819 [Thread-8] DEBUG f.i.s.r.p.m.o.MavenFilterTestOutputHandler - Running io.druid.data.input.impl.DelimitedParseSpecTest
05:14:53.844 [Thread-8] DEBUG f.i.s.r.p.m.o.MavenFilterTestOutputHandler - Tests run: 4, Failures: 0, Errors: 0, Skipped: 0, Time elapsed: 0.024 sec - in io.druid.data.input.impl.DelimitedParseSpecTest
05:14:53.845 [Thread-8] DEBUG f.i.s.r.p.m.o.MavenFilterTestOutputHandler - Running io.druid.data.input.impl.CSVParseSpecTest
05:14:53.846 [Thread-8] DEBUG f.i.s.r.p.m.o.MavenFilterTestOutputHandler - Tests run: 2, Failures: 0, Errors: 0, Skipped: 0, Time elapsed: 0 sec - in io.druid.data.input.impl.CSVParseSpecTest
05:14:53.847 [Thread-8] DEBUG f.i.s.r.p.m.o.MavenFilterTestOutputHandler - Running io.druid.data.input.impl.InputRowParserSerdeTest
05:14:54.052 [Thread-8] DEBUG f.i.s.r.p.m.o.MavenFilterTestOutputHandler - Tests run: 5, Failures: 0, Errors: 0, Skipped: 0, Time elapsed: 0.204 sec - in io.druid.data.input.impl.InputRowParserSerdeTest
05:14:54.053 [Thread-8] DEBUG f.i.s.r.p.m.o.MavenFilterTestOutputHandler - Running io.druid.data.input.impl.JSONLowercaseParseSpecTest
05:14:54.060 [Thread-8] DEBUG f.i.s.r.p.m.o.MavenFilterTestOutputHandler - Tests run: 1, Failures: 0, Errors: 0, Skipped: 0, Time elapsed: 0.006 sec - in io.druid.data.input.impl.JSONLowercaseParseSpecTest
05:14:54.060 [Thread-8] DEBUG f.i.s.r.p.m.o.MavenFilterTestOutputHandler - Running io.druid.data.input.impl.FileIteratingFirehoseTest
05:14:54.132 [Thread-8] DEBUG f.i.s.r.p.m.o.MavenFilterTestOutputHandler - Tests run: 48, Failures: 0, Errors: 0, Skipped: 0, Time elapsed: 0.069 sec - in io.druid.data.input.impl.FileIteratingFirehoseTest
05:14:54.133 [Thread-8] DEBUG f.i.s.r.p.m.o.MavenFilterTestOutputHandler - Running io.druid.data.input.impl.TimestampSpecTest
05:14:54.136 [Thread-8] DEBUG f.i.s.r.p.m.o.MavenFilterTestOutputHandler - Tests run: 3, Failures: 0, Errors: 0, Skipped: 0, Time elapsed: 0.003 sec - in io.druid.data.input.impl.TimestampSpecTest
05:14:54.136 [Thread-8] DEBUG f.i.s.r.p.m.o.MavenFilterTestOutputHandler - Running io.druid.data.input.impl.JSONPathSpecTest
05:14:54.145 [Thread-8] DEBUG f.i.s.r.p.m.o.MavenFilterTestOutputHandler - Tests run: 1, Failures: 0, Errors: 0, Skipped: 0, Time elapsed: 0.008 sec - in io.druid.data.input.impl.JSONPathSpecTest
05:14:54.145 [Thread-8] DEBUG f.i.s.r.p.m.o.MavenFilterTestOutputHandler - Running io.druid.data.input.impl.DimensionsSpecSerdeTest
05:14:54.165 [Thread-8] DEBUG f.i.s.r.p.m.o.MavenFilterTestOutputHandler - Tests run: 1, Failures: 0, Errors: 0, Skipped: 0, Time elapsed: 0.019 sec - in io.druid.data.input.impl.DimensionsSpecSerdeTest
05:14:54.166 [Thread-8] DEBUG f.i.s.r.p.m.o.MavenFilterTestOutputHandler - Running io.druid.data.input.impl.RegexParseSpecTest
05:14:54.187 [Thread-8] DEBUG f.i.s.r.p.m.o.MavenFilterTestOutputHandler - Tests run: 1, Failures: 0, Errors: 0, Skipped: 0, Time elapsed: 0.02 sec - in io.druid.data.input.impl.RegexParseSpecTest
05:14:54.187 [Thread-8] DEBUG f.i.s.r.p.m.o.MavenFilterTestOutputHandler - Running io.druid.data.input.impl.TimeAndDimsParseSpecTest
05:14:54.217 [Thread-8] DEBUG f.i.s.r.p.m.o.MavenFilterTestOutputHandler - Tests run: 2, Failures: 0, Errors: 0, Skipped: 0, Time elapsed: 0.029 sec - in io.druid.data.input.impl.TimeAndDimsParseSpecTest
05:14:54.217 [Thread-8] DEBUG f.i.s.r.p.m.o.MavenFilterTestOutputHandler - Running io.druid.data.input.impl.NoopInputRowParserTest
05:14:54.267 [Thread-8] DEBUG f.i.s.r.p.m.o.MavenFilterTestOutputHandler - Tests run: 2, Failures: 0, Errors: 0, Skipped: 0, Time elapsed: 0.049 sec - in io.druid.data.input.impl.NoopInputRowParserTest
05:14:54.268 [Thread-8] DEBUG f.i.s.r.p.m.o.MavenFilterTestOutputHandler - Running io.druid.js.JavaScriptConfigTest
05:14:54.271 [Thread-8] DEBUG f.i.s.r.p.m.o.MavenFilterTestOutputHandler - Tests run: 2, Failures: 0, Errors: 0, Skipped: 0, Time elapsed: 0.003 sec - in io.druid.js.JavaScriptConfigTest
05:14:54.618 [Thread-8] DEBUG f.i.s.r.p.m.o.MavenFilterTestOutputHandler -
05:14:54.618 [Thread-8] DEBUG f.i.s.r.p.m.o.MavenFilterTestOutputHandler - Results :
05:14:54.618 [Thread-8] DEBUG f.i.s.r.p.m.o.MavenFilterTestOutputHandler -
05:14:54.619 [Thread-8] DEBUG f.i.s.r.p.m.o.MavenFilterTestOutputHandler - Tests run: 122, Failures: 0, Errors: 0, Skipped: 0
05:14:54.619 [Thread-8] DEBUG f.i.s.r.p.m.o.MavenFilterTestOutputHandler -
05:14:54.620 [Thread-8] DEBUG f.i.s.r.p.m.o.MavenFilterTestOutputHandler - [INFO]
05:14:54.621 [Thread-8] DEBUG f.i.s.r.p.m.o.MavenFilterTestOutputHandler - [INFO] --- animal-sniffer-maven-plugin:1.15:check (check-java-api) @ druid-api ---
05:14:54.622 [Thread-8] DEBUG f.i.s.r.p.m.o.MavenFilterTestOutputHandler - [INFO] Checking unresolved references to org.codehaus.mojo.signature:java18:1.0
05:14:55.826 [Thread-8] DEBUG f.i.s.r.p.m.o.MavenFilterTestOutputHandler - [INFO]
05:14:55.826 [Thread-8] DEBUG f.i.s.r.p.m.o.MavenFilterTestOutputHandler - [INFO] ------------------------------------------------------------------------
05:14:55.826 [Thread-8] DEBUG f.i.s.r.p.m.o.MavenFilterTestOutputHandler - [INFO] Building druid-common 0.11.1-SNAPSHOT
05:14:55.826 [Thread-8] DEBUG f.i.s.r.p.m.o.MavenFilterTestOutputHandler - [INFO] ------------------------------------------------------------------------
05:14:55.908 [Thread-8] DEBUG f.i.s.r.p.m.o.MavenFilterTestOutputHandler - [INFO]
05:14:55.908 [Thread-8] DEBUG f.i.s.r.p.m.o.MavenFilterTestOutputHandler - [INFO] --- maven-checkstyle-plugin:2.17:check (validate) @ druid-common ---
05:14:55.910 [Thread-8] DEBUG f.i.s.r.p.m.o.MavenFilterTestOutputHandler - [INFO]
05:14:55.910 [Thread-8] DEBUG f.i.s.r.p.m.o.MavenFilterTestOutputHandler - [INFO] >>> maven-pmd-plugin:3.8:check (validate) > :pmd @ druid-common >>>
05:14:55.932 [Thread-8] DEBUG f.i.s.r.p.m.o.MavenFilterTestOutputHandler - [INFO]
05:14:55.933 [Thread-8] DEBUG f.i.s.r.p.m.o.MavenFilterTestOutputHandler - [INFO] --- maven-pmd-plugin:3.8:pmd (pmd) @ druid-common ---
05:14:55.940 [Thread-8] DEBUG f.i.s.r.p.m.o.MavenFilterTestOutputHandler - [WARNING] Unable to locate Source XRef to link to - DISABLED
05:14:56.535 [Thread-8] DEBUG f.i.s.r.p.m.o.MavenFilterTestOutputHandler - [INFO]
05:14:56.535 [Thread-8] DEBUG f.i.s.r.p.m.o.MavenFilterTestOutputHandler - [INFO] <<< maven-pmd-plugin:3.8:check (validate) < :pmd @ druid-common <<<
05:14:56.535 [Thread-8] DEBUG f.i.s.r.p.m.o.MavenFilterTestOutputHandler - [INFO]
05:14:56.535 [Thread-8] DEBUG f.i.s.r.p.m.o.MavenFilterTestOutputHandler - [INFO] --- maven-pmd-plugin:3.8:check (validate) @ druid-common ---
05:14:56.543 [Thread-8] DEBUG f.i.s.r.p.m.o.MavenFilterTestOutputHandler - [INFO]
05:14:56.543 [Thread-8] DEBUG f.i.s.r.p.m.o.MavenFilterTestOutputHandler - [INFO]
05:14:56.543 [Thread-8] DEBUG f.i.s.r.p.m.o.MavenFilterTestOutputHandler - [INFO] --- forbiddenapis:2.3:check (validate) @ druid-common ---
05:14:56.550 [Thread-8] DEBUG f.i.s.r.p.m.o.MavenFilterTestOutputHandler - [INFO] Scanning for classes to check...
05:14:56.564 [Thread-8] DEBUG f.i.s.r.p.m.o.MavenFilterTestOutputHandler - [INFO] Reading bundled API signatures: jdk-unsafe-1.8
05:14:56.572 [Thread-8] DEBUG f.i.s.r.p.m.o.MavenFilterTestOutputHandler - [INFO] Reading bundled API signatures: jdk-system-out
05:14:56.574 [Thread-8] DEBUG f.i.s.r.p.m.o.MavenFilterTestOutputHandler - [INFO] Reading API signatures: /root/workspace/druid-io/druid/283008261/codestyle/joda-time-forbidden-apis.txt
05:14:56.584 [Thread-8] DEBUG f.i.s.r.p.m.o.MavenFilterTestOutputHandler - [INFO] Reading API signatures: /root/workspace/druid-io/druid/283008261/codestyle/druid-forbidden-apis.txt
05:14:56.588 [Thread-8] DEBUG f.i.s.r.p.m.o.MavenFilterTestOutputHandler - [INFO] Loading classes to check...
05:14:56.596 [Thread-8] DEBUG f.i.s.r.p.m.o.MavenFilterTestOutputHandler - [INFO] Scanning classes for violations...
05:14:56.759 [Thread-8] DEBUG f.i.s.r.p.m.o.MavenFilterTestOutputHandler - [INFO] Scanned 227 (and 358 related) class file(s) for forbidden API invocations (in 0.21s), 0 error(s).
05:14:56.759 [Thread-8] DEBUG f.i.s.r.p.m.o.MavenFilterTestOutputHandler - [INFO]
05:14:56.759 [Thread-8] DEBUG f.i.s.r.p.m.o.MavenFilterTestOutputHandler - [INFO] --- forbiddenapis:2.3:testCheck (testValidate) @ druid-common ---
05:14:56.766 [Thread-8] DEBUG f.i.s.r.p.m.o.MavenFilterTestOutputHandler - [INFO] Scanning for classes to check...
05:14:56.771 [Thread-8] DEBUG f.i.s.r.p.m.o.MavenFilterTestOutputHandler - [INFO] Reading bundled API signatures: jdk-unsafe-1.8
05:14:56.779 [Thread-8] DEBUG f.i.s.r.p.m.o.MavenFilterTestOutputHandler - [INFO] Reading API signatures: /root/workspace/druid-io/druid/283008261/codestyle/joda-time-forbidden-apis.txt
05:14:56.791 [Thread-8] DEBUG f.i.s.r.p.m.o.MavenFilterTestOutputHandler - [INFO] Reading API signatures: /root/workspace/druid-io/druid/283008261/codestyle/druid-forbidden-apis.txt
05:14:56.792 [Thread-8] DEBUG f.i.s.r.p.m.o.MavenFilterTestOutputHandler - [INFO] Loading classes to check...
05:14:56.796 [Thread-8] DEBUG f.i.s.r.p.m.o.MavenFilterTestOutputHandler - [INFO] Scanning classes for violations...
05:14:56.900 [Thread-8] DEBUG f.i.s.r.p.m.o.MavenFilterTestOutputHandler - [INFO] Scanned 77 (and 261 related) class file(s) for forbidden API invocations (in 0.14s), 0 error(s).
05:14:56.902 [Thread-8] DEBUG f.i.s.r.p.m.o.MavenFilterTestOutputHandler - [INFO]
05:14:56.903 [Thread-8] DEBUG f.i.s.r.p.m.o.MavenFilterTestOutputHandler - [INFO] --- maven-enforcer-plugin:1.4.1:enforce (enforce-banned-dependencies) @ druid-common ---
05:14:56.905 [Thread-8] DEBUG f.i.s.r.p.m.o.MavenFilterTestOutputHandler - [INFO] Skipping Rule Enforcement.
05:14:56.905 [Thread-8] DEBUG f.i.s.r.p.m.o.MavenFilterTestOutputHandler - [INFO]
05:14:56.905 [Thread-8] DEBUG f.i.s.r.p.m.o.MavenFilterTestOutputHandler - [INFO] --- antlr4-maven-plugin:4.5.1:antlr4 (default) @ druid-common ---
05:14:56.915 [Thread-8] DEBUG f.i.s.r.p.m.o.MavenFilterTestOutputHandler - [INFO] ANTLR 4: Processing source directory /root/workspace/druid-io/druid/283008261/common/src/main/antlr4
05:14:57.148 [Thread-8] DEBUG f.i.s.r.p.m.o.MavenFilterTestOutputHandler - [INFO] Processing grammar: io/druid/math/expr/antlr/Expr.g4
05:14:57.718 [Thread-8] DEBUG f.i.s.r.p.m.o.MavenFilterTestOutputHandler - [INFO]
05:14:57.718 [Thread-8] DEBUG f.i.s.r.p.m.o.MavenFilterTestOutputHandler - [INFO] --- maven-resources-plugin:2.5:resources (default-resources) @ druid-common ---
05:14:57.719 [Thread-8] DEBUG f.i.s.r.p.m.o.MavenFilterTestOutputHandler - [debug] execute contextualize
05:14:57.720 [Thread-8] DEBUG f.i.s.r.p.m.o.MavenFilterTestOutputHandler - [INFO] Using 'UTF-8' encoding to copy filtered resources.
05:14:57.722 [Thread-8] DEBUG f.i.s.r.p.m.o.MavenFilterTestOutputHandler - [INFO] Copying 3 resources
05:14:57.722 [Thread-8] DEBUG f.i.s.r.p.m.o.MavenFilterTestOutputHandler - [INFO]
05:14:57.722 [Thread-8] DEBUG f.i.s.r.p.m.o.MavenFilterTestOutputHandler - [INFO] --- maven-compiler-plugin:3.2:compile (default-compile) @ druid-common ---
05:14:57.767 [Thread-8] DEBUG f.i.s.r.p.m.o.MavenFilterTestOutputHandler - [INFO] Changes detected - recompiling the module!
05:14:57.787 [Thread-8] DEBUG f.i.s.r.p.m.o.MavenFilterTestOutputHandler - [INFO] Compiling 85 source files to /root/workspace/druid-io/druid/283008261/common/target/classes
05:15:02.044 [Thread-8] DEBUG f.i.s.r.p.m.o.MavenFilterTestOutputHandler - [WARNING] /root/workspace/druid-io/druid/283008261/common/src/main/java/io/druid/collections/ReferenceCountingResourceHolder.java:[25,16] sun.misc.Cleaner is internal proprietary API and may be removed in a future release
05:15:02.045 [Thread-8] DEBUG f.i.s.r.p.m.o.MavenFilterTestOutputHandler - [WARNING] /root/workspace/druid-io/druid/283008261/common/src/main/java/io/druid/collections/StupidPool.java:[27,16] sun.misc.Cleaner is internal proprietary API and may be removed in a future release
05:15:02.045 [Thread-8] DEBUG f.i.s.r.p.m.o.MavenFilterTestOutputHandler - [WARNING] /root/workspace/druid-io/druid/283008261/common/src/main/java/io/druid/collections/ReferenceCountingResourceHolder.java:[25,16] sun.misc.Cleaner is internal proprietary API and may be removed in a future release
05:15:02.045 [Thread-8] DEBUG f.i.s.r.p.m.o.MavenFilterTestOutputHandler - [WARNING] /root/workspace/druid-io/druid/283008261/common/src/main/java/io/druid/collections/StupidPool.java:[27,16] sun.misc.Cleaner is internal proprietary API and may be removed in a future release
05:15:02.046 [Thread-8] DEBUG f.i.s.r.p.m.o.MavenFilterTestOutputHandler - [WARNING] /root/workspace/druid-io/druid/283008261/common/src/main/java/io/druid/collections/ReferenceCountingResourceHolder.java:[25,16] sun.misc.Cleaner is internal proprietary API and may be removed in a future release
05:15:02.046 [Thread-8] DEBUG f.i.s.r.p.m.o.MavenFilterTestOutputHandler - [WARNING] /root/workspace/druid-io/druid/283008261/common/src/main/java/io/druid/collections/StupidPool.java:[27,16] sun.misc.Cleaner is internal proprietary API and may be removed in a future release
05:15:02.046 [Thread-8] DEBUG f.i.s.r.p.m.o.MavenFilterTestOutputHandler - [WARNING] /root/workspace/druid-io/druid/283008261/common/src/main/java/io/druid/collections/ReferenceCountingResourceHolder.java:[49,17] sun.misc.Cleaner is internal proprietary API and may be removed in a future release
05:15:02.046 [Thread-8] DEBUG f.i.s.r.p.m.o.MavenFilterTestOutputHandler - [WARNING] /root/workspace/druid-io/druid/283008261/common/src/main/java/io/druid/collections/ReferenceCountingResourceHolder.java:[55,20] sun.misc.Cleaner is internal proprietary API and may be removed in a future release
05:15:02.046 [Thread-8] DEBUG f.i.s.r.p.m.o.MavenFilterTestOutputHandler - [WARNING] /root/workspace/druid-io/druid/283008261/common/src/main/java/io/druid/collections/StupidPool.java:[117,55] sun.misc.Cleaner is internal proprietary API and may be removed in a future release
05:15:02.046 [Thread-8] DEBUG f.i.s.r.p.m.o.MavenFilterTestOutputHandler - [WARNING] /root/workspace/druid-io/druid/283008261/common/src/main/java/io/druid/collections/StupidPool.java:[132,61] sun.misc.Cleaner is internal proprietary API and may be removed in a future release
05:15:02.046 [Thread-8] DEBUG f.i.s.r.p.m.o.MavenFilterTestOutputHandler - [WARNING] /root/workspace/druid-io/druid/283008261/common/src/main/java/io/druid/collections/StupidPool.java:[158,68] sun.misc.Cleaner is internal proprietary API and may be removed in a future release
05:15:02.046 [Thread-8] DEBUG f.i.s.r.p.m.o.MavenFilterTestOutputHandler - [WARNING] /root/workspace/druid-io/druid/283008261/common/src/main/java/io/druid/collections/StupidPool.java:[177,13] sun.misc.Cleaner is internal proprietary API and may be removed in a future release
05:15:02.046 [Thread-8] DEBUG f.i.s.r.p.m.o.MavenFilterTestOutputHandler - [WARNING] /root/workspace/druid-io/druid/283008261/common/src/main/java/io/druid/collections/StupidPool.java:[183,15] sun.misc.Cleaner is internal proprietary API and may be removed in a future release
05:15:02.046 [Thread-8] DEBUG f.i.s.r.p.m.o.MavenFilterTestOutputHandler - [INFO] /root/workspace/druid-io/druid/283008261/common/src/main/java/io/druid/common/utils/SerializerUtils.java: Some input files use or override a deprecated API.
05:15:02.047 [Thread-8] DEBUG f.i.s.r.p.m.o.MavenFilterTestOutputHandler - [INFO] /root/workspace/druid-io/druid/283008261/common/src/main/java/io/druid/common/utils/SerializerUtils.java: Recompile with -Xlint:deprecation for details.
05:15:02.047 [Thread-8] DEBUG f.i.s.r.p.m.o.MavenFilterTestOutputHandler - [INFO] /root/workspace/druid-io/druid/283008261/common/src/main/java/io/druid/timeline/partition/PartitionHolder.java: Some input files use unchecked or unsafe operations.
05:15:02.047 [Thread-8] DEBUG f.i.s.r.p.m.o.MavenFilterTestOutputHandler - [INFO] /root/workspace/druid-io/druid/283008261/common/src/main/java/io/druid/timeline/partition/PartitionHolder.java: Recompile with -Xlint:unchecked for details.
05:15:02.047 [Thread-8] DEBUG f.i.s.r.p.m.o.MavenFilterTestOutputHandler - [INFO]
05:15:02.047 [Thread-8] DEBUG f.i.s.r.p.m.o.MavenFilterTestOutputHandler - [INFO] --- maven-resources-plugin:2.5:testResources (default-testResources) @ druid-common ---
05:15:02.047 [Thread-8] DEBUG f.i.s.r.p.m.o.MavenFilterTestOutputHandler - [debug] execute contextualize
05:15:02.047 [Thread-8] DEBUG f.i.s.r.p.m.o.MavenFilterTestOutputHandler - [INFO] Using 'UTF-8' encoding to copy filtered resources.
05:15:02.047 [Thread-8] DEBUG f.i.s.r.p.m.o.MavenFilterTestOutputHandler - [INFO] skip non existing resourceDirectory /root/workspace/druid-io/druid/283008261/common/src/test/resources
05:15:02.048 [Thread-8] DEBUG f.i.s.r.p.m.o.MavenFilterTestOutputHandler - [INFO]
05:15:02.048 [Thread-8] DEBUG f.i.s.r.p.m.o.MavenFilterTestOutputHandler - [INFO] --- maven-compiler-plugin:3.2:testCompile (default-testCompile) @ druid-common ---
05:15:02.096 [Thread-8] DEBUG f.i.s.r.p.m.o.MavenFilterTestOutputHandler - [INFO] Nothing to compile - all classes are up to date
05:15:02.097 [Thread-8] DEBUG f.i.s.r.p.m.o.MavenFilterTestOutputHandler - [INFO]
05:15:02.097 [Thread-8] DEBUG f.i.s.r.p.m.o.MavenFilterTestOutputHandler - [INFO] --- maven-surefire-plugin:2.19.1:test (default-test) @ druid-common ---
05:15:02.106 [Thread-8] DEBUG f.i.s.r.p.m.o.MavenFilterTestOutputHandler - [WARNING] The system property user.timezone is configured twice! The property appears in <argLine/> and any of <systemPropertyVariables/>, <systemProperties/> or user property.
05:15:02.108 [Thread-8] DEBUG f.i.s.r.p.m.o.MavenFilterTestOutputHandler -
05:15:02.108 [Thread-8] DEBUG f.i.s.r.p.m.o.MavenFilterTestOutputHandler - -------------------------------------------------------
05:15:02.108 [Thread-8] DEBUG f.i.s.r.p.m.o.MavenFilterTestOutputHandler -  T E S T S
05:15:02.109 [Thread-8] DEBUG f.i.s.r.p.m.o.MavenFilterTestOutputHandler - -------------------------------------------------------
05:15:02.560 [Thread-8] DEBUG f.i.s.r.p.m.o.MavenFilterTestOutputHandler - Running io.druid.collections.OrderedMergeIteratorTest
05:15:02.703 [Thread-8] DEBUG f.i.s.r.p.m.o.MavenFilterTestOutputHandler - Tests run: 6, Failures: 0, Errors: 0, Skipped: 0, Time elapsed: 0.141 sec - in io.druid.collections.OrderedMergeIteratorTest
05:15:02.703 [Thread-8] DEBUG f.i.s.r.p.m.o.MavenFilterTestOutputHandler - Running io.druid.collections.BlockingPoolTest
05:15:03.805 [Thread-8] DEBUG f.i.s.r.p.m.o.MavenFilterTestOutputHandler - Tests run: 11, Failures: 0, Errors: 0, Skipped: 0, Time elapsed: 1.101 sec - in io.druid.collections.BlockingPoolTest
05:15:03.808 [Thread-8] DEBUG f.i.s.r.p.m.o.MavenFilterTestOutputHandler - Running io.druid.collections.CombiningIteratorTest
05:15:03.842 [Thread-8] DEBUG f.i.s.r.p.m.o.MavenFilterTestOutputHandler - Tests run: 5, Failures: 0, Errors: 0, Skipped: 0, Time elapsed: 0.033 sec - in io.druid.collections.CombiningIteratorTest
05:15:03.843 [Thread-8] DEBUG f.i.s.r.p.m.o.MavenFilterTestOutputHandler - Running io.druid.collections.StupidPoolTest
05:15:03.967 [Thread-8] DEBUG f.i.s.r.p.m.o.MavenFilterTestOutputHandler - Tests run: 3, Failures: 0, Errors: 0, Skipped: 0, Time elapsed: 0.123 sec - in io.druid.collections.StupidPoolTest
05:15:03.969 [Thread-8] DEBUG f.i.s.r.p.m.o.MavenFilterTestOutputHandler - Running io.druid.collections.ReferenceCountingResourceHolderTest
05:15:06.346 [Thread-8] DEBUG f.i.s.r.p.m.o.MavenFilterTestOutputHandler - Tests run: 3, Failures: 0, Errors: 0, Skipped: 0, Time elapsed: 2.377 sec - in io.druid.collections.ReferenceCountingResourceHolderTest
05:15:06.346 [Thread-8] DEBUG f.i.s.r.p.m.o.MavenFilterTestOutputHandler - Running io.druid.collections.StupidResourceHolderTest
05:15:06.349 [Thread-8] DEBUG f.i.s.r.p.m.o.MavenFilterTestOutputHandler - Tests run: 1, Failures: 0, Errors: 0, Skipped: 0, Time elapsed: 0.002 sec - in io.druid.collections.StupidResourceHolderTest
05:15:06.349 [Thread-8] DEBUG f.i.s.r.p.m.o.MavenFilterTestOutputHandler - Running io.druid.collections.SerializablePairTest
05:15:06.659 [Thread-8] DEBUG f.i.s.r.p.m.o.MavenFilterTestOutputHandler - Tests run: 2, Failures: 0, Errors: 0, Skipped: 0, Time elapsed: 0.309 sec - in io.druid.collections.SerializablePairTest
05:15:06.659 [Thread-8] DEBUG f.i.s.r.p.m.o.MavenFilterTestOutputHandler - Running io.druid.collections.CombiningIterableTest
05:15:06.671 [Thread-8] DEBUG f.i.s.r.p.m.o.MavenFilterTestOutputHandler - Tests run: 1, Failures: 0, Errors: 0, Skipped: 0, Time elapsed: 0.011 sec - in io.druid.collections.CombiningIterableTest
05:15:06.671 [Thread-8] DEBUG f.i.s.r.p.m.o.MavenFilterTestOutputHandler - Running io.druid.collections.OrderedMergeSequenceTest
05:15:06.709 [Thread-8] DEBUG f.i.s.r.p.m.o.MavenFilterTestOutputHandler - Tests run: 11, Failures: 0, Errors: 0, Skipped: 0, Time elapsed: 0.033 sec - in io.druid.collections.OrderedMergeSequenceTest
05:15:06.709 [Thread-8] DEBUG f.i.s.r.p.m.o.MavenFilterTestOutputHandler - Running io.druid.math.expr.FunctionTest
05:15:06.873 [Thread-8] DEBUG f.i.s.r.p.m.o.MavenFilterTestOutputHandler - Tests run: 8, Failures: 0, Errors: 0, Skipped: 0, Time elapsed: 0.162 sec - in io.druid.math.expr.FunctionTest
05:15:06.873 [Thread-8] DEBUG f.i.s.r.p.m.o.MavenFilterTestOutputHandler - Running io.druid.math.expr.EvalTest
05:15:06.994 [Thread-8] DEBUG f.i.s.r.p.m.o.MavenFilterTestOutputHandler - Tests run: 3, Failures: 0, Errors: 0, Skipped: 0, Time elapsed: 0.12 sec - in io.druid.math.expr.EvalTest
05:15:06.995 [Thread-8] DEBUG f.i.s.r.p.m.o.MavenFilterTestOutputHandler - Running io.druid.math.expr.ParserTest
05:15:07.035 [Thread-8] DEBUG f.i.s.r.p.m.o.MavenFilterTestOutputHandler - Tests run: 14, Failures: 0, Errors: 0, Skipped: 0, Time elapsed: 0.039 sec - in io.druid.math.expr.ParserTest
05:15:07.035 [Thread-8] DEBUG f.i.s.r.p.m.o.MavenFilterTestOutputHandler - Running io.druid.timeline.VersionedIntervalTimelineTest
05:15:07.273 [Thread-8] DEBUG f.i.s.r.p.m.o.MavenFilterTestOutputHandler - Tests run: 73, Failures: 0, Errors: 0, Skipped: 0, Time elapsed: 0.231 sec - in io.druid.timeline.VersionedIntervalTimelineTest
05:15:07.273 [Thread-8] DEBUG f.i.s.r.p.m.o.MavenFilterTestOutputHandler - Running io.druid.timeline.partition.IntegerPartitionChunkTest
05:15:07.278 [Thread-8] DEBUG f.i.s.r.p.m.o.MavenFilterTestOutputHandler - Tests run: 5, Failures: 0, Errors: 0, Skipped: 0, Time elapsed: 0.004 sec - in io.druid.timeline.partition.IntegerPartitionChunkTest
05:15:07.279 [Thread-8] DEBUG f.i.s.r.p.m.o.MavenFilterTestOutputHandler - Running io.druid.timeline.partition.StringPartitionChunkTest
05:15:07.285 [Thread-8] DEBUG f.i.s.r.p.m.o.MavenFilterTestOutputHandler - Tests run: 5, Failures: 0, Errors: 0, Skipped: 0, Time elapsed: 0.005 sec - in io.druid.timeline.partition.StringPartitionChunkTest
05:15:07.285 [Thread-8] DEBUG f.i.s.r.p.m.o.MavenFilterTestOutputHandler - Running io.druid.metadata.MetadataStorageConnectorConfigTest
05:15:07.317 [Thread-8] DEBUG f.i.s.r.p.m.o.MavenFilterTestOutputHandler - Tests run: 3, Failures: 0, Errors: 0, Skipped: 0, Time elapsed: 0.03 sec - in io.druid.metadata.MetadataStorageConnectorConfigTest
05:15:07.318 [Thread-8] DEBUG f.i.s.r.p.m.o.MavenFilterTestOutputHandler - Running io.druid.metadata.DefaultPasswordProviderTest
05:15:07.321 [Thread-8] DEBUG f.i.s.r.p.m.o.MavenFilterTestOutputHandler - Tests run: 4, Failures: 0, Errors: 0, Skipped: 0, Time elapsed: 0.002 sec - in io.druid.metadata.DefaultPasswordProviderTest
05:15:07.321 [Thread-8] DEBUG f.i.s.r.p.m.o.MavenFilterTestOutputHandler - Running io.druid.metadata.EnvironmentVariablePasswordProviderTest
05:15:07.327 [Thread-8] DEBUG f.i.s.r.p.m.o.MavenFilterTestOutputHandler - Tests run: 1, Failures: 0, Errors: 0, Skipped: 0, Time elapsed: 0.005 sec - in io.druid.metadata.EnvironmentVariablePasswordProviderTest
05:15:07.327 [Thread-8] DEBUG f.i.s.r.p.m.o.MavenFilterTestOutputHandler - Running io.druid.common.guava.GuavaUtilsTest
05:15:07.331 [Thread-8] DEBUG f.i.s.r.p.m.o.MavenFilterTestOutputHandler - Tests run: 2, Failures: 0, Errors: 0, Skipped: 0, Time elapsed: 0.003 sec - in io.druid.common.guava.GuavaUtilsTest
05:15:07.331 [Thread-8] DEBUG f.i.s.r.p.m.o.MavenFilterTestOutputHandler - Running io.druid.common.guava.CombiningSequenceTest
05:15:07.370 [Thread-8] DEBUG f.i.s.r.p.m.o.MavenFilterTestOutputHandler - Tests run: 42, Failures: 0, Errors: 0, Skipped: 0, Time elapsed: 0.036 sec - in io.druid.common.guava.CombiningSequenceTest
05:15:07.370 [Thread-8] DEBUG f.i.s.r.p.m.o.MavenFilterTestOutputHandler - Running io.druid.common.guava.ComplexSequenceTest
05:15:07.376 [Thread-8] DEBUG f.i.s.r.p.m.o.MavenFilterTestOutputHandler - Tests run: 1, Failures: 0, Errors: 0, Skipped: 0, Time elapsed: 0.004 sec - in io.druid.common.guava.ComplexSequenceTest
05:15:07.376 [Thread-8] DEBUG f.i.s.r.p.m.o.MavenFilterTestOutputHandler - Running io.druid.common.utils.JodaUtilsTest
05:15:07.404 [Thread-8] DEBUG f.i.s.r.p.m.o.MavenFilterTestOutputHandler - Tests run: 7, Failures: 0, Errors: 0, Skipped: 0, Time elapsed: 0.026 sec - in io.druid.common.utils.JodaUtilsTest
05:15:07.404 [Thread-8] DEBUG f.i.s.r.p.m.o.MavenFilterTestOutputHandler - Running io.druid.common.utils.ServletResourceUtilsTest
05:15:07.406 [Thread-8] DEBUG f.i.s.r.p.m.o.MavenFilterTestOutputHandler - Tests run: 1, Failures: 0, Errors: 0, Skipped: 0, Time elapsed: 0 sec - in io.druid.common.utils.ServletResourceUtilsTest
05:15:07.406 [Thread-8] DEBUG f.i.s.r.p.m.o.MavenFilterTestOutputHandler - Running io.druid.common.utils.LogTest
05:15:07.409 [Thread-8] DEBUG f.i.s.r.p.m.o.MavenFilterTestOutputHandler - Tests run: 2, Failures: 0, Errors: 0, Skipped: 1, Time elapsed: 0.001 sec - in io.druid.common.utils.LogTest
05:15:07.409 [Thread-8] DEBUG f.i.s.r.p.m.o.MavenFilterTestOutputHandler - Running io.druid.common.utils.SocketUtilTest
05:15:07.418 [Thread-8] DEBUG f.i.s.r.p.m.o.MavenFilterTestOutputHandler - Tests run: 3, Failures: 0, Errors: 0, Skipped: 0, Time elapsed: 0.005 sec - in io.druid.common.utils.SocketUtilTest
05:15:07.418 [Thread-8] DEBUG f.i.s.r.p.m.o.MavenFilterTestOutputHandler - Running io.druid.common.utils.UUIDUtilsTest
05:15:07.473 [Thread-8] DEBUG f.i.s.r.p.m.o.MavenFilterTestOutputHandler - Tests run: 72, Failures: 0, Errors: 0, Skipped: 0, Time elapsed: 0.056 sec - in io.druid.common.utils.UUIDUtilsTest
05:15:07.473 [Thread-8] DEBUG f.i.s.r.p.m.o.MavenFilterTestOutputHandler - Running io.druid.common.utils.SerializerUtilsTest
05:15:07.489 [Thread-8] DEBUG f.i.s.r.p.m.o.MavenFilterTestOutputHandler - Tests run: 12, Failures: 0, Errors: 0, Skipped: 0, Time elapsed: 0.014 sec - in io.druid.common.utils.SerializerUtilsTest
05:15:07.489 [Thread-8] DEBUG f.i.s.r.p.m.o.MavenFilterTestOutputHandler - Running io.druid.common.utils.PropUtilsTest
05:15:07.491 [Thread-8] DEBUG f.i.s.r.p.m.o.MavenFilterTestOutputHandler - Tests run: 6, Failures: 0, Errors: 0, Skipped: 0, Time elapsed: 0.001 sec - in io.druid.common.utils.PropUtilsTest
05:15:07.491 [Thread-8] DEBUG f.i.s.r.p.m.o.MavenFilterTestOutputHandler - Running io.druid.common.utils.VMUtilsTest
05:15:07.494 [Thread-8] DEBUG f.i.s.r.p.m.o.MavenFilterTestOutputHandler - Tests run: 1, Failures: 0, Errors: 0, Skipped: 0, Time elapsed: 0 sec - in io.druid.common.utils.VMUtilsTest
05:15:07.494 [Thread-8] DEBUG f.i.s.r.p.m.o.MavenFilterTestOutputHandler - Running io.druid.common.utils.StringUtilsTest
05:15:07.495 [Thread-8] DEBUG f.i.s.r.p.m.o.MavenFilterTestOutputHandler - Tests run: 2, Failures: 0, Errors: 0, Skipped: 0, Time elapsed: 0 sec - in io.druid.common.utils.StringUtilsTest
05:15:07.496 [Thread-8] DEBUG f.i.s.r.p.m.o.MavenFilterTestOutputHandler - Running io.druid.guice.LifecycleScopeTest
05:15:07.933 [Thread-8] DEBUG f.i.s.r.p.m.o.MavenFilterTestOutputHandler - Tests run: 3, Failures: 0, Errors: 0, Skipped: 0, Time elapsed: 0.436 sec - in io.druid.guice.LifecycleScopeTest
05:15:07.933 [Thread-8] DEBUG f.i.s.r.p.m.o.MavenFilterTestOutputHandler - Running io.druid.concurrent.LifecycleLockTest
05:15:11.926 [Thread-8] DEBUG f.i.s.r.p.m.o.MavenFilterTestOutputHandler - Tests run: 8, Failures: 0, Errors: 0, Skipped: 0, Time elapsed: 3.992 sec - in io.druid.concurrent.LifecycleLockTest
05:15:11.926 [Thread-8] DEBUG f.i.s.r.p.m.o.MavenFilterTestOutputHandler - Running io.druid.concurrent.ExecsTest
05:15:13.454 [Thread-8] DEBUG f.i.s.r.p.m.o.MavenFilterTestOutputHandler - Tests run: 3, Failures: 0, Errors: 0, Skipped: 0, Time elapsed: 1.526 sec - in io.druid.concurrent.ExecsTest
05:15:13.807 [Thread-8] DEBUG f.i.s.r.p.m.o.MavenFilterTestOutputHandler -
05:15:13.808 [Thread-8] DEBUG f.i.s.r.p.m.o.MavenFilterTestOutputHandler - Results :
05:15:13.808 [Thread-8] DEBUG f.i.s.r.p.m.o.MavenFilterTestOutputHandler -
05:15:13.808 [Thread-8] DEBUG f.i.s.r.p.m.o.MavenFilterTestOutputHandler - Tests run: 324, Failures: 0, Errors: 0, Skipped: 1
05:15:13.808 [Thread-8] DEBUG f.i.s.r.p.m.o.MavenFilterTestOutputHandler -
05:15:13.810 [Thread-8] DEBUG f.i.s.r.p.m.o.MavenFilterTestOutputHandler - [INFO]
05:15:13.810 [Thread-8] DEBUG f.i.s.r.p.m.o.MavenFilterTestOutputHandler - [INFO] --- animal-sniffer-maven-plugin:1.15:check (check-java-api) @ druid-common ---
05:15:13.812 [Thread-8] DEBUG f.i.s.r.p.m.o.MavenFilterTestOutputHandler - [INFO] Checking unresolved references to org.codehaus.mojo.signature:java18:1.0
05:15:15.635 [Thread-8] DEBUG f.i.s.r.p.m.o.MavenFilterTestOutputHandler - [INFO]
05:15:15.636 [Thread-8] DEBUG f.i.s.r.p.m.o.MavenFilterTestOutputHandler - [INFO] ------------------------------------------------------------------------
05:15:15.636 [Thread-8] DEBUG f.i.s.r.p.m.o.MavenFilterTestOutputHandler - [INFO] Building druid-hll 0.11.1-SNAPSHOT
05:15:15.636 [Thread-8] DEBUG f.i.s.r.p.m.o.MavenFilterTestOutputHandler - [INFO] ------------------------------------------------------------------------
05:15:15.667 [Thread-8] DEBUG f.i.s.r.p.m.o.MavenFilterTestOutputHandler - [INFO]
05:15:15.667 [Thread-8] DEBUG f.i.s.r.p.m.o.MavenFilterTestOutputHandler - [INFO] --- maven-checkstyle-plugin:2.17:check (validate) @ druid-hll ---
05:15:15.669 [Thread-8] DEBUG f.i.s.r.p.m.o.MavenFilterTestOutputHandler - [INFO]
05:15:15.670 [Thread-8] DEBUG f.i.s.r.p.m.o.MavenFilterTestOutputHandler - [INFO] >>> maven-pmd-plugin:3.8:check (validate) > :pmd @ druid-hll >>>
05:15:15.677 [Thread-8] DEBUG f.i.s.r.p.m.o.MavenFilterTestOutputHandler - [INFO]
05:15:15.677 [Thread-8] DEBUG f.i.s.r.p.m.o.MavenFilterTestOutputHandler - [INFO] --- maven-pmd-plugin:3.8:pmd (pmd) @ druid-hll ---
05:15:15.682 [Thread-8] DEBUG f.i.s.r.p.m.o.MavenFilterTestOutputHandler - [WARNING] Unable to locate Source XRef to link to - DISABLED
05:15:15.760 [Thread-8] DEBUG f.i.s.r.p.m.o.MavenFilterTestOutputHandler - [INFO]
05:15:15.761 [Thread-8] DEBUG f.i.s.r.p.m.o.MavenFilterTestOutputHandler - [INFO] <<< maven-pmd-plugin:3.8:check (validate) < :pmd @ druid-hll <<<
05:15:15.761 [Thread-8] DEBUG f.i.s.r.p.m.o.MavenFilterTestOutputHandler - [INFO]
05:15:15.761 [Thread-8] DEBUG f.i.s.r.p.m.o.MavenFilterTestOutputHandler - [INFO] --- maven-pmd-plugin:3.8:check (validate) @ druid-hll ---
05:15:15.762 [Thread-8] DEBUG f.i.s.r.p.m.o.MavenFilterTestOutputHandler - [INFO]
05:15:15.763 [Thread-8] DEBUG f.i.s.r.p.m.o.MavenFilterTestOutputHandler - [INFO]
05:15:15.763 [Thread-8] DEBUG f.i.s.r.p.m.o.MavenFilterTestOutputHandler - [INFO] --- forbiddenapis:2.3:check (validate) @ druid-hll ---
05:15:15.767 [Thread-8] DEBUG f.i.s.r.p.m.o.MavenFilterTestOutputHandler - [INFO] Scanning for classes to check...
05:15:15.768 [Thread-8] DEBUG f.i.s.r.p.m.o.MavenFilterTestOutputHandler - [INFO] Reading bundled API signatures: jdk-unsafe-1.8
05:15:15.777 [Thread-8] DEBUG f.i.s.r.p.m.o.MavenFilterTestOutputHandler - [INFO] Reading bundled API signatures: jdk-system-out
05:15:15.777 [Thread-8] DEBUG f.i.s.r.p.m.o.MavenFilterTestOutputHandler - [INFO] Reading API signatures: /root/workspace/druid-io/druid/283008261/codestyle/joda-time-forbidden-apis.txt
05:15:15.785 [Thread-8] DEBUG f.i.s.r.p.m.o.MavenFilterTestOutputHandler - [INFO] Reading API signatures: /root/workspace/druid-io/druid/283008261/codestyle/druid-forbidden-apis.txt
05:15:15.786 [Thread-8] DEBUG f.i.s.r.p.m.o.MavenFilterTestOutputHandler - [INFO] Loading classes to check...
05:15:15.786 [Thread-8] DEBUG f.i.s.r.p.m.o.MavenFilterTestOutputHandler - [INFO] Scanning classes for violations...
05:15:15.796 [Thread-8] DEBUG f.i.s.r.p.m.o.MavenFilterTestOutputHandler - [INFO] Scanned 5 (and 94 related) class file(s) for forbidden API invocations (in 0.03s), 0 error(s).
05:15:15.796 [Thread-8] DEBUG f.i.s.r.p.m.o.MavenFilterTestOutputHandler - [INFO]
05:15:15.796 [Thread-8] DEBUG f.i.s.r.p.m.o.MavenFilterTestOutputHandler - [INFO] --- forbiddenapis:2.3:testCheck (testValidate) @ druid-hll ---
05:15:15.799 [Thread-8] DEBUG f.i.s.r.p.m.o.MavenFilterTestOutputHandler - [INFO] Scanning for classes to check...
05:15:15.800 [Thread-8] DEBUG f.i.s.r.p.m.o.MavenFilterTestOutputHandler - [INFO] Reading bundled API signatures: jdk-unsafe-1.8
05:15:15.808 [Thread-8] DEBUG f.i.s.r.p.m.o.MavenFilterTestOutputHandler - [INFO] Reading API signatures: /root/workspace/druid-io/druid/283008261/codestyle/joda-time-forbidden-apis.txt
05:15:15.816 [Thread-8] DEBUG f.i.s.r.p.m.o.MavenFilterTestOutputHandler - [INFO] Reading API signatures: /root/workspace/druid-io/druid/283008261/codestyle/druid-forbidden-apis.txt
05:15:15.817 [Thread-8] DEBUG f.i.s.r.p.m.o.MavenFilterTestOutputHandler - [INFO] Loading classes to check...
05:15:15.818 [Thread-8] DEBUG f.i.s.r.p.m.o.MavenFilterTestOutputHandler - [INFO] Scanning classes for violations...
05:15:15.839 [Thread-8] DEBUG f.i.s.r.p.m.o.MavenFilterTestOutputHandler - [INFO] Scanned 9 (and 130 related) class file(s) for forbidden API invocations (in 0.04s), 0 error(s).
05:15:15.839 [Thread-8] DEBUG f.i.s.r.p.m.o.MavenFilterTestOutputHandler - [INFO]
05:15:15.840 [Thread-8] DEBUG f.i.s.r.p.m.o.MavenFilterTestOutputHandler - [INFO] --- maven-enforcer-plugin:1.4.1:enforce (enforce-banned-dependencies) @ druid-hll ---
05:15:15.841 [Thread-8] DEBUG f.i.s.r.p.m.o.MavenFilterTestOutputHandler - [INFO] Skipping Rule Enforcement.
05:15:15.842 [Thread-8] DEBUG f.i.s.r.p.m.o.MavenFilterTestOutputHandler - [INFO]
05:15:15.842 [Thread-8] DEBUG f.i.s.r.p.m.o.MavenFilterTestOutputHandler - [INFO] --- maven-resources-plugin:2.5:resources (default-resources) @ druid-hll ---
05:15:15.842 [Thread-8] DEBUG f.i.s.r.p.m.o.MavenFilterTestOutputHandler - [debug] execute contextualize
05:15:15.843 [Thread-8] DEBUG f.i.s.r.p.m.o.MavenFilterTestOutputHandler - [INFO] Using 'UTF-8' encoding to copy filtered resources.
05:15:15.843 [Thread-8] DEBUG f.i.s.r.p.m.o.MavenFilterTestOutputHandler - [INFO] skip non existing resourceDirectory /root/workspace/druid-io/druid/283008261/hll/src/main/resources
05:15:15.843 [Thread-8] DEBUG f.i.s.r.p.m.o.MavenFilterTestOutputHandler - [INFO]
05:15:15.843 [Thread-8] DEBUG f.i.s.r.p.m.o.MavenFilterTestOutputHandler - [INFO] --- maven-compiler-plugin:3.2:compile (default-compile) @ druid-hll ---
05:15:15.858 [Thread-8] DEBUG f.i.s.r.p.m.o.MavenFilterTestOutputHandler - [INFO] Nothing to compile - all classes are up to date
05:15:15.858 [Thread-8] DEBUG f.i.s.r.p.m.o.MavenFilterTestOutputHandler - [INFO]
05:15:15.858 [Thread-8] DEBUG f.i.s.r.p.m.o.MavenFilterTestOutputHandler - [INFO] --- maven-resources-plugin:2.5:testResources (default-testResources) @ druid-hll ---
05:15:15.858 [Thread-8] DEBUG f.i.s.r.p.m.o.MavenFilterTestOutputHandler - [debug] execute contextualize
05:15:15.860 [Thread-8] DEBUG f.i.s.r.p.m.o.MavenFilterTestOutputHandler - [INFO] Using 'UTF-8' encoding to copy filtered resources.
05:15:15.860 [Thread-8] DEBUG f.i.s.r.p.m.o.MavenFilterTestOutputHandler - [INFO] skip non existing resourceDirectory /root/workspace/druid-io/druid/283008261/hll/src/test/resources
05:15:15.860 [Thread-8] DEBUG f.i.s.r.p.m.o.MavenFilterTestOutputHandler - [INFO]
05:15:15.860 [Thread-8] DEBUG f.i.s.r.p.m.o.MavenFilterTestOutputHandler - [INFO] --- maven-compiler-plugin:3.2:testCompile (default-testCompile) @ druid-hll ---
05:15:15.873 [Thread-8] DEBUG f.i.s.r.p.m.o.MavenFilterTestOutputHandler - [INFO] Nothing to compile - all classes are up to date
05:15:15.873 [Thread-8] DEBUG f.i.s.r.p.m.o.MavenFilterTestOutputHandler - [INFO]
05:15:15.873 [Thread-8] DEBUG f.i.s.r.p.m.o.MavenFilterTestOutputHandler - [INFO] --- maven-surefire-plugin:2.19.1:test (default-test) @ druid-hll ---
05:15:15.895 [Thread-8] DEBUG f.i.s.r.p.m.o.MavenFilterTestOutputHandler - [WARNING] The system property user.timezone is configured twice! The property appears in <argLine/> and any of <systemPropertyVariables/>, <systemProperties/> or user property.
05:15:15.901 [Thread-8] DEBUG f.i.s.r.p.m.o.MavenFilterTestOutputHandler -
05:15:15.902 [Thread-8] DEBUG f.i.s.r.p.m.o.MavenFilterTestOutputHandler - -------------------------------------------------------
05:15:15.905 [Thread-8] DEBUG f.i.s.r.p.m.o.MavenFilterTestOutputHandler -  T E S T S
05:15:15.905 [Thread-8] DEBUG f.i.s.r.p.m.o.MavenFilterTestOutputHandler - -------------------------------------------------------
05:15:16.241 [Thread-8] DEBUG f.i.s.r.p.m.o.MavenFilterTestOutputHandler - Running io.druid.hll.HyperLogLogSerdeBenchmarkTest
05:15:16.261 [Thread-8] DEBUG f.i.s.r.p.m.o.MavenFilterTestOutputHandler - Tests run: 1, Failures: 0, Errors: 0, Skipped: 1, Time elapsed: 0.017 sec - in io.druid.hll.HyperLogLogSerdeBenchmarkTest
05:15:16.261 [Thread-8] DEBUG f.i.s.r.p.m.o.MavenFilterTestOutputHandler - Running io.druid.hll.HyperLogLogCollectorTest
05:15:18.001 [Thread-8] DEBUG f.i.s.r.p.m.o.MavenFilterTestOutputHandler - Tests run: 23, Failures: 0, Errors: 0, Skipped: 5, Time elapsed: 1.738 sec - in io.druid.hll.HyperLogLogCollectorTest
05:15:18.378 [Thread-8] DEBUG f.i.s.r.p.m.o.MavenFilterTestOutputHandler -
05:15:18.378 [Thread-8] DEBUG f.i.s.r.p.m.o.MavenFilterTestOutputHandler - Results :
05:15:18.378 [Thread-8] DEBUG f.i.s.r.p.m.o.MavenFilterTestOutputHandler -
05:15:18.379 [Thread-8] DEBUG f.i.s.r.p.m.o.MavenFilterTestOutputHandler - Tests run: 24, Failures: 0, Errors: 0, Skipped: 6
05:15:18.379 [Thread-8] DEBUG f.i.s.r.p.m.o.MavenFilterTestOutputHandler -
05:15:18.383 [Thread-8] DEBUG f.i.s.r.p.m.o.MavenFilterTestOutputHandler - [INFO]
05:15:18.383 [Thread-8] DEBUG f.i.s.r.p.m.o.MavenFilterTestOutputHandler - [INFO] --- animal-sniffer-maven-plugin:1.15:check (check-java-api) @ druid-hll ---
05:15:18.384 [Thread-8] DEBUG f.i.s.r.p.m.o.MavenFilterTestOutputHandler - [INFO] Checking unresolved references to org.codehaus.mojo.signature:java18:1.0
05:15:19.717 [Thread-8] DEBUG f.i.s.r.p.m.o.MavenFilterTestOutputHandler - [INFO]
05:15:19.717 [Thread-8] DEBUG f.i.s.r.p.m.o.MavenFilterTestOutputHandler - [INFO] ------------------------------------------------------------------------
05:15:19.717 [Thread-8] DEBUG f.i.s.r.p.m.o.MavenFilterTestOutputHandler - [INFO] Building extendedset 0.11.1-SNAPSHOT
05:15:19.717 [Thread-8] DEBUG f.i.s.r.p.m.o.MavenFilterTestOutputHandler - [INFO] ------------------------------------------------------------------------
05:15:19.743 [Thread-8] DEBUG f.i.s.r.p.m.o.MavenFilterTestOutputHandler - [INFO]
05:15:19.743 [Thread-8] DEBUG f.i.s.r.p.m.o.MavenFilterTestOutputHandler - [INFO] --- maven-checkstyle-plugin:2.17:check (validate) @ extendedset ---
05:15:19.748 [Thread-8] DEBUG f.i.s.r.p.m.o.MavenFilterTestOutputHandler - [INFO]
05:15:19.748 [Thread-8] DEBUG f.i.s.r.p.m.o.MavenFilterTestOutputHandler - [INFO] >>> maven-pmd-plugin:3.8:check (validate) > :pmd @ extendedset >>>
05:15:19.754 [Thread-8] DEBUG f.i.s.r.p.m.o.MavenFilterTestOutputHandler - [INFO]
05:15:19.755 [Thread-8] DEBUG f.i.s.r.p.m.o.MavenFilterTestOutputHandler - [INFO] --- maven-pmd-plugin:3.8:pmd (pmd) @ extendedset ---
05:15:19.760 [Thread-8] DEBUG f.i.s.r.p.m.o.MavenFilterTestOutputHandler - [WARNING] Unable to locate Source XRef to link to - DISABLED
05:15:20.055 [Thread-8] DEBUG f.i.s.r.p.m.o.MavenFilterTestOutputHandler - [INFO]
05:15:20.055 [Thread-8] DEBUG f.i.s.r.p.m.o.MavenFilterTestOutputHandler - [INFO] <<< maven-pmd-plugin:3.8:check (validate) < :pmd @ extendedset <<<
05:15:20.055 [Thread-8] DEBUG f.i.s.r.p.m.o.MavenFilterTestOutputHandler - [INFO]
05:15:20.055 [Thread-8] DEBUG f.i.s.r.p.m.o.MavenFilterTestOutputHandler - [INFO] --- maven-pmd-plugin:3.8:check (validate) @ extendedset ---
05:15:20.056 [Thread-8] DEBUG f.i.s.r.p.m.o.MavenFilterTestOutputHandler - [INFO]
05:15:20.056 [Thread-8] DEBUG f.i.s.r.p.m.o.MavenFilterTestOutputHandler - [INFO]
05:15:20.056 [Thread-8] DEBUG f.i.s.r.p.m.o.MavenFilterTestOutputHandler - [INFO] --- forbiddenapis:2.3:check (validate) @ extendedset ---
05:15:20.068 [Thread-8] DEBUG f.i.s.r.p.m.o.MavenFilterTestOutputHandler - [INFO] Scanning for classes to check...
05:15:20.072 [Thread-8] DEBUG f.i.s.r.p.m.o.MavenFilterTestOutputHandler - [INFO] Reading bundled API signatures: jdk-unsafe-1.8
05:15:20.080 [Thread-8] DEBUG f.i.s.r.p.m.o.MavenFilterTestOutputHandler - [INFO] Reading bundled API signatures: jdk-system-out
05:15:20.081 [Thread-8] DEBUG f.i.s.r.p.m.o.MavenFilterTestOutputHandler - [INFO] Reading API signatures: /root/workspace/druid-io/druid/283008261/codestyle/joda-time-forbidden-apis.txt
05:15:20.091 [Thread-8] DEBUG f.i.s.r.p.m.o.MavenFilterTestOutputHandler - [INFO] Reading API signatures: /root/workspace/druid-io/druid/283008261/codestyle/druid-forbidden-apis.txt
05:15:20.094 [Thread-8] DEBUG f.i.s.r.p.m.o.MavenFilterTestOutputHandler - [INFO] Loading classes to check...
05:15:20.095 [Thread-8] DEBUG f.i.s.r.p.m.o.MavenFilterTestOutputHandler - [INFO] Scanning classes for violations...
05:15:20.122 [Thread-8] DEBUG f.i.s.r.p.m.o.MavenFilterTestOutputHandler - [INFO] Scanned 24 (and 131 related) class file(s) for forbidden API invocations (in 0.05s), 0 error(s).
05:15:20.122 [Thread-8] DEBUG f.i.s.r.p.m.o.MavenFilterTestOutputHandler - [INFO]
05:15:20.122 [Thread-8] DEBUG f.i.s.r.p.m.o.MavenFilterTestOutputHandler - [INFO] --- forbiddenapis:2.3:testCheck (testValidate) @ extendedset ---
05:15:20.125 [Thread-8] DEBUG f.i.s.r.p.m.o.MavenFilterTestOutputHandler - [INFO] Scanning for classes to check...
05:15:20.126 [Thread-8] DEBUG f.i.s.r.p.m.o.MavenFilterTestOutputHandler - [INFO] Reading bundled API signatures: jdk-unsafe-1.8
05:15:20.133 [Thread-8] DEBUG f.i.s.r.p.m.o.MavenFilterTestOutputHandler - [INFO] Reading API signatures: /root/workspace/druid-io/druid/283008261/codestyle/joda-time-forbidden-apis.txt
05:15:20.144 [Thread-8] DEBUG f.i.s.r.p.m.o.MavenFilterTestOutputHandler - [INFO] Reading API signatures: /root/workspace/druid-io/druid/283008261/codestyle/druid-forbidden-apis.txt
05:15:20.145 [Thread-8] DEBUG f.i.s.r.p.m.o.MavenFilterTestOutputHandler - [INFO] Loading classes to check...
05:15:20.145 [Thread-8] DEBUG f.i.s.r.p.m.o.MavenFilterTestOutputHandler - [INFO] Scanning classes for violations...
05:15:20.156 [Thread-8] DEBUG f.i.s.r.p.m.o.MavenFilterTestOutputHandler - [INFO] Scanned 2 (and 98 related) class file(s) for forbidden API invocations (in 0.03s), 0 error(s).
05:15:20.157 [Thread-8] DEBUG f.i.s.r.p.m.o.MavenFilterTestOutputHandler - [INFO]
05:15:20.157 [Thread-8] DEBUG f.i.s.r.p.m.o.MavenFilterTestOutputHandler - [INFO] --- maven-enforcer-plugin:1.4.1:enforce (enforce-banned-dependencies) @ extendedset ---
05:15:20.157 [Thread-8] DEBUG f.i.s.r.p.m.o.MavenFilterTestOutputHandler - [INFO] Skipping Rule Enforcement.
05:15:20.157 [Thread-8] DEBUG f.i.s.r.p.m.o.MavenFilterTestOutputHandler - [INFO]
05:15:20.157 [Thread-8] DEBUG f.i.s.r.p.m.o.MavenFilterTestOutputHandler - [INFO] --- maven-resources-plugin:2.5:resources (default-resources) @ extendedset ---
05:15:20.157 [Thread-8] DEBUG f.i.s.r.p.m.o.MavenFilterTestOutputHandler - [debug] execute contextualize
05:15:20.157 [Thread-8] DEBUG f.i.s.r.p.m.o.MavenFilterTestOutputHandler - [INFO] Using 'UTF-8' encoding to copy filtered resources.
05:15:20.157 [Thread-8] DEBUG f.i.s.r.p.m.o.MavenFilterTestOutputHandler - [INFO] skip non existing resourceDirectory /root/workspace/druid-io/druid/283008261/extendedset/src/main/resources
05:15:20.163 [Thread-8] DEBUG f.i.s.r.p.m.o.MavenFilterTestOutputHandler - [INFO]
05:15:20.163 [Thread-8] DEBUG f.i.s.r.p.m.o.MavenFilterTestOutputHandler - [INFO] --- maven-compiler-plugin:3.2:compile (default-compile) @ extendedset ---
05:15:20.177 [Thread-8] DEBUG f.i.s.r.p.m.o.MavenFilterTestOutputHandler - [INFO] Nothing to compile - all classes are up to date
05:15:20.178 [Thread-8] DEBUG f.i.s.r.p.m.o.MavenFilterTestOutputHandler - [INFO]
05:15:20.178 [Thread-8] DEBUG f.i.s.r.p.m.o.MavenFilterTestOutputHandler - [INFO] --- maven-resources-plugin:2.5:testResources (default-testResources) @ extendedset ---
05:15:20.178 [Thread-8] DEBUG f.i.s.r.p.m.o.MavenFilterTestOutputHandler - [debug] execute contextualize
05:15:20.179 [Thread-8] DEBUG f.i.s.r.p.m.o.MavenFilterTestOutputHandler - [INFO] Using 'UTF-8' encoding to copy filtered resources.
05:15:20.179 [Thread-8] DEBUG f.i.s.r.p.m.o.MavenFilterTestOutputHandler - [INFO] skip non existing resourceDirectory /root/workspace/druid-io/druid/283008261/extendedset/src/test/resources
05:15:20.180 [Thread-8] DEBUG f.i.s.r.p.m.o.MavenFilterTestOutputHandler - [INFO]
05:15:20.180 [Thread-8] DEBUG f.i.s.r.p.m.o.MavenFilterTestOutputHandler - [INFO] --- maven-compiler-plugin:3.2:testCompile (default-testCompile) @ extendedset ---
05:15:20.197 [Thread-8] DEBUG f.i.s.r.p.m.o.MavenFilterTestOutputHandler - [INFO] Nothing to compile - all classes are up to date
05:15:20.198 [Thread-8] DEBUG f.i.s.r.p.m.o.MavenFilterTestOutputHandler - [INFO]
05:15:20.198 [Thread-8] DEBUG f.i.s.r.p.m.o.MavenFilterTestOutputHandler - [INFO] --- maven-surefire-plugin:2.19.1:test (default-test) @ extendedset ---
05:15:20.200 [Thread-8] DEBUG f.i.s.r.p.m.o.MavenFilterTestOutputHandler - [WARNING] The system property user.timezone is configured twice! The property appears in <argLine/> and any of <systemPropertyVariables/>, <systemProperties/> or user property.
05:15:20.202 [Thread-8] DEBUG f.i.s.r.p.m.o.MavenFilterTestOutputHandler -
05:15:20.202 [Thread-8] DEBUG f.i.s.r.p.m.o.MavenFilterTestOutputHandler - -------------------------------------------------------
05:15:20.202 [Thread-8] DEBUG f.i.s.r.p.m.o.MavenFilterTestOutputHandler -  T E S T S
05:15:20.202 [Thread-8] DEBUG f.i.s.r.p.m.o.MavenFilterTestOutputHandler - -------------------------------------------------------
05:15:20.468 [Thread-8] DEBUG f.i.s.r.p.m.o.MavenFilterTestOutputHandler - Running io.druid.extendedset.intset.ImmutableConciseSetIntersectionTest
05:15:20.674 [Thread-8] DEBUG f.i.s.r.p.m.o.MavenFilterTestOutputHandler - Tests run: 50, Failures: 0, Errors: 0, Skipped: 0, Time elapsed: 0.204 sec - in io.druid.extendedset.intset.ImmutableConciseSetIntersectionTest
05:15:20.674 [Thread-8] DEBUG f.i.s.r.p.m.o.MavenFilterTestOutputHandler - Running io.druid.extendedset.intset.ImmutableConciseSetTest
05:15:35.258 [Thread-8] DEBUG f.i.s.r.p.m.o.MavenFilterTestOutputHandler - Tests run: 64, Failures: 0, Errors: 0, Skipped: 0, Time elapsed: 14.582 sec - in io.druid.extendedset.intset.ImmutableConciseSetTest
05:15:35.594 [Thread-8] DEBUG f.i.s.r.p.m.o.MavenFilterTestOutputHandler -
05:15:35.594 [Thread-8] DEBUG f.i.s.r.p.m.o.MavenFilterTestOutputHandler - Results :
05:15:35.594 [Thread-8] DEBUG f.i.s.r.p.m.o.MavenFilterTestOutputHandler -
05:15:35.594 [Thread-8] DEBUG f.i.s.r.p.m.o.MavenFilterTestOutputHandler - Tests run: 114, Failures: 0, Errors: 0, Skipped: 0
05:15:35.594 [Thread-8] DEBUG f.i.s.r.p.m.o.MavenFilterTestOutputHandler -
05:15:35.596 [Thread-8] DEBUG f.i.s.r.p.m.o.MavenFilterTestOutputHandler - [INFO]
05:15:35.596 [Thread-8] DEBUG f.i.s.r.p.m.o.MavenFilterTestOutputHandler - [INFO] --- animal-sniffer-maven-plugin:1.15:check (check-java-api) @ extendedset ---
05:15:35.597 [Thread-8] DEBUG f.i.s.r.p.m.o.MavenFilterTestOutputHandler - [INFO] Checking unresolved references to org.codehaus.mojo.signature:java18:1.0
05:15:36.585 [Thread-8] DEBUG f.i.s.r.p.m.o.MavenFilterTestOutputHandler - [INFO]
05:15:36.585 [Thread-8] DEBUG f.i.s.r.p.m.o.MavenFilterTestOutputHandler - [INFO] ------------------------------------------------------------------------
05:15:36.585 [Thread-8] DEBUG f.i.s.r.p.m.o.MavenFilterTestOutputHandler - [INFO] Building bytebuffer-collections 0.11.1-SNAPSHOT
05:15:36.585 [Thread-8] DEBUG f.i.s.r.p.m.o.MavenFilterTestOutputHandler - [INFO] ------------------------------------------------------------------------
05:15:36.619 [Thread-8] DEBUG f.i.s.r.p.m.o.MavenFilterTestOutputHandler - [INFO]
05:15:36.619 [Thread-8] DEBUG f.i.s.r.p.m.o.MavenFilterTestOutputHandler - [INFO] --- maven-checkstyle-plugin:2.17:check (validate) @ bytebuffer-collections ---
05:15:36.621 [Thread-8] DEBUG f.i.s.r.p.m.o.MavenFilterTestOutputHandler - [INFO]
05:15:36.621 [Thread-8] DEBUG f.i.s.r.p.m.o.MavenFilterTestOutputHandler - [INFO] >>> maven-pmd-plugin:3.8:check (validate) > :pmd @ bytebuffer-collections >>>
05:15:36.628 [Thread-8] DEBUG f.i.s.r.p.m.o.MavenFilterTestOutputHandler - [INFO]
05:15:36.629 [Thread-8] DEBUG f.i.s.r.p.m.o.MavenFilterTestOutputHandler - [INFO] --- maven-pmd-plugin:3.8:pmd (pmd) @ bytebuffer-collections ---
05:15:36.633 [Thread-8] DEBUG f.i.s.r.p.m.o.MavenFilterTestOutputHandler - [WARNING] Unable to locate Source XRef to link to - DISABLED
05:15:36.758 [Thread-8] DEBUG f.i.s.r.p.m.o.MavenFilterTestOutputHandler - [INFO]
05:15:36.759 [Thread-8] DEBUG f.i.s.r.p.m.o.MavenFilterTestOutputHandler - [INFO] <<< maven-pmd-plugin:3.8:check (validate) < :pmd @ bytebuffer-collections <<<
05:15:36.759 [Thread-8] DEBUG f.i.s.r.p.m.o.MavenFilterTestOutputHandler - [INFO]
05:15:36.759 [Thread-8] DEBUG f.i.s.r.p.m.o.MavenFilterTestOutputHandler - [INFO] --- maven-pmd-plugin:3.8:check (validate) @ bytebuffer-collections ---
05:15:36.759 [Thread-8] DEBUG f.i.s.r.p.m.o.MavenFilterTestOutputHandler - [INFO]
05:15:36.759 [Thread-8] DEBUG f.i.s.r.p.m.o.MavenFilterTestOutputHandler - [INFO]
05:15:36.760 [Thread-8] DEBUG f.i.s.r.p.m.o.MavenFilterTestOutputHandler - [INFO] --- forbiddenapis:2.3:check (validate) @ bytebuffer-collections ---
05:15:36.764 [Thread-8] DEBUG f.i.s.r.p.m.o.MavenFilterTestOutputHandler - [INFO] Scanning for classes to check...
05:15:36.768 [Thread-8] DEBUG f.i.s.r.p.m.o.MavenFilterTestOutputHandler - [INFO] Reading bundled API signatures: jdk-unsafe-1.8
05:15:36.779 [Thread-8] DEBUG f.i.s.r.p.m.o.MavenFilterTestOutputHandler - [INFO] Reading bundled API signatures: jdk-system-out
05:15:36.780 [Thread-8] DEBUG f.i.s.r.p.m.o.MavenFilterTestOutputHandler - [INFO] Reading API signatures: /root/workspace/druid-io/druid/283008261/codestyle/joda-time-forbidden-apis.txt
05:15:36.786 [Thread-8] DEBUG f.i.s.r.p.m.o.MavenFilterTestOutputHandler - [INFO] Reading API signatures: /root/workspace/druid-io/druid/283008261/codestyle/druid-forbidden-apis.txt
05:15:36.788 [Thread-8] DEBUG f.i.s.r.p.m.o.MavenFilterTestOutputHandler - [INFO] Loading classes to check...
05:15:36.791 [Thread-8] DEBUG f.i.s.r.p.m.o.MavenFilterTestOutputHandler - [INFO] Scanning classes for violations...
05:15:36.821 [Thread-8] DEBUG f.i.s.r.p.m.o.MavenFilterTestOutputHandler - [INFO] Scanned 53 (and 134 related) class file(s) for forbidden API invocations (in 0.06s), 0 error(s).
05:15:36.821 [Thread-8] DEBUG f.i.s.r.p.m.o.MavenFilterTestOutputHandler - [INFO]
05:15:36.821 [Thread-8] DEBUG f.i.s.r.p.m.o.MavenFilterTestOutputHandler - [INFO] --- forbiddenapis:2.3:testCheck (testValidate) @ bytebuffer-collections ---
05:15:36.824 [Thread-8] DEBUG f.i.s.r.p.m.o.MavenFilterTestOutputHandler - [INFO] Scanning for classes to check...
05:15:36.827 [Thread-8] DEBUG f.i.s.r.p.m.o.MavenFilterTestOutputHandler - [INFO] Reading bundled API signatures: jdk-unsafe-1.8
05:15:36.835 [Thread-8] DEBUG f.i.s.r.p.m.o.MavenFilterTestOutputHandler - [INFO] Reading API signatures: /root/workspace/druid-io/druid/283008261/codestyle/joda-time-forbidden-apis.txt
05:15:36.842 [Thread-8] DEBUG f.i.s.r.p.m.o.MavenFilterTestOutputHandler - [INFO] Reading API signatures: /root/workspace/druid-io/druid/283008261/codestyle/druid-forbidden-apis.txt
05:15:36.844 [Thread-8] DEBUG f.i.s.r.p.m.o.MavenFilterTestOutputHandler - [INFO] Loading classes to check...
05:15:36.845 [Thread-8] DEBUG f.i.s.r.p.m.o.MavenFilterTestOutputHandler - [INFO] Scanning classes for violations...
05:15:36.879 [Thread-8] DEBUG f.i.s.r.p.m.o.MavenFilterTestOutputHandler - [INFO] Scanned 26 (and 178 related) class file(s) for forbidden API invocations (in 0.05s), 0 error(s).
05:15:36.879 [Thread-8] DEBUG f.i.s.r.p.m.o.MavenFilterTestOutputHandler - [INFO]
05:15:36.879 [Thread-8] DEBUG f.i.s.r.p.m.o.MavenFilterTestOutputHandler - [INFO] --- maven-enforcer-plugin:1.4.1:enforce (enforce-banned-dependencies) @ bytebuffer-collections ---
05:15:36.880 [Thread-8] DEBUG f.i.s.r.p.m.o.MavenFilterTestOutputHandler - [INFO] Skipping Rule Enforcement.
05:15:36.880 [Thread-8] DEBUG f.i.s.r.p.m.o.MavenFilterTestOutputHandler - [INFO]
05:15:36.881 [Thread-8] DEBUG f.i.s.r.p.m.o.MavenFilterTestOutputHandler - [INFO] --- maven-resources-plugin:2.5:resources (default-resources) @ bytebuffer-collections ---
05:15:36.881 [Thread-8] DEBUG f.i.s.r.p.m.o.MavenFilterTestOutputHandler - [debug] execute contextualize
05:15:36.881 [Thread-8] DEBUG f.i.s.r.p.m.o.MavenFilterTestOutputHandler - [INFO] Using 'UTF-8' encoding to copy filtered resources.
05:15:36.881 [Thread-8] DEBUG f.i.s.r.p.m.o.MavenFilterTestOutputHandler - [INFO] skip non existing resourceDirectory /root/workspace/druid-io/druid/283008261/bytebuffer-collections/src/main/resources
05:15:36.881 [Thread-8] DEBUG f.i.s.r.p.m.o.MavenFilterTestOutputHandler - [INFO]
05:15:36.881 [Thread-8] DEBUG f.i.s.r.p.m.o.MavenFilterTestOutputHandler - [INFO] --- maven-compiler-plugin:3.2:compile (default-compile) @ bytebuffer-collections ---
05:15:36.902 [Thread-8] DEBUG f.i.s.r.p.m.o.MavenFilterTestOutputHandler - [INFO] Nothing to compile - all classes are up to date
05:15:36.902 [Thread-8] DEBUG f.i.s.r.p.m.o.MavenFilterTestOutputHandler - [INFO]
05:15:36.902 [Thread-8] DEBUG f.i.s.r.p.m.o.MavenFilterTestOutputHandler - [INFO] --- maven-resources-plugin:2.5:testResources (default-testResources) @ bytebuffer-collections ---
05:15:36.902 [Thread-8] DEBUG f.i.s.r.p.m.o.MavenFilterTestOutputHandler - [debug] execute contextualize
05:15:36.903 [Thread-8] DEBUG f.i.s.r.p.m.o.MavenFilterTestOutputHandler - [INFO] Using 'UTF-8' encoding to copy filtered resources.
05:15:36.903 [Thread-8] DEBUG f.i.s.r.p.m.o.MavenFilterTestOutputHandler - [INFO] skip non existing resourceDirectory /root/workspace/druid-io/druid/283008261/bytebuffer-collections/src/test/resources
05:15:36.903 [Thread-8] DEBUG f.i.s.r.p.m.o.MavenFilterTestOutputHandler - [INFO]
05:15:36.903 [Thread-8] DEBUG f.i.s.r.p.m.o.MavenFilterTestOutputHandler - [INFO] --- maven-compiler-plugin:3.2:testCompile (default-testCompile) @ bytebuffer-collections ---
05:15:36.923 [Thread-8] DEBUG f.i.s.r.p.m.o.MavenFilterTestOutputHandler - [INFO] Nothing to compile - all classes are up to date
05:15:36.923 [Thread-8] DEBUG f.i.s.r.p.m.o.MavenFilterTestOutputHandler - [INFO]
05:15:36.924 [Thread-8] DEBUG f.i.s.r.p.m.o.MavenFilterTestOutputHandler - [INFO] --- maven-surefire-plugin:2.19.1:test (default-test) @ bytebuffer-collections ---
05:15:36.929 [Thread-8] DEBUG f.i.s.r.p.m.o.MavenFilterTestOutputHandler - [WARNING] The system property user.timezone is configured twice! The property appears in <argLine/> and any of <systemPropertyVariables/>, <systemProperties/> or user property.
05:15:36.932 [Thread-8] DEBUG f.i.s.r.p.m.o.MavenFilterTestOutputHandler - [INFO] Downloading: https://repo.maven.apache.org/maven2/org/apache/maven/surefire/surefire-junit47/2.19.1/surefire-junit47-2.19.1.pom
05:15:36.955 [Thread-8] DEBUG f.i.s.r.p.m.o.MavenFilterTestOutputHandler - [INFO] Downloaded: https://repo.maven.apache.org/maven2/org/apache/maven/surefire/surefire-junit47/2.19.1/surefire-junit47-2.19.1.pom (7 KB at 264.7 KB/sec)
05:15:36.993 [Thread-8] DEBUG f.i.s.r.p.m.o.MavenFilterTestOutputHandler - [INFO] Downloading: https://repo.maven.apache.org/maven2/org/apache/maven/surefire/common-junit48/2.19.1/common-junit48-2.19.1.pom
05:15:37.012 [Thread-8] DEBUG f.i.s.r.p.m.o.MavenFilterTestOutputHandler - [INFO] Downloaded: https://repo.maven.apache.org/maven2/org/apache/maven/surefire/common-junit48/2.19.1/common-junit48-2.19.1.pom (4 KB at 150.5 KB/sec)
05:15:37.040 [Thread-8] DEBUG f.i.s.r.p.m.o.MavenFilterTestOutputHandler - [INFO] Downloading: https://repo.maven.apache.org/maven2/org/apache/maven/surefire/common-junit4/2.19.1/common-junit4-2.19.1.pom
05:15:37.060 [Thread-8] DEBUG f.i.s.r.p.m.o.MavenFilterTestOutputHandler - [INFO] Downloaded: https://repo.maven.apache.org/maven2/org/apache/maven/surefire/common-junit4/2.19.1/common-junit4-2.19.1.pom (3 KB at 104.2 KB/sec)
05:15:37.087 [Thread-8] DEBUG f.i.s.r.p.m.o.MavenFilterTestOutputHandler - [INFO] Downloading: https://repo.maven.apache.org/maven2/org/apache/maven/surefire/common-junit3/2.19.1/common-junit3-2.19.1.pom
05:15:37.112 [Thread-8] DEBUG f.i.s.r.p.m.o.MavenFilterTestOutputHandler - [INFO] Downloaded: https://repo.maven.apache.org/maven2/org/apache/maven/surefire/common-junit3/2.19.1/common-junit3-2.19.1.pom (2 KB at 61.7 KB/sec)
05:15:37.141 [Thread-8] DEBUG f.i.s.r.p.m.o.MavenFilterTestOutputHandler - [INFO] Downloading: https://repo.maven.apache.org/maven2/org/apache/maven/surefire/common-java5/2.19.1/common-java5-2.19.1.pom
05:15:37.160 [Thread-8] DEBUG f.i.s.r.p.m.o.MavenFilterTestOutputHandler - [INFO] Downloaded: https://repo.maven.apache.org/maven2/org/apache/maven/surefire/common-java5/2.19.1/common-java5-2.19.1.pom (3 KB at 137.6 KB/sec)
05:15:37.192 [Thread-8] DEBUG f.i.s.r.p.m.o.MavenFilterTestOutputHandler - [INFO] Downloading: https://repo.maven.apache.org/maven2/org/apache/maven/shared/maven-shared-utils/0.9/maven-shared-utils-0.9.pom
05:15:37.211 [Thread-8] DEBUG f.i.s.r.p.m.o.MavenFilterTestOutputHandler - [INFO] Downloaded: https://repo.maven.apache.org/maven2/org/apache/maven/shared/maven-shared-utils/0.9/maven-shared-utils-0.9.pom (7 KB at 320.0 KB/sec)
05:15:37.233 [Thread-8] DEBUG f.i.s.r.p.m.o.MavenFilterTestOutputHandler - [INFO] Downloading: https://repo.maven.apache.org/maven2/org/apache/maven/surefire/surefire-grouper/2.19.1/surefire-grouper-2.19.1.pom
05:15:37.252 [Thread-8] DEBUG f.i.s.r.p.m.o.MavenFilterTestOutputHandler - [INFO] Downloaded: https://repo.maven.apache.org/maven2/org/apache/maven/surefire/surefire-grouper/2.19.1/surefire-grouper-2.19.1.pom (3 KB at 135.1 KB/sec)
05:15:37.283 [Thread-8] DEBUG f.i.s.r.p.m.o.MavenFilterTestOutputHandler - [INFO] Downloading: https://repo.maven.apache.org/maven2/org/apache/maven/surefire/common-junit48/2.19.1/common-junit48-2.19.1.jar
05:15:37.283 [Thread-8] DEBUG f.i.s.r.p.m.o.MavenFilterTestOutputHandler - [INFO] Downloading: https://repo.maven.apache.org/maven2/org/apache/maven/surefire/common-junit4/2.19.1/common-junit4-2.19.1.jar
05:15:37.284 [Thread-8] DEBUG f.i.s.r.p.m.o.MavenFilterTestOutputHandler - [INFO] Downloading: https://repo.maven.apache.org/maven2/org/apache/maven/surefire/common-junit3/2.19.1/common-junit3-2.19.1.jar
05:15:37.287 [Thread-8] DEBUG f.i.s.r.p.m.o.MavenFilterTestOutputHandler - [INFO] Downloading: https://repo.maven.apache.org/maven2/org/apache/maven/surefire/surefire-junit47/2.19.1/surefire-junit47-2.19.1.jar
05:15:37.288 [Thread-8] DEBUG f.i.s.r.p.m.o.MavenFilterTestOutputHandler - [INFO] Downloading: https://repo.maven.apache.org/maven2/org/apache/maven/surefire/common-java5/2.19.1/common-java5-2.19.1.jar
05:15:37.311 [Thread-8] DEBUG f.i.s.r.p.m.o.MavenFilterTestOutputHandler - [INFO] Downloaded: https://repo.maven.apache.org/maven2/org/apache/maven/surefire/common-junit48/2.19.1/common-junit48-2.19.1.jar (23 KB at 790.7 KB/sec)
05:15:37.349 [Thread-8] DEBUG f.i.s.r.p.m.o.MavenFilterTestOutputHandler - [INFO] Downloaded: https://repo.maven.apache.org/maven2/org/apache/maven/surefire/common-junit3/2.19.1/common-junit3-2.19.1.jar (12 KB at 172.9 KB/sec)
05:15:37.353 [Thread-8] DEBUG f.i.s.r.p.m.o.MavenFilterTestOutputHandler - [INFO] Downloading: https://repo.maven.apache.org/maven2/org/apache/maven/surefire/surefire-grouper/2.19.1/surefire-grouper-2.19.1.jar
05:15:37.355 [Thread-8] DEBUG f.i.s.r.p.m.o.MavenFilterTestOutputHandler - [INFO] Downloading: https://repo.maven.apache.org/maven2/org/apache/maven/shared/maven-shared-utils/0.9/maven-shared-utils-0.9.jar
05:15:37.359 [Thread-8] DEBUG f.i.s.r.p.m.o.MavenFilterTestOutputHandler - [INFO] Downloaded: https://repo.maven.apache.org/maven2/org/apache/maven/surefire/common-junit4/2.19.1/common-junit4-2.19.1.jar (26 KB at 328.6 KB/sec)
05:15:37.365 [Thread-8] DEBUG f.i.s.r.p.m.o.MavenFilterTestOutputHandler - [INFO] Downloaded: https://repo.maven.apache.org/maven2/org/apache/maven/surefire/common-java5/2.19.1/common-java5-2.19.1.jar (44 KB at 559.6 KB/sec)
05:15:37.377 [Thread-8] DEBUG f.i.s.r.p.m.o.MavenFilterTestOutputHandler - [INFO] Downloaded: https://repo.maven.apache.org/maven2/org/apache/maven/surefire/surefire-junit47/2.19.1/surefire-junit47-2.19.1.jar (150 KB at 1683.4 KB/sec)
05:15:37.379 [Thread-8] DEBUG f.i.s.r.p.m.o.MavenFilterTestOutputHandler - [INFO] Downloaded: https://repo.maven.apache.org/maven2/org/apache/maven/surefire/surefire-grouper/2.19.1/surefire-grouper-2.19.1.jar (38 KB at 1441.2 KB/sec)
05:15:37.415 [Thread-8] DEBUG f.i.s.r.p.m.o.MavenFilterTestOutputHandler - [INFO] Downloaded: https://repo.maven.apache.org/maven2/org/apache/maven/shared/maven-shared-utils/0.9/maven-shared-utils-0.9.jar (168 KB at 2794.2 KB/sec)
05:15:37.418 [Thread-8] DEBUG f.i.s.r.p.m.o.MavenFilterTestOutputHandler -
05:15:37.418 [Thread-8] DEBUG f.i.s.r.p.m.o.MavenFilterTestOutputHandler - -------------------------------------------------------
05:15:37.418 [Thread-8] DEBUG f.i.s.r.p.m.o.MavenFilterTestOutputHandler -  T E S T S
05:15:37.418 [Thread-8] DEBUG f.i.s.r.p.m.o.MavenFilterTestOutputHandler - -------------------------------------------------------
05:15:38.222 [Thread-8] DEBUG f.i.s.r.p.m.o.MavenFilterTestOutputHandler - Running io.druid.collections.spatial.RTreeTest
05:15:38.280 [Thread-8] DEBUG f.i.s.r.p.m.o.MavenFilterTestOutputHandler - Tests run: 5, Failures: 0, Errors: 0, Skipped: 0, Time elapsed: 0.057 sec - in io.druid.collections.spatial.RTreeTest
05:15:38.280 [Thread-8] DEBUG f.i.s.r.p.m.o.MavenFilterTestOutputHandler - Running io.druid.collections.spatial.ImmutableRTreeTest
05:15:39.200 [Thread-8] DEBUG f.i.s.r.p.m.o.MavenFilterTestOutputHandler - Tests run: 16, Failures: 0, Errors: 0, Skipped: 0, Time elapsed: 0.915 sec - in io.druid.collections.spatial.ImmutableRTreeTest
05:15:39.201 [Thread-8] DEBUG f.i.s.r.p.m.o.MavenFilterTestOutputHandler - Running io.druid.collections.spatial.search.PolygonBoundTest
05:15:39.204 [Thread-8] DEBUG f.i.s.r.p.m.o.MavenFilterTestOutputHandler - Tests run: 2, Failures: 0, Errors: 0, Skipped: 0, Time elapsed: 0.003 sec - in io.druid.collections.spatial.search.PolygonBoundTest
05:15:39.204 [Thread-8] DEBUG f.i.s.r.p.m.o.MavenFilterTestOutputHandler - Running io.druid.collections.spatial.search.RadiusBoundTest
05:15:39.206 [Thread-8] DEBUG f.i.s.r.p.m.o.MavenFilterTestOutputHandler - Tests run: 1, Failures: 0, Errors: 0, Skipped: 0, Time elapsed: 0.001 sec - in io.druid.collections.spatial.search.RadiusBoundTest
05:15:39.209 [Thread-8] DEBUG f.i.s.r.p.m.o.MavenFilterTestOutputHandler - Running io.druid.collections.spatial.search.RectangularBoundTest
05:15:39.209 [Thread-8] DEBUG f.i.s.r.p.m.o.MavenFilterTestOutputHandler - Tests run: 1, Failures: 0, Errors: 0, Skipped: 0, Time elapsed: 0 sec - in io.druid.collections.spatial.search.RectangularBoundTest
05:15:39.209 [Thread-8] DEBUG f.i.s.r.p.m.o.MavenFilterTestOutputHandler - Running io.druid.collections.spatial.split.LinearGutmanSplitStrategyTest
05:15:39.211 [Thread-8] DEBUG f.i.s.r.p.m.o.MavenFilterTestOutputHandler - Tests run: 4, Failures: 0, Errors: 0, Skipped: 0, Time elapsed: 0 sec - in io.druid.collections.spatial.split.LinearGutmanSplitStrategyTest
05:15:39.216 [Thread-8] DEBUG f.i.s.r.p.m.o.MavenFilterTestOutputHandler - Running io.druid.collections.TestIntegerSet
05:15:39.218 [Thread-8] DEBUG f.i.s.r.p.m.o.MavenFilterTestOutputHandler - Tests run: 12, Failures: 0, Errors: 0, Skipped: 0, Time elapsed: 0.001 sec - in io.druid.collections.TestIntegerSet
05:15:39.218 [Thread-8] DEBUG f.i.s.r.p.m.o.MavenFilterTestOutputHandler - Running io.druid.collections.bitmap.RoaringBitmapFactoryTest
05:15:39.224 [Thread-8] DEBUG f.i.s.r.p.m.o.MavenFilterTestOutputHandler - Tests run: 3, Failures: 0, Errors: 0, Skipped: 0, Time elapsed: 0.005 sec - in io.druid.collections.bitmap.RoaringBitmapFactoryTest
05:15:39.224 [Thread-8] DEBUG f.i.s.r.p.m.o.MavenFilterTestOutputHandler - Running io.druid.collections.bitmap.WrappedBitSetBitmapBitSetTest
05:15:39.230 [Thread-8] DEBUG f.i.s.r.p.m.o.MavenFilterTestOutputHandler - Tests run: 10, Failures: 0, Errors: 0, Skipped: 0, Time elapsed: 0.004 sec - in io.druid.collections.bitmap.WrappedBitSetBitmapBitSetTest
05:15:39.230 [Thread-8] DEBUG f.i.s.r.p.m.o.MavenFilterTestOutputHandler - Running io.druid.collections.bitmap.ConciseBitmapFactoryTest
05:15:39.241 [Thread-8] DEBUG f.i.s.r.p.m.o.MavenFilterTestOutputHandler - Tests run: 3, Failures: 0, Errors: 0, Skipped: 0, Time elapsed: 0.01 sec - in io.druid.collections.bitmap.ConciseBitmapFactoryTest
05:15:39.242 [Thread-8] DEBUG f.i.s.r.p.m.o.MavenFilterTestOutputHandler - Running io.druid.collections.bitmap.WrappedRoaringBitmapTest
05:15:39.248 [Thread-8] DEBUG f.i.s.r.p.m.o.MavenFilterTestOutputHandler - Tests run: 4, Failures: 0, Errors: 0, Skipped: 0, Time elapsed: 0.006 sec - in io.druid.collections.bitmap.WrappedRoaringBitmapTest
05:15:39.248 [Thread-8] DEBUG f.i.s.r.p.m.o.MavenFilterTestOutputHandler - Running com.google.common.collect.testing.testers.CollectionAddAllTester
05:15:39.255 [Thread-8] DEBUG f.i.s.r.p.m.o.MavenFilterTestOutputHandler - Tests run: 2, Failures: 0, Errors: 0, Skipped: 0, Time elapsed: 0.005 sec - in com.google.common.collect.testing.testers.CollectionAddAllTester
05:15:39.255 [Thread-8] DEBUG f.i.s.r.p.m.o.MavenFilterTestOutputHandler - Running com.google.common.collect.testing.testers.CollectionAddTester
05:15:39.257 [Thread-8] DEBUG f.i.s.r.p.m.o.MavenFilterTestOutputHandler - Tests run: 1, Failures: 0, Errors: 0, Skipped: 0, Time elapsed: 0.001 sec - in com.google.common.collect.testing.testers.CollectionAddTester
05:15:39.257 [Thread-8] DEBUG f.i.s.r.p.m.o.MavenFilterTestOutputHandler - Running com.google.common.collect.testing.testers.CollectionClearTester
05:15:39.258 [Thread-8] DEBUG f.i.s.r.p.m.o.MavenFilterTestOutputHandler - Tests run: 1, Failures: 0, Errors: 0, Skipped: 0, Time elapsed: 0 sec - in com.google.common.collect.testing.testers.CollectionClearTester
05:15:39.258 [Thread-8] DEBUG f.i.s.r.p.m.o.MavenFilterTestOutputHandler - Running com.google.common.collect.testing.testers.CollectionContainsAllTester
05:15:39.268 [Thread-8] DEBUG f.i.s.r.p.m.o.MavenFilterTestOutputHandler - Tests run: 7, Failures: 0, Errors: 0, Skipped: 0, Time elapsed: 0.005 sec - in com.google.common.collect.testing.testers.CollectionContainsAllTester
05:15:39.268 [Thread-8] DEBUG f.i.s.r.p.m.o.MavenFilterTestOutputHandler - Running com.google.common.collect.testing.testers.CollectionContainsTester
05:15:39.271 [Thread-8] DEBUG f.i.s.r.p.m.o.MavenFilterTestOutputHandler - Tests run: 3, Failures: 0, Errors: 0, Skipped: 0, Time elapsed: 0 sec - in com.google.common.collect.testing.testers.CollectionContainsTester
05:15:39.271 [Thread-8] DEBUG f.i.s.r.p.m.o.MavenFilterTestOutputHandler - Running com.google.common.collect.testing.testers.CollectionEqualsTester
05:15:39.271 [Thread-8] DEBUG f.i.s.r.p.m.o.MavenFilterTestOutputHandler - Tests run: 3, Failures: 0, Errors: 0, Skipped: 0, Time elapsed: 0 sec - in com.google.common.collect.testing.testers.CollectionEqualsTester
05:15:39.271 [Thread-8] DEBUG f.i.s.r.p.m.o.MavenFilterTestOutputHandler - Running com.google.common.collect.testing.testers.CollectionIsEmptyTester
05:15:39.271 [Thread-8] DEBUG f.i.s.r.p.m.o.MavenFilterTestOutputHandler - Tests run: 1, Failures: 0, Errors: 0, Skipped: 0, Time elapsed: 0 sec - in com.google.common.collect.testing.testers.CollectionIsEmptyTester
05:15:39.271 [Thread-8] DEBUG f.i.s.r.p.m.o.MavenFilterTestOutputHandler - Running com.google.common.collect.testing.testers.CollectionIteratorTester
05:15:39.352 [Thread-8] DEBUG f.i.s.r.p.m.o.MavenFilterTestOutputHandler - Tests run: 4, Failures: 0, Errors: 0, Skipped: 0, Time elapsed: 0.079 sec - in com.google.common.collect.testing.testers.CollectionIteratorTester
05:15:39.352 [Thread-8] DEBUG f.i.s.r.p.m.o.MavenFilterTestOutputHandler - Running com.google.common.collect.testing.testers.CollectionRemoveAllTester
05:15:39.353 [Thread-8] DEBUG f.i.s.r.p.m.o.MavenFilterTestOutputHandler - Tests run: 2, Failures: 0, Errors: 0, Skipped: 0, Time elapsed: 0.001 sec - in com.google.common.collect.testing.testers.CollectionRemoveAllTester
05:15:39.353 [Thread-8] DEBUG f.i.s.r.p.m.o.MavenFilterTestOutputHandler - Running com.google.common.collect.testing.testers.CollectionRemoveTester
05:15:39.353 [Thread-8] DEBUG f.i.s.r.p.m.o.MavenFilterTestOutputHandler - Tests run: 1, Failures: 0, Errors: 0, Skipped: 0, Time elapsed: 0 sec - in com.google.common.collect.testing.testers.CollectionRemoveTester
05:15:39.356 [Thread-8] DEBUG f.i.s.r.p.m.o.MavenFilterTestOutputHandler - Running com.google.common.collect.testing.testers.CollectionRetainAllTester
05:15:39.356 [Thread-8] DEBUG f.i.s.r.p.m.o.MavenFilterTestOutputHandler - Tests run: 4, Failures: 0, Errors: 0, Skipped: 0, Time elapsed: 0 sec - in com.google.common.collect.testing.testers.CollectionRetainAllTester
05:15:39.360 [Thread-8] DEBUG f.i.s.r.p.m.o.MavenFilterTestOutputHandler - Running com.google.common.collect.testing.testers.CollectionSizeTester
05:15:39.360 [Thread-8] DEBUG f.i.s.r.p.m.o.MavenFilterTestOutputHandler - Tests run: 1, Failures: 0, Errors: 0, Skipped: 0, Time elapsed: 0.001 sec - in com.google.common.collect.testing.testers.CollectionSizeTester
05:15:39.360 [Thread-8] DEBUG f.i.s.r.p.m.o.MavenFilterTestOutputHandler - Running com.google.common.collect.testing.testers.CollectionToArrayTester
05:15:39.364 [Thread-8] DEBUG f.i.s.r.p.m.o.MavenFilterTestOutputHandler - Tests run: 12, Failures: 0, Errors: 0, Skipped: 0, Time elapsed: 0 sec - in com.google.common.collect.testing.testers.CollectionToArrayTester
05:15:39.368 [Thread-8] DEBUG f.i.s.r.p.m.o.MavenFilterTestOutputHandler - Running com.google.common.collect.testing.testers.CollectionToStringTester
05:15:39.368 [Thread-8] DEBUG f.i.s.r.p.m.o.MavenFilterTestOutputHandler - Tests run: 2, Failures: 0, Errors: 0, Skipped: 0, Time elapsed: 0.001 sec - in com.google.common.collect.testing.testers.CollectionToStringTester
05:15:39.368 [Thread-8] DEBUG f.i.s.r.p.m.o.MavenFilterTestOutputHandler - Running com.google.common.collect.testing.ExampleIteratorTester
05:15:39.372 [Thread-8] DEBUG f.i.s.r.p.m.o.MavenFilterTestOutputHandler - Tests run: 1, Failures: 0, Errors: 0, Skipped: 0, Time elapsed: 0 sec - in com.google.common.collect.testing.ExampleIteratorTester
05:15:39.372 [Thread-8] DEBUG f.i.s.r.p.m.o.MavenFilterTestOutputHandler - Running com.google.common.collect.testing.testers.CollectionAddAllTester
05:15:39.376 [Thread-8] DEBUG f.i.s.r.p.m.o.MavenFilterTestOutputHandler - Tests run: 4, Failures: 0, Errors: 0, Skipped: 0, Time elapsed: 0 sec - in com.google.common.collect.testing.testers.CollectionAddAllTester
05:15:39.376 [Thread-8] DEBUG f.i.s.r.p.m.o.MavenFilterTestOutputHandler - Running com.google.common.collect.testing.testers.CollectionAddTester
05:15:39.379 [Thread-8] DEBUG f.i.s.r.p.m.o.MavenFilterTestOutputHandler - Tests run: 2, Failures: 0, Errors: 0, Skipped: 0, Time elapsed: 0 sec - in com.google.common.collect.testing.testers.CollectionAddTester
05:15:39.379 [Thread-8] DEBUG f.i.s.r.p.m.o.MavenFilterTestOutputHandler - Running com.google.common.collect.testing.testers.CollectionClearTester
05:15:39.380 [Thread-8] DEBUG f.i.s.r.p.m.o.MavenFilterTestOutputHandler - Tests run: 1, Failures: 0, Errors: 0, Skipped: 0, Time elapsed: 0 sec - in com.google.common.collect.testing.testers.CollectionClearTester
05:15:39.380 [Thread-8] DEBUG f.i.s.r.p.m.o.MavenFilterTestOutputHandler - Running com.google.common.collect.testing.testers.CollectionContainsAllTester
05:15:39.384 [Thread-8] DEBUG f.i.s.r.p.m.o.MavenFilterTestOutputHandler - Tests run: 8, Failures: 0, Errors: 0, Skipped: 0, Time elapsed: 0 sec - in com.google.common.collect.testing.testers.CollectionContainsAllTester
05:15:39.384 [Thread-8] DEBUG f.i.s.r.p.m.o.MavenFilterTestOutputHandler - Running com.google.common.collect.testing.testers.CollectionContainsTester
05:15:39.384 [Thread-8] DEBUG f.i.s.r.p.m.o.MavenFilterTestOutputHandler - Tests run: 4, Failures: 0, Errors: 0, Skipped: 0, Time elapsed: 0 sec - in com.google.common.collect.testing.testers.CollectionContainsTester
05:15:39.385 [Thread-8] DEBUG f.i.s.r.p.m.o.MavenFilterTestOutputHandler - Running com.google.common.collect.testing.testers.CollectionCreationTester
05:15:39.385 [Thread-8] DEBUG f.i.s.r.p.m.o.MavenFilterTestOutputHandler - Tests run: 1, Failures: 0, Errors: 0, Skipped: 0, Time elapsed: 0 sec - in com.google.common.collect.testing.testers.CollectionCreationTester
05:15:39.385 [Thread-8] DEBUG f.i.s.r.p.m.o.MavenFilterTestOutputHandler - Running com.google.common.collect.testing.testers.CollectionEqualsTester
05:15:39.388 [Thread-8] DEBUG f.i.s.r.p.m.o.MavenFilterTestOutputHandler - Tests run: 3, Failures: 0, Errors: 0, Skipped: 0, Time elapsed: 0 sec - in com.google.common.collect.testing.testers.CollectionEqualsTester
05:15:39.388 [Thread-8] DEBUG f.i.s.r.p.m.o.MavenFilterTestOutputHandler - Running com.google.common.collect.testing.testers.CollectionIsEmptyTester
05:15:39.388 [Thread-8] DEBUG f.i.s.r.p.m.o.MavenFilterTestOutputHandler - Tests run: 1, Failures: 0, Errors: 0, Skipped: 0, Time elapsed: 0 sec - in com.google.common.collect.testing.testers.CollectionIsEmptyTester
05:15:39.388 [Thread-8] DEBUG f.i.s.r.p.m.o.MavenFilterTestOutputHandler - Running com.google.common.collect.testing.testers.CollectionIteratorTester
05:15:39.408 [Thread-8] DEBUG f.i.s.r.p.m.o.MavenFilterTestOutputHandler - Tests run: 4, Failures: 0, Errors: 0, Skipped: 0, Time elapsed: 0.017 sec - in com.google.common.collect.testing.testers.CollectionIteratorTester
05:15:39.409 [Thread-8] DEBUG f.i.s.r.p.m.o.MavenFilterTestOutputHandler - Running com.google.common.collect.testing.testers.CollectionRemoveAllTester
05:15:39.412 [Thread-8] DEBUG f.i.s.r.p.m.o.MavenFilterTestOutputHandler - Tests run: 3, Failures: 0, Errors: 0, Skipped: 0, Time elapsed: 0 sec - in com.google.common.collect.testing.testers.CollectionRemoveAllTester
05:15:39.412 [Thread-8] DEBUG f.i.s.r.p.m.o.MavenFilterTestOutputHandler - Running com.google.common.collect.testing.testers.CollectionRemoveTester
05:15:39.416 [Thread-8] DEBUG f.i.s.r.p.m.o.MavenFilterTestOutputHandler - Tests run: 3, Failures: 0, Errors: 0, Skipped: 0, Time elapsed: 0 sec - in com.google.common.collect.testing.testers.CollectionRemoveTester
05:15:39.416 [Thread-8] DEBUG f.i.s.r.p.m.o.MavenFilterTestOutputHandler - Running com.google.common.collect.testing.testers.CollectionRetainAllTester
05:15:39.424 [Thread-8] DEBUG f.i.s.r.p.m.o.MavenFilterTestOutputHandler - Tests run: 4, Failures: 0, Errors: 0, Skipped: 0, Time elapsed: 0 sec - in com.google.common.collect.testing.testers.CollectionRetainAllTester
05:15:39.424 [Thread-8] DEBUG f.i.s.r.p.m.o.MavenFilterTestOutputHandler - Running com.google.common.collect.testing.testers.CollectionSizeTester
05:15:39.424 [Thread-8] DEBUG f.i.s.r.p.m.o.MavenFilterTestOutputHandler - Tests run: 1, Failures: 0, Errors: 0, Skipped: 0, Time elapsed: 0 sec - in com.google.common.collect.testing.testers.CollectionSizeTester
05:15:39.424 [Thread-8] DEBUG f.i.s.r.p.m.o.MavenFilterTestOutputHandler - Running com.google.common.collect.testing.testers.CollectionToArrayTester
05:15:39.428 [Thread-8] DEBUG f.i.s.r.p.m.o.MavenFilterTestOutputHandler - Tests run: 12, Failures: 0, Errors: 0, Skipped: 0, Time elapsed: 0 sec - in com.google.common.collect.testing.testers.CollectionToArrayTester
05:15:39.428 [Thread-8] DEBUG f.i.s.r.p.m.o.MavenFilterTestOutputHandler - Running com.google.common.collect.testing.testers.CollectionToStringTester
05:15:39.429 [Thread-8] DEBUG f.i.s.r.p.m.o.MavenFilterTestOutputHandler - Tests run: 2, Failures: 0, Errors: 0, Skipped: 0, Time elapsed: 0 sec - in com.google.common.collect.testing.testers.CollectionToStringTester
05:15:39.429 [Thread-8] DEBUG f.i.s.r.p.m.o.MavenFilterTestOutputHandler - Running com.google.common.collect.testing.ExampleIteratorTester
05:15:39.434 [Thread-8] DEBUG f.i.s.r.p.m.o.MavenFilterTestOutputHandler - Tests run: 1, Failures: 0, Errors: 0, Skipped: 0, Time elapsed: 0 sec - in com.google.common.collect.testing.ExampleIteratorTester
05:15:39.435 [Thread-8] DEBUG f.i.s.r.p.m.o.MavenFilterTestOutputHandler - Running com.google.common.collect.testing.testers.CollectionAddAllTester
05:15:39.440 [Thread-8] DEBUG f.i.s.r.p.m.o.MavenFilterTestOutputHandler - Tests run: 4, Failures: 0, Errors: 0, Skipped: 0, Time elapsed: 0 sec - in com.google.common.collect.testing.testers.CollectionAddAllTester
05:15:39.440 [Thread-8] DEBUG f.i.s.r.p.m.o.MavenFilterTestOutputHandler - Running com.google.common.collect.testing.testers.CollectionAddTester
05:15:39.441 [Thread-8] DEBUG f.i.s.r.p.m.o.MavenFilterTestOutputHandler - Tests run: 2, Failures: 0, Errors: 0, Skipped: 0, Time elapsed: 0 sec - in com.google.common.collect.testing.testers.CollectionAddTester
05:15:39.441 [Thread-8] DEBUG f.i.s.r.p.m.o.MavenFilterTestOutputHandler - Running com.google.common.collect.testing.testers.CollectionClearTester
05:15:39.441 [Thread-8] DEBUG f.i.s.r.p.m.o.MavenFilterTestOutputHandler - Tests run: 1, Failures: 0, Errors: 0, Skipped: 0, Time elapsed: 0 sec - in com.google.common.collect.testing.testers.CollectionClearTester
05:15:39.441 [Thread-8] DEBUG f.i.s.r.p.m.o.MavenFilterTestOutputHandler - Running com.google.common.collect.testing.testers.CollectionContainsAllTester
05:15:39.444 [Thread-8] DEBUG f.i.s.r.p.m.o.MavenFilterTestOutputHandler - Tests run: 8, Failures: 0, Errors: 0, Skipped: 0, Time elapsed: 0 sec - in com.google.common.collect.testing.testers.CollectionContainsAllTester
05:15:39.444 [Thread-8] DEBUG f.i.s.r.p.m.o.MavenFilterTestOutputHandler - Running com.google.common.collect.testing.testers.CollectionContainsTester
05:15:39.444 [Thread-8] DEBUG f.i.s.r.p.m.o.MavenFilterTestOutputHandler - Tests run: 4, Failures: 0, Errors: 0, Skipped: 0, Time elapsed: 0 sec - in com.google.common.collect.testing.testers.CollectionContainsTester
05:15:39.445 [Thread-8] DEBUG f.i.s.r.p.m.o.MavenFilterTestOutputHandler - Running com.google.common.collect.testing.testers.CollectionCreationTester
05:15:39.445 [Thread-8] DEBUG f.i.s.r.p.m.o.MavenFilterTestOutputHandler - Tests run: 1, Failures: 0, Errors: 0, Skipped: 0, Time elapsed: 0 sec - in com.google.common.collect.testing.testers.CollectionCreationTester
05:15:39.445 [Thread-8] DEBUG f.i.s.r.p.m.o.MavenFilterTestOutputHandler - Running com.google.common.collect.testing.testers.CollectionEqualsTester
05:15:39.452 [Thread-8] DEBUG f.i.s.r.p.m.o.MavenFilterTestOutputHandler - Tests run: 3, Failures: 0, Errors: 0, Skipped: 0, Time elapsed: 0.001 sec - in com.google.common.collect.testing.testers.CollectionEqualsTester
05:15:39.452 [Thread-8] DEBUG f.i.s.r.p.m.o.MavenFilterTestOutputHandler - Running com.google.common.collect.testing.testers.CollectionIsEmptyTester
05:15:39.453 [Thread-8] DEBUG f.i.s.r.p.m.o.MavenFilterTestOutputHandler - Tests run: 1, Failures: 0, Errors: 0, Skipped: 0, Time elapsed: 0 sec - in com.google.common.collect.testing.testers.CollectionIsEmptyTester
05:15:39.453 [Thread-8] DEBUG f.i.s.r.p.m.o.MavenFilterTestOutputHandler - Running com.google.common.collect.testing.testers.CollectionIteratorTester
05:15:39.457 [Thread-8] DEBUG f.i.s.r.p.m.o.MavenFilterTestOutputHandler - Tests run: 4, Failures: 0, Errors: 0, Skipped: 0, Time elapsed: 0.005 sec - in com.google.common.collect.testing.testers.CollectionIteratorTester
05:15:39.458 [Thread-8] DEBUG f.i.s.r.p.m.o.MavenFilterTestOutputHandler - Running com.google.common.collect.testing.testers.CollectionRemoveAllTester
05:15:39.464 [Thread-8] DEBUG f.i.s.r.p.m.o.MavenFilterTestOutputHandler - Tests run: 3, Failures: 0, Errors: 0, Skipped: 0, Time elapsed: 0 sec - in com.google.common.collect.testing.testers.CollectionRemoveAllTester
05:15:39.464 [Thread-8] DEBUG f.i.s.r.p.m.o.MavenFilterTestOutputHandler - Running com.google.common.collect.testing.testers.CollectionRemoveTester
05:15:39.464 [Thread-8] DEBUG f.i.s.r.p.m.o.MavenFilterTestOutputHandler - Tests run: 3, Failures: 0, Errors: 0, Skipped: 0, Time elapsed: 0 sec - in com.google.common.collect.testing.testers.CollectionRemoveTester
05:15:39.465 [Thread-8] DEBUG f.i.s.r.p.m.o.MavenFilterTestOutputHandler - Running com.google.common.collect.testing.testers.CollectionRetainAllTester
05:15:39.465 [Thread-8] DEBUG f.i.s.r.p.m.o.MavenFilterTestOutputHandler - Tests run: 6, Failures: 0, Errors: 0, Skipped: 0, Time elapsed: 0 sec - in com.google.common.collect.testing.testers.CollectionRetainAllTester
05:15:39.465 [Thread-8] DEBUG f.i.s.r.p.m.o.MavenFilterTestOutputHandler - Running com.google.common.collect.testing.testers.CollectionSizeTester
05:15:39.465 [Thread-8] DEBUG f.i.s.r.p.m.o.MavenFilterTestOutputHandler - Tests run: 1, Failures: 0, Errors: 0, Skipped: 0, Time elapsed: 0 sec - in com.google.common.collect.testing.testers.CollectionSizeTester
05:15:39.465 [Thread-8] DEBUG f.i.s.r.p.m.o.MavenFilterTestOutputHandler - Running com.google.common.collect.testing.testers.CollectionToArrayTester
05:15:39.472 [Thread-8] DEBUG f.i.s.r.p.m.o.MavenFilterTestOutputHandler - Tests run: 12, Failures: 0, Errors: 0, Skipped: 0, Time elapsed: 0.006 sec - in com.google.common.collect.testing.testers.CollectionToArrayTester
05:15:39.473 [Thread-8] DEBUG f.i.s.r.p.m.o.MavenFilterTestOutputHandler - Running com.google.common.collect.testing.testers.CollectionToStringTester
05:15:39.473 [Thread-8] DEBUG f.i.s.r.p.m.o.MavenFilterTestOutputHandler - Tests run: 2, Failures: 0, Errors: 0, Skipped: 0, Time elapsed: 0.001 sec - in com.google.common.collect.testing.testers.CollectionToStringTester
05:15:39.473 [Thread-8] DEBUG f.i.s.r.p.m.o.MavenFilterTestOutputHandler - Running com.google.common.collect.testing.ExampleIteratorTester
05:15:39.473 [Thread-8] DEBUG f.i.s.r.p.m.o.MavenFilterTestOutputHandler - Tests run: 1, Failures: 0, Errors: 0, Skipped: 0, Time elapsed: 0 sec - in com.google.common.collect.testing.ExampleIteratorTester
05:15:39.473 [Thread-8] DEBUG f.i.s.r.p.m.o.MavenFilterTestOutputHandler - Running com.google.common.collect.testing.testers.CollectionAddAllTester
05:15:39.484 [Thread-8] DEBUG f.i.s.r.p.m.o.MavenFilterTestOutputHandler - Tests run: 2, Failures: 0, Errors: 0, Skipped: 0, Time elapsed: 0 sec - in com.google.common.collect.testing.testers.CollectionAddAllTester
05:15:39.485 [Thread-8] DEBUG f.i.s.r.p.m.o.MavenFilterTestOutputHandler - Running com.google.common.collect.testing.testers.CollectionAddTester
05:15:39.485 [Thread-8] DEBUG f.i.s.r.p.m.o.MavenFilterTestOutputHandler - Tests run: 1, Failures: 0, Errors: 0, Skipped: 0, Time elapsed: 0 sec - in com.google.common.collect.testing.testers.CollectionAddTester
05:15:39.485 [Thread-8] DEBUG f.i.s.r.p.m.o.MavenFilterTestOutputHandler - Running com.google.common.collect.testing.testers.CollectionClearTester
05:15:39.485 [Thread-8] DEBUG f.i.s.r.p.m.o.MavenFilterTestOutputHandler - Tests run: 1, Failures: 0, Errors: 0, Skipped: 0, Time elapsed: 0 sec - in com.google.common.collect.testing.testers.CollectionClearTester
05:15:39.485 [Thread-8] DEBUG f.i.s.r.p.m.o.MavenFilterTestOutputHandler - Running com.google.common.collect.testing.testers.CollectionContainsAllTester
05:15:39.488 [Thread-8] DEBUG f.i.s.r.p.m.o.MavenFilterTestOutputHandler - Tests run: 7, Failures: 0, Errors: 0, Skipped: 0, Time elapsed: 0 sec - in com.google.common.collect.testing.testers.CollectionContainsAllTester
05:15:39.488 [Thread-8] DEBUG f.i.s.r.p.m.o.MavenFilterTestOutputHandler - Running com.google.common.collect.testing.testers.CollectionContainsTester
05:15:39.489 [Thread-8] DEBUG f.i.s.r.p.m.o.MavenFilterTestOutputHandler - Tests run: 3, Failures: 0, Errors: 0, Skipped: 0, Time elapsed: 0 sec - in com.google.common.collect.testing.testers.CollectionContainsTester
05:15:39.489 [Thread-8] DEBUG f.i.s.r.p.m.o.MavenFilterTestOutputHandler - Running com.google.common.collect.testing.testers.CollectionEqualsTester
05:15:39.489 [Thread-8] DEBUG f.i.s.r.p.m.o.MavenFilterTestOutputHandler - Tests run: 3, Failures: 0, Errors: 0, Skipped: 0, Time elapsed: 0 sec - in com.google.common.collect.testing.testers.CollectionEqualsTester
05:15:39.489 [Thread-8] DEBUG f.i.s.r.p.m.o.MavenFilterTestOutputHandler - Running com.google.common.collect.testing.testers.CollectionIsEmptyTester
05:15:39.498 [Thread-8] DEBUG f.i.s.r.p.m.o.MavenFilterTestOutputHandler - Tests run: 1, Failures: 0, Errors: 0, Skipped: 0, Time elapsed: 0 sec - in com.google.common.collect.testing.testers.CollectionIsEmptyTester
05:15:39.498 [Thread-8] DEBUG f.i.s.r.p.m.o.MavenFilterTestOutputHandler - Running com.google.common.collect.testing.testers.CollectionIteratorTester
05:15:39.526 [Thread-8] DEBUG f.i.s.r.p.m.o.MavenFilterTestOutputHandler - Tests run: 4, Failures: 0, Errors: 0, Skipped: 0, Time elapsed: 0.026 sec - in com.google.common.collect.testing.testers.CollectionIteratorTester
05:15:39.526 [Thread-8] DEBUG f.i.s.r.p.m.o.MavenFilterTestOutputHandler - Running com.google.common.collect.testing.testers.CollectionRemoveAllTester
05:15:39.528 [Thread-8] DEBUG f.i.s.r.p.m.o.MavenFilterTestOutputHandler - Tests run: 2, Failures: 0, Errors: 0, Skipped: 0, Time elapsed: 0 sec - in com.google.common.collect.testing.testers.CollectionRemoveAllTester
05:15:39.529 [Thread-8] DEBUG f.i.s.r.p.m.o.MavenFilterTestOutputHandler - Running com.google.common.collect.testing.testers.CollectionRemoveTester
05:15:39.530 [Thread-8] DEBUG f.i.s.r.p.m.o.MavenFilterTestOutputHandler - Tests run: 1, Failures: 0, Errors: 0, Skipped: 0, Time elapsed: 0 sec - in com.google.common.collect.testing.testers.CollectionRemoveTester
05:15:39.530 [Thread-8] DEBUG f.i.s.r.p.m.o.MavenFilterTestOutputHandler - Running com.google.common.collect.testing.testers.CollectionRetainAllTester
05:15:39.532 [Thread-8] DEBUG f.i.s.r.p.m.o.MavenFilterTestOutputHandler - Tests run: 4, Failures: 0, Errors: 0, Skipped: 0, Time elapsed: 0.001 sec - in com.google.common.collect.testing.testers.CollectionRetainAllTester
05:15:39.532 [Thread-8] DEBUG f.i.s.r.p.m.o.MavenFilterTestOutputHandler - Running com.google.common.collect.testing.testers.CollectionSizeTester
05:15:39.533 [Thread-8] DEBUG f.i.s.r.p.m.o.MavenFilterTestOutputHandler - Tests run: 1, Failures: 0, Errors: 0, Skipped: 0, Time elapsed: 0.001 sec - in com.google.common.collect.testing.testers.CollectionSizeTester
05:15:39.534 [Thread-8] DEBUG f.i.s.r.p.m.o.MavenFilterTestOutputHandler - Running com.google.common.collect.testing.testers.CollectionToArrayTester
05:15:39.541 [Thread-8] DEBUG f.i.s.r.p.m.o.MavenFilterTestOutputHandler - Tests run: 12, Failures: 0, Errors: 0, Skipped: 0, Time elapsed: 0 sec - in com.google.common.collect.testing.testers.CollectionToArrayTester
05:15:39.541 [Thread-8] DEBUG f.i.s.r.p.m.o.MavenFilterTestOutputHandler - Running com.google.common.collect.testing.testers.CollectionToStringTester
05:15:39.542 [Thread-8] DEBUG f.i.s.r.p.m.o.MavenFilterTestOutputHandler - Tests run: 2, Failures: 0, Errors: 0, Skipped: 0, Time elapsed: 0 sec - in com.google.common.collect.testing.testers.CollectionToStringTester
05:15:39.542 [Thread-8] DEBUG f.i.s.r.p.m.o.MavenFilterTestOutputHandler - Running com.google.common.collect.testing.ExampleIteratorTester
05:15:39.543 [Thread-8] DEBUG f.i.s.r.p.m.o.MavenFilterTestOutputHandler - Tests run: 1, Failures: 0, Errors: 0, Skipped: 0, Time elapsed: 0 sec - in com.google.common.collect.testing.ExampleIteratorTester
05:15:39.544 [Thread-8] DEBUG f.i.s.r.p.m.o.MavenFilterTestOutputHandler - Running com.google.common.collect.testing.testers.CollectionAddAllTester
05:15:39.547 [Thread-8] DEBUG f.i.s.r.p.m.o.MavenFilterTestOutputHandler - Tests run: 4, Failures: 0, Errors: 0, Skipped: 0, Time elapsed: 0 sec - in com.google.common.collect.testing.testers.CollectionAddAllTester
05:15:39.547 [Thread-8] DEBUG f.i.s.r.p.m.o.MavenFilterTestOutputHandler - Running com.google.common.collect.testing.testers.CollectionAddTester
05:15:39.551 [Thread-8] DEBUG f.i.s.r.p.m.o.MavenFilterTestOutputHandler - Tests run: 2, Failures: 0, Errors: 0, Skipped: 0, Time elapsed: 0 sec - in com.google.common.collect.testing.testers.CollectionAddTester
05:15:39.552 [Thread-8] DEBUG f.i.s.r.p.m.o.MavenFilterTestOutputHandler - Running com.google.common.collect.testing.testers.CollectionClearTester
05:15:39.553 [Thread-8] DEBUG f.i.s.r.p.m.o.MavenFilterTestOutputHandler - Tests run: 1, Failures: 0, Errors: 0, Skipped: 0, Time elapsed: 0 sec - in com.google.common.collect.testing.testers.CollectionClearTester
05:15:39.553 [Thread-8] DEBUG f.i.s.r.p.m.o.MavenFilterTestOutputHandler - Running com.google.common.collect.testing.testers.CollectionContainsAllTester
05:15:39.555 [Thread-8] DEBUG f.i.s.r.p.m.o.MavenFilterTestOutputHandler - Tests run: 8, Failures: 0, Errors: 0, Skipped: 0, Time elapsed: 0 sec - in com.google.common.collect.testing.testers.CollectionContainsAllTester
05:15:39.556 [Thread-8] DEBUG f.i.s.r.p.m.o.MavenFilterTestOutputHandler - Running com.google.common.collect.testing.testers.CollectionContainsTester
05:15:39.564 [Thread-8] DEBUG f.i.s.r.p.m.o.MavenFilterTestOutputHandler - Tests run: 4, Failures: 0, Errors: 0, Skipped: 0, Time elapsed: 0 sec - in com.google.common.collect.testing.testers.CollectionContainsTester
05:15:39.565 [Thread-8] DEBUG f.i.s.r.p.m.o.MavenFilterTestOutputHandler - Running com.google.common.collect.testing.testers.CollectionCreationTester
05:15:39.571 [Thread-8] DEBUG f.i.s.r.p.m.o.MavenFilterTestOutputHandler - Tests run: 1, Failures: 0, Errors: 0, Skipped: 0, Time elapsed: 0 sec - in com.google.common.collect.testing.testers.CollectionCreationTester
05:15:39.571 [Thread-8] DEBUG f.i.s.r.p.m.o.MavenFilterTestOutputHandler - Running com.google.common.collect.testing.testers.CollectionEqualsTester
05:15:39.572 [Thread-8] DEBUG f.i.s.r.p.m.o.MavenFilterTestOutputHandler - Tests run: 3, Failures: 0, Errors: 0, Skipped: 0, Time elapsed: 0 sec - in com.google.common.collect.testing.testers.CollectionEqualsTester
05:15:39.573 [Thread-8] DEBUG f.i.s.r.p.m.o.MavenFilterTestOutputHandler - Running com.google.common.collect.testing.testers.CollectionIsEmptyTester
05:15:39.574 [Thread-8] DEBUG f.i.s.r.p.m.o.MavenFilterTestOutputHandler - Tests run: 1, Failures: 0, Errors: 0, Skipped: 0, Time elapsed: 0 sec - in com.google.common.collect.testing.testers.CollectionIsEmptyTester
05:15:39.574 [Thread-8] DEBUG f.i.s.r.p.m.o.MavenFilterTestOutputHandler - Running com.google.common.collect.testing.testers.CollectionIteratorTester
05:15:39.577 [Thread-8] DEBUG f.i.s.r.p.m.o.MavenFilterTestOutputHandler - Tests run: 4, Failures: 0, Errors: 0, Skipped: 0, Time elapsed: 0 sec - in com.google.common.collect.testing.testers.CollectionIteratorTester
05:15:39.577 [Thread-8] DEBUG f.i.s.r.p.m.o.MavenFilterTestOutputHandler - Running com.google.common.collect.testing.testers.CollectionRemoveAllTester
05:15:39.578 [Thread-8] DEBUG f.i.s.r.p.m.o.MavenFilterTestOutputHandler - Tests run: 3, Failures: 0, Errors: 0, Skipped: 0, Time elapsed: 0 sec - in com.google.common.collect.testing.testers.CollectionRemoveAllTester
05:15:39.578 [Thread-8] DEBUG f.i.s.r.p.m.o.MavenFilterTestOutputHandler - Running com.google.common.collect.testing.testers.CollectionRemoveTester
05:15:39.579 [Thread-8] DEBUG f.i.s.r.p.m.o.MavenFilterTestOutputHandler - Tests run: 3, Failures: 0, Errors: 0, Skipped: 0, Time elapsed: 0 sec - in com.google.common.collect.testing.testers.CollectionRemoveTester
05:15:39.580 [Thread-8] DEBUG f.i.s.r.p.m.o.MavenFilterTestOutputHandler - Running com.google.common.collect.testing.testers.CollectionRetainAllTester
05:15:39.581 [Thread-8] DEBUG f.i.s.r.p.m.o.MavenFilterTestOutputHandler - Tests run: 4, Failures: 0, Errors: 0, Skipped: 0, Time elapsed: 0 sec - in com.google.common.collect.testing.testers.CollectionRetainAllTester
05:15:39.581 [Thread-8] DEBUG f.i.s.r.p.m.o.MavenFilterTestOutputHandler - Running com.google.common.collect.testing.testers.CollectionSizeTester
05:15:39.585 [Thread-8] DEBUG f.i.s.r.p.m.o.MavenFilterTestOutputHandler - Tests run: 1, Failures: 0, Errors: 0, Skipped: 0, Time elapsed: 0 sec - in com.google.common.collect.testing.testers.CollectionSizeTester
05:15:39.590 [Thread-8] DEBUG f.i.s.r.p.m.o.MavenFilterTestOutputHandler - Running com.google.common.collect.testing.testers.CollectionToArrayTester
05:15:39.590 [Thread-8] DEBUG f.i.s.r.p.m.o.MavenFilterTestOutputHandler - Tests run: 12, Failures: 0, Errors: 0, Skipped: 0, Time elapsed: 0 sec - in com.google.common.collect.testing.testers.CollectionToArrayTester
05:15:39.590 [Thread-8] DEBUG f.i.s.r.p.m.o.MavenFilterTestOutputHandler - Running com.google.common.collect.testing.testers.CollectionToStringTester
05:15:39.590 [Thread-8] DEBUG f.i.s.r.p.m.o.MavenFilterTestOutputHandler - Tests run: 2, Failures: 0, Errors: 0, Skipped: 0, Time elapsed: 0 sec - in com.google.common.collect.testing.testers.CollectionToStringTester
05:15:39.590 [Thread-8] DEBUG f.i.s.r.p.m.o.MavenFilterTestOutputHandler - Running com.google.common.collect.testing.ExampleIteratorTester
05:15:39.590 [Thread-8] DEBUG f.i.s.r.p.m.o.MavenFilterTestOutputHandler - Tests run: 1, Failures: 0, Errors: 0, Skipped: 0, Time elapsed: 0 sec - in com.google.common.collect.testing.ExampleIteratorTester
05:15:39.590 [Thread-8] DEBUG f.i.s.r.p.m.o.MavenFilterTestOutputHandler - Running com.google.common.collect.testing.testers.CollectionAddAllTester
05:15:39.592 [Thread-8] DEBUG f.i.s.r.p.m.o.MavenFilterTestOutputHandler - Tests run: 4, Failures: 0, Errors: 0, Skipped: 0, Time elapsed: 0 sec - in com.google.common.collect.testing.testers.CollectionAddAllTester
05:15:39.595 [Thread-8] DEBUG f.i.s.r.p.m.o.MavenFilterTestOutputHandler - Running com.google.common.collect.testing.testers.CollectionAddTester
05:15:39.595 [Thread-8] DEBUG f.i.s.r.p.m.o.MavenFilterTestOutputHandler - Tests run: 2, Failures: 0, Errors: 0, Skipped: 0, Time elapsed: 0 sec - in com.google.common.collect.testing.testers.CollectionAddTester
05:15:39.596 [Thread-8] DEBUG f.i.s.r.p.m.o.MavenFilterTestOutputHandler - Running com.google.common.collect.testing.testers.CollectionClearTester
05:15:39.596 [Thread-8] DEBUG f.i.s.r.p.m.o.MavenFilterTestOutputHandler - Tests run: 1, Failures: 0, Errors: 0, Skipped: 0, Time elapsed: 0 sec - in com.google.common.collect.testing.testers.CollectionClearTester
05:15:39.596 [Thread-8] DEBUG f.i.s.r.p.m.o.MavenFilterTestOutputHandler - Running com.google.common.collect.testing.testers.CollectionContainsAllTester
05:15:39.597 [Thread-8] DEBUG f.i.s.r.p.m.o.MavenFilterTestOutputHandler - Tests run: 8, Failures: 0, Errors: 0, Skipped: 0, Time elapsed: 0 sec - in com.google.common.collect.testing.testers.CollectionContainsAllTester
05:15:39.597 [Thread-8] DEBUG f.i.s.r.p.m.o.MavenFilterTestOutputHandler - Running com.google.common.collect.testing.testers.CollectionContainsTester
05:15:39.599 [Thread-8] DEBUG f.i.s.r.p.m.o.MavenFilterTestOutputHandler - Tests run: 4, Failures: 0, Errors: 0, Skipped: 0, Time elapsed: 0 sec - in com.google.common.collect.testing.testers.CollectionContainsTester
05:15:39.599 [Thread-8] DEBUG f.i.s.r.p.m.o.MavenFilterTestOutputHandler - Running com.google.common.collect.testing.testers.CollectionCreationTester
05:15:39.599 [Thread-8] DEBUG f.i.s.r.p.m.o.MavenFilterTestOutputHandler - Tests run: 1, Failures: 0, Errors: 0, Skipped: 0, Time elapsed: 0 sec - in com.google.common.collect.testing.testers.CollectionCreationTester
05:15:39.600 [Thread-8] DEBUG f.i.s.r.p.m.o.MavenFilterTestOutputHandler - Running com.google.common.collect.testing.testers.CollectionEqualsTester
05:15:39.600 [Thread-8] DEBUG f.i.s.r.p.m.o.MavenFilterTestOutputHandler - Tests run: 3, Failures: 0, Errors: 0, Skipped: 0, Time elapsed: 0 sec - in com.google.common.collect.testing.testers.CollectionEqualsTester
05:15:39.600 [Thread-8] DEBUG f.i.s.r.p.m.o.MavenFilterTestOutputHandler - Running com.google.common.collect.testing.testers.CollectionIsEmptyTester
05:15:39.601 [Thread-8] DEBUG f.i.s.r.p.m.o.MavenFilterTestOutputHandler - Tests run: 1, Failures: 0, Errors: 0, Skipped: 0, Time elapsed: 0 sec - in com.google.common.collect.testing.testers.CollectionIsEmptyTester
05:15:39.601 [Thread-8] DEBUG f.i.s.r.p.m.o.MavenFilterTestOutputHandler - Running com.google.common.collect.testing.testers.CollectionIteratorTester
05:15:39.602 [Thread-8] DEBUG f.i.s.r.p.m.o.MavenFilterTestOutputHandler - Tests run: 4, Failures: 0, Errors: 0, Skipped: 0, Time elapsed: 0 sec - in com.google.common.collect.testing.testers.CollectionIteratorTester
05:15:39.602 [Thread-8] DEBUG f.i.s.r.p.m.o.MavenFilterTestOutputHandler - Running com.google.common.collect.testing.testers.CollectionRemoveAllTester
05:15:39.604 [Thread-8] DEBUG f.i.s.r.p.m.o.MavenFilterTestOutputHandler - Tests run: 3, Failures: 0, Errors: 0, Skipped: 0, Time elapsed: 0 sec - in com.google.common.collect.testing.testers.CollectionRemoveAllTester
05:15:39.604 [Thread-8] DEBUG f.i.s.r.p.m.o.MavenFilterTestOutputHandler - Running com.google.common.collect.testing.testers.CollectionRemoveTester
05:15:39.607 [Thread-8] DEBUG f.i.s.r.p.m.o.MavenFilterTestOutputHandler - Tests run: 3, Failures: 0, Errors: 0, Skipped: 0, Time elapsed: 0 sec - in com.google.common.collect.testing.testers.CollectionRemoveTester
05:15:39.607 [Thread-8] DEBUG f.i.s.r.p.m.o.MavenFilterTestOutputHandler - Running com.google.common.collect.testing.testers.CollectionRetainAllTester
05:15:39.607 [Thread-8] DEBUG f.i.s.r.p.m.o.MavenFilterTestOutputHandler - Tests run: 6, Failures: 0, Errors: 0, Skipped: 0, Time elapsed: 0 sec - in com.google.common.collect.testing.testers.CollectionRetainAllTester
05:15:39.607 [Thread-8] DEBUG f.i.s.r.p.m.o.MavenFilterTestOutputHandler - Running com.google.common.collect.testing.testers.CollectionSizeTester
05:15:39.608 [Thread-8] DEBUG f.i.s.r.p.m.o.MavenFilterTestOutputHandler - Tests run: 1, Failures: 0, Errors: 0, Skipped: 0, Time elapsed: 0 sec - in com.google.common.collect.testing.testers.CollectionSizeTester
05:15:39.609 [Thread-8] DEBUG f.i.s.r.p.m.o.MavenFilterTestOutputHandler - Running com.google.common.collect.testing.testers.CollectionToArrayTester
05:15:39.610 [Thread-8] DEBUG f.i.s.r.p.m.o.MavenFilterTestOutputHandler - Tests run: 12, Failures: 0, Errors: 0, Skipped: 0, Time elapsed: 0 sec - in com.google.common.collect.testing.testers.CollectionToArrayTester
05:15:39.611 [Thread-8] DEBUG f.i.s.r.p.m.o.MavenFilterTestOutputHandler - Running com.google.common.collect.testing.testers.CollectionToStringTester
05:15:39.612 [Thread-8] DEBUG f.i.s.r.p.m.o.MavenFilterTestOutputHandler - Tests run: 2, Failures: 0, Errors: 0, Skipped: 0, Time elapsed: 0 sec - in com.google.common.collect.testing.testers.CollectionToStringTester
05:15:39.612 [Thread-8] DEBUG f.i.s.r.p.m.o.MavenFilterTestOutputHandler - Running com.google.common.collect.testing.ExampleIteratorTester
05:15:39.616 [Thread-8] DEBUG f.i.s.r.p.m.o.MavenFilterTestOutputHandler - Tests run: 1, Failures: 0, Errors: 0, Skipped: 0, Time elapsed: 0 sec - in com.google.common.collect.testing.ExampleIteratorTester
05:15:39.930 [Thread-8] DEBUG f.i.s.r.p.m.o.MavenFilterTestOutputHandler -
05:15:39.930 [Thread-8] DEBUG f.i.s.r.p.m.o.MavenFilterTestOutputHandler - Results :
05:15:39.930 [Thread-8] DEBUG f.i.s.r.p.m.o.MavenFilterTestOutputHandler -
05:15:39.930 [Thread-8] DEBUG f.i.s.r.p.m.o.MavenFilterTestOutputHandler - Tests run: 371, Failures: 0, Errors: 0, Skipped: 0
05:15:39.930 [Thread-8] DEBUG f.i.s.r.p.m.o.MavenFilterTestOutputHandler -
05:15:39.932 [Thread-8] DEBUG f.i.s.r.p.m.o.MavenFilterTestOutputHandler - [INFO]
05:15:39.932 [Thread-8] DEBUG f.i.s.r.p.m.o.MavenFilterTestOutputHandler - [INFO] --- animal-sniffer-maven-plugin:1.15:check (check-java-api) @ bytebuffer-collections ---
05:15:39.933 [Thread-8] DEBUG f.i.s.r.p.m.o.MavenFilterTestOutputHandler - [INFO] Checking unresolved references to org.codehaus.mojo.signature:java18:1.0
05:15:41.063 [Thread-8] DEBUG f.i.s.r.p.m.o.MavenFilterTestOutputHandler - [INFO]
05:15:41.063 [Thread-8] DEBUG f.i.s.r.p.m.o.MavenFilterTestOutputHandler - [INFO] ------------------------------------------------------------------------
05:15:41.063 [Thread-8] DEBUG f.i.s.r.p.m.o.MavenFilterTestOutputHandler - [INFO] Building druid-processing 0.11.1-SNAPSHOT
05:15:41.063 [Thread-8] DEBUG f.i.s.r.p.m.o.MavenFilterTestOutputHandler - [INFO] ------------------------------------------------------------------------
05:15:41.156 [Thread-8] DEBUG f.i.s.r.p.m.o.MavenFilterTestOutputHandler - [INFO]
05:15:41.156 [Thread-8] DEBUG f.i.s.r.p.m.o.MavenFilterTestOutputHandler - [INFO] --- maven-checkstyle-plugin:2.17:check (validate) @ druid-processing ---
05:15:41.165 [Thread-8] DEBUG f.i.s.r.p.m.o.MavenFilterTestOutputHandler - [INFO]
05:15:41.165 [Thread-8] DEBUG f.i.s.r.p.m.o.MavenFilterTestOutputHandler - [INFO] >>> maven-pmd-plugin:3.8:check (validate) > :pmd @ druid-processing >>>
05:15:41.186 [Thread-8] DEBUG f.i.s.r.p.m.o.MavenFilterTestOutputHandler - [INFO]
05:15:41.186 [Thread-8] DEBUG f.i.s.r.p.m.o.MavenFilterTestOutputHandler - [INFO] --- maven-pmd-plugin:3.8:pmd (pmd) @ druid-processing ---
05:15:41.192 [Thread-8] DEBUG f.i.s.r.p.m.o.MavenFilterTestOutputHandler - [WARNING] Unable to locate Source XRef to link to - DISABLED
05:15:44.164 [Thread-8] DEBUG f.i.s.r.p.m.o.MavenFilterTestOutputHandler - [INFO]
05:15:44.164 [Thread-8] DEBUG f.i.s.r.p.m.o.MavenFilterTestOutputHandler - [INFO] <<< maven-pmd-plugin:3.8:check (validate) < :pmd @ druid-processing <<<
05:15:44.164 [Thread-8] DEBUG f.i.s.r.p.m.o.MavenFilterTestOutputHandler - [INFO]
05:15:44.164 [Thread-8] DEBUG f.i.s.r.p.m.o.MavenFilterTestOutputHandler - [INFO] --- maven-pmd-plugin:3.8:check (validate) @ druid-processing ---
05:15:44.166 [Thread-8] DEBUG f.i.s.r.p.m.o.MavenFilterTestOutputHandler - [INFO]
05:15:44.166 [Thread-8] DEBUG f.i.s.r.p.m.o.MavenFilterTestOutputHandler - [INFO]
05:15:44.166 [Thread-8] DEBUG f.i.s.r.p.m.o.MavenFilterTestOutputHandler - [INFO] --- forbiddenapis:2.3:check (validate) @ druid-processing ---
05:15:44.176 [Thread-8] DEBUG f.i.s.r.p.m.o.MavenFilterTestOutputHandler - [INFO] Scanning for classes to check...
05:15:44.255 [Thread-8] DEBUG f.i.s.r.p.m.o.MavenFilterTestOutputHandler - [INFO] Reading bundled API signatures: jdk-unsafe-1.8
05:15:44.263 [Thread-8] DEBUG f.i.s.r.p.m.o.MavenFilterTestOutputHandler - [INFO] Reading bundled API signatures: jdk-system-out
05:15:44.264 [Thread-8] DEBUG f.i.s.r.p.m.o.MavenFilterTestOutputHandler - [INFO] Reading API signatures: /root/workspace/druid-io/druid/283008261/codestyle/joda-time-forbidden-apis.txt
05:15:44.275 [Thread-8] DEBUG f.i.s.r.p.m.o.MavenFilterTestOutputHandler - [INFO] Reading API signatures: /root/workspace/druid-io/druid/283008261/codestyle/druid-forbidden-apis.txt
05:15:44.276 [Thread-8] DEBUG f.i.s.r.p.m.o.MavenFilterTestOutputHandler - [INFO] Loading classes to check...
05:15:44.353 [Thread-8] DEBUG f.i.s.r.p.m.o.MavenFilterTestOutputHandler - [INFO] Scanning classes for violations...
05:15:45.181 [Thread-8] DEBUG f.i.s.r.p.m.o.MavenFilterTestOutputHandler - [INFO] Scanned 1532 (and 615 related) class file(s) for forbidden API invocations (in 1.01s), 0 error(s).
05:15:45.182 [Thread-8] DEBUG f.i.s.r.p.m.o.MavenFilterTestOutputHandler - [INFO]
05:15:45.182 [Thread-8] DEBUG f.i.s.r.p.m.o.MavenFilterTestOutputHandler - [INFO] --- forbiddenapis:2.3:testCheck (testValidate) @ druid-processing ---
05:15:45.195 [Thread-8] DEBUG f.i.s.r.p.m.o.MavenFilterTestOutputHandler - [INFO] Scanning for classes to check...
05:15:45.238 [Thread-8] DEBUG f.i.s.r.p.m.o.MavenFilterTestOutputHandler - [INFO] Reading bundled API signatures: jdk-unsafe-1.8
05:15:45.248 [Thread-8] DEBUG f.i.s.r.p.m.o.MavenFilterTestOutputHandler - [INFO] Reading API signatures: /root/workspace/druid-io/druid/283008261/codestyle/joda-time-forbidden-apis.txt
05:15:45.261 [Thread-8] DEBUG f.i.s.r.p.m.o.MavenFilterTestOutputHandler - [INFO] Reading API signatures: /root/workspace/druid-io/druid/283008261/codestyle/druid-forbidden-apis.txt
05:15:45.262 [Thread-8] DEBUG f.i.s.r.p.m.o.MavenFilterTestOutputHandler - [INFO] Loading classes to check...
05:15:45.380 [Thread-8] DEBUG f.i.s.r.p.m.o.MavenFilterTestOutputHandler - [INFO] Scanning classes for violations...
05:15:46.073 [Thread-8] DEBUG f.i.s.r.p.m.o.MavenFilterTestOutputHandler - [INFO] Scanned 633 (and 956 related) class file(s) for forbidden API invocations (in 0.88s), 0 error(s).
05:15:46.074 [Thread-8] DEBUG f.i.s.r.p.m.o.MavenFilterTestOutputHandler - [INFO]
05:15:46.074 [Thread-8] DEBUG f.i.s.r.p.m.o.MavenFilterTestOutputHandler - [INFO] --- maven-enforcer-plugin:1.4.1:enforce (enforce-banned-dependencies) @ druid-processing ---
05:15:46.078 [Thread-8] DEBUG f.i.s.r.p.m.o.MavenFilterTestOutputHandler - [INFO] Skipping Rule Enforcement.
05:15:46.078 [Thread-8] DEBUG f.i.s.r.p.m.o.MavenFilterTestOutputHandler - [INFO]
05:15:46.079 [Thread-8] DEBUG f.i.s.r.p.m.o.MavenFilterTestOutputHandler - [INFO] --- maven-resources-plugin:2.5:resources (default-resources) @ druid-processing ---
05:15:46.079 [Thread-8] DEBUG f.i.s.r.p.m.o.MavenFilterTestOutputHandler - [debug] execute contextualize
05:15:46.079 [Thread-8] DEBUG f.i.s.r.p.m.o.MavenFilterTestOutputHandler - [INFO] Using 'UTF-8' encoding to copy filtered resources.
05:15:46.079 [Thread-8] DEBUG f.i.s.r.p.m.o.MavenFilterTestOutputHandler - [INFO] skip non existing resourceDirectory /root/workspace/druid-io/druid/283008261/processing/src/main/resources
05:15:46.079 [Thread-8] DEBUG f.i.s.r.p.m.o.MavenFilterTestOutputHandler - [INFO]
05:15:46.079 [Thread-8] DEBUG f.i.s.r.p.m.o.MavenFilterTestOutputHandler - [INFO] --- maven-compiler-plugin:3.2:compile (default-compile) @ druid-processing ---
05:15:46.285 [Thread-8] DEBUG f.i.s.r.p.m.o.MavenFilterTestOutputHandler - [INFO] Nothing to compile - all classes are up to date
05:15:46.285 [Thread-8] DEBUG f.i.s.r.p.m.o.MavenFilterTestOutputHandler - [INFO]
05:15:46.285 [Thread-8] DEBUG f.i.s.r.p.m.o.MavenFilterTestOutputHandler - [INFO] --- maven-resources-plugin:2.5:testResources (default-testResources) @ druid-processing ---
05:15:46.286 [Thread-8] DEBUG f.i.s.r.p.m.o.MavenFilterTestOutputHandler - [debug] execute contextualize
05:15:46.286 [Thread-8] DEBUG f.i.s.r.p.m.o.MavenFilterTestOutputHandler - [INFO] Using 'UTF-8' encoding to copy filtered resources.
05:15:46.290 [Thread-8] DEBUG f.i.s.r.p.m.o.MavenFilterTestOutputHandler - [INFO] Copying 21 resources
05:15:46.296 [Thread-8] DEBUG f.i.s.r.p.m.o.MavenFilterTestOutputHandler - [INFO]
05:15:46.297 [Thread-8] DEBUG f.i.s.r.p.m.o.MavenFilterTestOutputHandler - [INFO] --- maven-compiler-plugin:3.2:testCompile (default-testCompile) @ druid-processing ---
05:15:46.458 [Thread-8] DEBUG f.i.s.r.p.m.o.MavenFilterTestOutputHandler - [INFO] Nothing to compile - all classes are up to date
05:15:46.458 [Thread-8] DEBUG f.i.s.r.p.m.o.MavenFilterTestOutputHandler - [INFO]
05:15:46.458 [Thread-8] DEBUG f.i.s.r.p.m.o.MavenFilterTestOutputHandler - [INFO] --- maven-surefire-plugin:2.19.1:test (default-test) @ druid-processing ---
05:15:46.488 [Thread-8] DEBUG f.i.s.r.p.m.o.MavenFilterTestOutputHandler - [WARNING] The system property user.timezone is configured twice! The property appears in <argLine/> and any of <systemPropertyVariables/>, <systemProperties/> or user property.
05:15:46.489 [Thread-8] DEBUG f.i.s.r.p.m.o.MavenFilterTestOutputHandler -
05:15:46.493 [Thread-8] DEBUG f.i.s.r.p.m.o.MavenFilterTestOutputHandler - -------------------------------------------------------
05:15:46.493 [Thread-8] DEBUG f.i.s.r.p.m.o.MavenFilterTestOutputHandler -  T E S T S
05:15:46.493 [Thread-8] DEBUG f.i.s.r.p.m.o.MavenFilterTestOutputHandler - -------------------------------------------------------
05:15:47.672 [Thread-8] DEBUG f.i.s.r.p.m.o.MavenFilterTestOutputHandler - Running io.druid.segment.CompressedVSizeIndexedV3SupplierTest
05:15:48.586 [Thread-8] DEBUG f.i.s.r.p.m.o.MavenFilterTestOutputHandler - Tests run: 4, Failures: 0, Errors: 0, Skipped: 0, Time elapsed: 0.913 sec - in io.druid.segment.CompressedVSizeIndexedV3SupplierTest
05:15:48.586 [Thread-8] DEBUG f.i.s.r.p.m.o.MavenFilterTestOutputHandler - Running io.druid.segment.ConciseBitmapIndexMergerV9Test
05:16:13.027 [Thread-8] DEBUG f.i.s.r.p.m.o.MavenFilterTestOutputHandler - Tests run: 648, Failures: 0, Errors: 0, Skipped: 0, Time elapsed: 24.417 sec - in io.druid.segment.ConciseBitmapIndexMergerV9Test
05:16:13.028 [Thread-8] DEBUG f.i.s.r.p.m.o.MavenFilterTestOutputHandler - Running io.druid.segment.IntIteratorUtilsTest
05:16:13.029 [Thread-8] DEBUG f.i.s.r.p.m.o.MavenFilterTestOutputHandler - Tests run: 2, Failures: 0, Errors: 0, Skipped: 0, Time elapsed: 0 sec - in io.druid.segment.IntIteratorUtilsTest
05:16:13.029 [Thread-8] DEBUG f.i.s.r.p.m.o.MavenFilterTestOutputHandler - Running io.druid.segment.RoaringBitmapIndexMergerV9Test
05:16:35.384 [Thread-8] DEBUG f.i.s.r.p.m.o.MavenFilterTestOutputHandler - Tests run: 648, Failures: 0, Errors: 0, Skipped: 0, Time elapsed: 22.342 sec - in io.druid.segment.RoaringBitmapIndexMergerV9Test
05:16:35.386 [Thread-8] DEBUG f.i.s.r.p.m.o.MavenFilterTestOutputHandler - Running io.druid.segment.virtual.VirtualColumnsTest
05:16:35.541 [Thread-8] DEBUG f.i.s.r.p.m.o.MavenFilterTestOutputHandler - Tests run: 11, Failures: 0, Errors: 0, Skipped: 0, Time elapsed: 0.153 sec - in io.druid.segment.virtual.VirtualColumnsTest
05:16:35.541 [Thread-8] DEBUG f.i.s.r.p.m.o.MavenFilterTestOutputHandler - Running io.druid.segment.virtual.ExpressionVirtualColumnTest
05:16:35.560 [Thread-8] DEBUG f.i.s.r.p.m.o.MavenFilterTestOutputHandler - Tests run: 10, Failures: 0, Errors: 0, Skipped: 0, Time elapsed: 0.018 sec - in io.druid.segment.virtual.ExpressionVirtualColumnTest
05:16:35.561 [Thread-8] DEBUG f.i.s.r.p.m.o.MavenFilterTestOutputHandler - Running io.druid.segment.virtual.ExpressionObjectSelectorTest
05:16:35.566 [Thread-8] DEBUG f.i.s.r.p.m.o.MavenFilterTestOutputHandler - Tests run: 5, Failures: 0, Errors: 0, Skipped: 0, Time elapsed: 0.005 sec - in io.druid.segment.virtual.ExpressionObjectSelectorTest
05:16:35.566 [Thread-8] DEBUG f.i.s.r.p.m.o.MavenFilterTestOutputHandler - Running io.druid.segment.EmptyIndexTest
05:16:35.577 [Thread-8] DEBUG f.i.s.r.p.m.o.MavenFilterTestOutputHandler - Tests run: 1, Failures: 0, Errors: 0, Skipped: 0, Time elapsed: 0.01 sec - in io.druid.segment.EmptyIndexTest
05:16:35.577 [Thread-8] DEBUG f.i.s.r.p.m.o.MavenFilterTestOutputHandler - Running io.druid.segment.ReferenceCountingSegmentTest
05:16:35.588 [Thread-8] DEBUG f.i.s.r.p.m.o.MavenFilterTestOutputHandler - Tests run: 1, Failures: 0, Errors: 0, Skipped: 0, Time elapsed: 0.01 sec - in io.druid.segment.ReferenceCountingSegmentTest
05:16:35.588 [Thread-8] DEBUG f.i.s.r.p.m.o.MavenFilterTestOutputHandler - Running io.druid.segment.serde.DictionaryEncodedColumnPartSerdeTest
05:16:35.606 [Thread-8] DEBUG f.i.s.r.p.m.o.MavenFilterTestOutputHandler - Tests run: 1, Failures: 0, Errors: 0, Skipped: 0, Time elapsed: 0.018 sec - in io.druid.segment.serde.DictionaryEncodedColumnPartSerdeTest
05:16:35.606 [Thread-8] DEBUG f.i.s.r.p.m.o.MavenFilterTestOutputHandler - Running io.druid.segment.serde.LargeColumnSupportedComplexColumnSerializerTest
05:16:37.891 [Thread-8] DEBUG f.i.s.r.p.m.o.MavenFilterTestOutputHandler - Tests run: 1, Failures: 0, Errors: 0, Skipped: 0, Time elapsed: 2.284 sec - in io.druid.segment.serde.LargeColumnSupportedComplexColumnSerializerTest
05:16:37.891 [Thread-8] DEBUG f.i.s.r.p.m.o.MavenFilterTestOutputHandler - Running io.druid.segment.BitmapOffsetTest
05:16:37.918 [Thread-8] DEBUG f.i.s.r.p.m.o.MavenFilterTestOutputHandler - Tests run: 6, Failures: 0, Errors: 0, Skipped: 0, Time elapsed: 0.026 sec - in io.druid.segment.BitmapOffsetTest
05:16:37.919 [Thread-8] DEBUG f.i.s.r.p.m.o.MavenFilterTestOutputHandler - Running io.druid.segment.MergeIntIteratorTest
05:16:38.016 [Thread-8] DEBUG f.i.s.r.p.m.o.MavenFilterTestOutputHandler - Tests run: 4, Failures: 0, Errors: 0, Skipped: 0, Time elapsed: 0.097 sec - in io.druid.segment.MergeIntIteratorTest
05:16:38.017 [Thread-8] DEBUG f.i.s.r.p.m.o.MavenFilterTestOutputHandler - Running io.druid.segment.ConstantDimensionSelectorTest
05:16:38.019 [Thread-8] DEBUG f.i.s.r.p.m.o.MavenFilterTestOutputHandler - Tests run: 4, Failures: 0, Errors: 0, Skipped: 0, Time elapsed: 0.002 sec - in io.druid.segment.ConstantDimensionSelectorTest
05:16:38.019 [Thread-8] DEBUG f.i.s.r.p.m.o.MavenFilterTestOutputHandler - Running io.druid.segment.IntListUtilsTest
05:16:38.020 [Thread-8] DEBUG f.i.s.r.p.m.o.MavenFilterTestOutputHandler - Tests run: 3, Failures: 0, Errors: 0, Skipped: 0, Time elapsed: 0 sec - in io.druid.segment.IntListUtilsTest
05:16:38.020 [Thread-8] DEBUG f.i.s.r.p.m.o.MavenFilterTestOutputHandler - Running io.druid.segment.MetadataTest
05:16:38.048 [Thread-8] DEBUG f.i.s.r.p.m.o.MavenFilterTestOutputHandler - Tests run: 2, Failures: 0, Errors: 0, Skipped: 0, Time elapsed: 0.027 sec - in io.druid.segment.MetadataTest
05:16:38.048 [Thread-8] DEBUG f.i.s.r.p.m.o.MavenFilterTestOutputHandler - Running io.druid.segment.QueryableIndexIndexableAdapterTest
05:16:38.062 [Thread-8] DEBUG f.i.s.r.p.m.o.MavenFilterTestOutputHandler - Tests run: 1, Failures: 0, Errors: 0, Skipped: 0, Time elapsed: 0.013 sec - in io.druid.segment.QueryableIndexIndexableAdapterTest
05:16:38.062 [Thread-8] DEBUG f.i.s.r.p.m.o.MavenFilterTestOutputHandler - Running io.druid.segment.filter.RowboatTest
05:16:38.065 [Thread-8] DEBUG f.i.s.r.p.m.o.MavenFilterTestOutputHandler - Tests run: 4, Failures: 0, Errors: 0, Skipped: 0, Time elapsed: 0.002 sec - in io.druid.segment.filter.RowboatTest
05:16:38.065 [Thread-8] DEBUG f.i.s.r.p.m.o.MavenFilterTestOutputHandler - Running io.druid.segment.filter.SpatialFilterBonusTest
05:16:40.146 [Thread-8] DEBUG f.i.s.r.p.m.o.MavenFilterTestOutputHandler - Tests run: 9, Failures: 0, Errors: 0, Skipped: 0, Time elapsed: 2.079 sec - in io.druid.segment.filter.SpatialFilterBonusTest
05:16:40.146 [Thread-8] DEBUG f.i.s.r.p.m.o.MavenFilterTestOutputHandler - Running io.druid.segment.filter.ColumnComparisonFilterTest
05:16:41.479 [Thread-8] DEBUG f.i.s.r.p.m.o.MavenFilterTestOutputHandler - Tests run: 72, Failures: 0, Errors: 0, Skipped: 0, Time elapsed: 1.329 sec - in io.druid.segment.filter.ColumnComparisonFilterTest
05:16:41.482 [Thread-8] DEBUG f.i.s.r.p.m.o.MavenFilterTestOutputHandler - Running io.druid.segment.filter.JavaScriptFilterTest
05:16:44.268 [Thread-8] DEBUG f.i.s.r.p.m.o.MavenFilterTestOutputHandler - Tests run: 144, Failures: 0, Errors: 0, Skipped: 0, Time elapsed: 2.782 sec - in io.druid.segment.filter.JavaScriptFilterTest
05:16:44.269 [Thread-8] DEBUG f.i.s.r.p.m.o.MavenFilterTestOutputHandler - Running io.druid.segment.filter.LongFilteringTest
05:16:57.474 [Thread-8] DEBUG f.i.s.r.p.m.o.MavenFilterTestOutputHandler - Tests run: 96, Failures: 0, Errors: 0, Skipped: 0, Time elapsed: 13.202 sec - in io.druid.segment.filter.LongFilteringTest
05:16:57.475 [Thread-8] DEBUG f.i.s.r.p.m.o.MavenFilterTestOutputHandler - Running io.druid.segment.filter.FiltersTest
05:16:57.476 [Thread-8] DEBUG f.i.s.r.p.m.o.MavenFilterTestOutputHandler - Tests run: 1, Failures: 0, Errors: 0, Skipped: 0, Time elapsed: 0.001 sec - in io.druid.segment.filter.FiltersTest
05:16:57.476 [Thread-8] DEBUG f.i.s.r.p.m.o.MavenFilterTestOutputHandler - Running io.druid.segment.filter.RegexFilterTest
05:16:58.444 [Thread-8] DEBUG f.i.s.r.p.m.o.MavenFilterTestOutputHandler - Tests run: 144, Failures: 0, Errors: 0, Skipped: 0, Time elapsed: 0.964 sec - in io.druid.segment.filter.RegexFilterTest
05:16:58.444 [Thread-8] DEBUG f.i.s.r.p.m.o.MavenFilterTestOutputHandler - Running io.druid.segment.filter.SpatialFilterTest
05:16:59.366 [Thread-8] DEBUG f.i.s.r.p.m.o.MavenFilterTestOutputHandler - Tests run: 9, Failures: 0, Errors: 0, Skipped: 0, Time elapsed: 0.921 sec - in io.druid.segment.filter.SpatialFilterTest
05:16:59.366 [Thread-8] DEBUG f.i.s.r.p.m.o.MavenFilterTestOutputHandler - Running io.druid.segment.filter.InvalidFilteringTest
05:17:00.240 [Thread-8] DEBUG f.i.s.r.p.m.o.MavenFilterTestOutputHandler - Tests run: 24, Failures: 0, Errors: 0, Skipped: 0, Time elapsed: 0.873 sec - in io.druid.segment.filter.InvalidFilteringTest
05:17:00.241 [Thread-8] DEBUG f.i.s.r.p.m.o.MavenFilterTestOutputHandler - Running io.druid.segment.filter.LikeFilterTest
05:17:01.004 [Thread-8] DEBUG f.i.s.r.p.m.o.MavenFilterTestOutputHandler - Tests run: 336, Failures: 0, Errors: 0, Skipped: 0, Time elapsed: 0.756 sec - in io.druid.segment.filter.LikeFilterTest
05:17:01.005 [Thread-8] DEBUG f.i.s.r.p.m.o.MavenFilterTestOutputHandler - Running io.druid.segment.filter.InFilterTest
05:17:02.116 [Thread-8] DEBUG f.i.s.r.p.m.o.MavenFilterTestOutputHandler - Tests run: 144, Failures: 0, Errors: 0, Skipped: 0, Time elapsed: 1.109 sec - in io.druid.segment.filter.InFilterTest
05:17:02.117 [Thread-8] DEBUG f.i.s.r.p.m.o.MavenFilterTestOutputHandler - Running io.druid.segment.filter.SelectorFilterTest
05:17:03.766 [Thread-8] DEBUG f.i.s.r.p.m.o.MavenFilterTestOutputHandler - Tests run: 192, Failures: 0, Errors: 0, Skipped: 0, Time elapsed: 1.643 sec - in io.druid.segment.filter.SelectorFilterTest
05:17:03.766 [Thread-8] DEBUG f.i.s.r.p.m.o.MavenFilterTestOutputHandler - Running io.druid.segment.filter.ExpressionFilterTest
05:17:05.613 [Thread-8] DEBUG f.i.s.r.p.m.o.MavenFilterTestOutputHandler - Tests run: 168, Failures: 0, Errors: 0, Skipped: 0, Time elapsed: 1.843 sec - in io.druid.segment.filter.ExpressionFilterTest
05:17:05.614 [Thread-8] DEBUG f.i.s.r.p.m.o.MavenFilterTestOutputHandler - Running io.druid.segment.filter.FloatAndDoubleFilteringTest
05:17:38.314 [Thread-8] DEBUG f.i.s.r.p.m.o.MavenFilterTestOutputHandler - Tests run: 96, Failures: 0, Errors: 0, Skipped: 0, Time elapsed: 32.698 sec - in io.druid.segment.filter.FloatAndDoubleFilteringTest
05:17:38.314 [Thread-8] DEBUG f.i.s.r.p.m.o.MavenFilterTestOutputHandler - Running io.druid.segment.filter.ExtractionDimFilterTest
05:17:38.328 [Thread-8] DEBUG f.i.s.r.p.m.o.MavenFilterTestOutputHandler - Tests run: 12, Failures: 0, Errors: 0, Skipped: 0, Time elapsed: 0.012 sec - in io.druid.segment.filter.ExtractionDimFilterTest
05:17:38.328 [Thread-8] DEBUG f.i.s.r.p.m.o.MavenFilterTestOutputHandler - Running io.druid.segment.filter.AndFilterTest
05:17:38.868 [Thread-8] DEBUG f.i.s.r.p.m.o.MavenFilterTestOutputHandler - Tests run: 48, Failures: 0, Errors: 0, Skipped: 0, Time elapsed: 0.538 sec - in io.druid.segment.filter.AndFilterTest
05:17:38.869 [Thread-8] DEBUG f.i.s.r.p.m.o.MavenFilterTestOutputHandler - Running io.druid.segment.filter.NotFilterTest
05:17:39.198 [Thread-8] DEBUG f.i.s.r.p.m.o.MavenFilterTestOutputHandler - Tests run: 24, Failures: 0, Errors: 0, Skipped: 0, Time elapsed: 0.329 sec - in io.druid.segment.filter.NotFilterTest
05:17:39.198 [Thread-8] DEBUG f.i.s.r.p.m.o.MavenFilterTestOutputHandler - Running io.druid.segment.filter.FilterPartitionTest
05:17:41.015 [Thread-8] DEBUG f.i.s.r.p.m.o.MavenFilterTestOutputHandler - Tests run: 192, Failures: 0, Errors: 0, Skipped: 0, Time elapsed: 1.789 sec - in io.druid.segment.filter.FilterPartitionTest
05:17:41.016 [Thread-8] DEBUG f.i.s.r.p.m.o.MavenFilterTestOutputHandler - Running io.druid.segment.filter.BoundFilterTest
05:17:42.629 [Thread-8] DEBUG f.i.s.r.p.m.o.MavenFilterTestOutputHandler - Tests run: 600, Failures: 0, Errors: 0, Skipped: 0, Time elapsed: 1.602 sec - in io.druid.segment.filter.BoundFilterTest
05:17:42.629 [Thread-8] DEBUG f.i.s.r.p.m.o.MavenFilterTestOutputHandler - Running io.druid.segment.filter.SearchQueryFilterTest
05:17:43.422 [Thread-8] DEBUG f.i.s.r.p.m.o.MavenFilterTestOutputHandler - Tests run: 144, Failures: 0, Errors: 0, Skipped: 0, Time elapsed: 0.79 sec - in io.druid.segment.filter.SearchQueryFilterTest
05:17:43.422 [Thread-8] DEBUG f.i.s.r.p.m.o.MavenFilterTestOutputHandler - Running io.druid.segment.filter.TimeFilteringTest
05:17:44.456 [Thread-8] DEBUG f.i.s.r.p.m.o.MavenFilterTestOutputHandler - Tests run: 120, Failures: 0, Errors: 0, Skipped: 0, Time elapsed: 1.029 sec - in io.druid.segment.filter.TimeFilteringTest
05:17:44.456 [Thread-8] DEBUG f.i.s.r.p.m.o.MavenFilterTestOutputHandler - Running io.druid.segment.SchemalessTestFullTest
05:17:45.353 [Thread-8] DEBUG f.i.s.r.p.m.o.MavenFilterTestOutputHandler - Tests run: 10, Failures: 0, Errors: 0, Skipped: 0, Time elapsed: 0.896 sec - in io.druid.segment.SchemalessTestFullTest
05:17:45.354 [Thread-8] DEBUG f.i.s.r.p.m.o.MavenFilterTestOutputHandler - Running io.druid.segment.loading.SegmentizerFactoryTest
05:17:45.362 [Thread-8] DEBUG f.i.s.r.p.m.o.MavenFilterTestOutputHandler - Tests run: 1, Failures: 0, Errors: 0, Skipped: 0, Time elapsed: 0.008 sec - in io.druid.segment.loading.SegmentizerFactoryTest
05:17:45.362 [Thread-8] DEBUG f.i.s.r.p.m.o.MavenFilterTestOutputHandler - Running io.druid.segment.IndexMergerV9WithSpatialIndexTest
05:17:46.168 [Thread-8] DEBUG f.i.s.r.p.m.o.MavenFilterTestOutputHandler - Tests run: 9, Failures: 0, Errors: 0, Skipped: 0, Time elapsed: 0.804 sec - in io.druid.segment.IndexMergerV9WithSpatialIndexTest
05:17:46.168 [Thread-8] DEBUG f.i.s.r.p.m.o.MavenFilterTestOutputHandler - Running io.druid.segment.data.BitmapSerdeFactoryTest
05:17:46.173 [Thread-8] DEBUG f.i.s.r.p.m.o.MavenFilterTestOutputHandler - Tests run: 2, Failures: 0, Errors: 0, Skipped: 0, Time elapsed: 0.004 sec - in io.druid.segment.data.BitmapSerdeFactoryTest
05:17:46.173 [Thread-8] DEBUG f.i.s.r.p.m.o.MavenFilterTestOutputHandler - Running io.druid.segment.data.CompressedVSizeIntsIndexedWriterTest
05:17:49.298 [Thread-8] DEBUG f.i.s.r.p.m.o.MavenFilterTestOutputHandler - Tests run: 24, Failures: 0, Errors: 0, Skipped: 0, Time elapsed: 3.124 sec - in io.druid.segment.data.CompressedVSizeIntsIndexedWriterTest
05:17:49.299 [Thread-8] DEBUG f.i.s.r.p.m.o.MavenFilterTestOutputHandler - Running io.druid.segment.data.VSizeIndexedIntsTest
05:17:49.301 [Thread-8] DEBUG f.i.s.r.p.m.o.MavenFilterTestOutputHandler - Tests run: 3, Failures: 0, Errors: 0, Skipped: 0, Time elapsed: 0.001 sec - in io.druid.segment.data.VSizeIndexedIntsTest
05:17:49.301 [Thread-8] DEBUG f.i.s.r.p.m.o.MavenFilterTestOutputHandler - Running io.druid.segment.data.CompressedVSizeIndexedV3WriterTest
05:19:51.986 [Thread-8] DEBUG f.i.s.r.p.m.o.MavenFilterTestOutputHandler - Tests run: 24, Failures: 0, Errors: 0, Skipped: 0, Time elapsed: 122.684 sec - in io.druid.segment.data.CompressedVSizeIndexedV3WriterTest
05:19:51.987 [Thread-8] DEBUG f.i.s.r.p.m.o.MavenFilterTestOutputHandler - Running io.druid.segment.data.VSizeLongSerdeTest
05:19:52.135 [Thread-8] DEBUG f.i.s.r.p.m.o.MavenFilterTestOutputHandler - Tests run: 3, Failures: 0, Errors: 0, Skipped: 0, Time elapsed: 0.148 sec - in io.druid.segment.data.VSizeLongSerdeTest
05:19:52.135 [Thread-8] DEBUG f.i.s.r.p.m.o.MavenFilterTestOutputHandler - Running io.druid.segment.data.IndexedIntsTest
05:19:52.136 [Thread-8] DEBUG f.i.s.r.p.m.o.MavenFilterTestOutputHandler - Tests run: 2, Failures: 0, Errors: 0, Skipped: 0, Time elapsed: 0 sec - in io.druid.segment.data.IndexedIntsTest
05:19:52.136 [Thread-8] DEBUG f.i.s.r.p.m.o.MavenFilterTestOutputHandler - Running io.druid.segment.data.CompressedVSizeIntsIndexedSupplierTest
05:20:16.583 [Thread-8] DEBUG f.i.s.r.p.m.o.MavenFilterTestOutputHandler - Tests run: 66, Failures: 0, Errors: 0, Skipped: 0, Time elapsed: 24.444 sec - in io.druid.segment.data.CompressedVSizeIntsIndexedSupplierTest
05:20:16.583 [Thread-8] DEBUG f.i.s.r.p.m.o.MavenFilterTestOutputHandler - Running io.druid.segment.data.CompressedFloatsSerdeTest
05:20:18.308 [Thread-8] DEBUG f.i.s.r.p.m.o.MavenFilterTestOutputHandler - Tests run: 16, Failures: 0, Errors: 0, Skipped: 0, Time elapsed: 1.723 sec - in io.druid.segment.data.CompressedFloatsSerdeTest
05:20:18.308 [Thread-8] DEBUG f.i.s.r.p.m.o.MavenFilterTestOutputHandler - Running io.druid.segment.data.GenericIndexedTest
05:20:18.314 [Thread-8] DEBUG f.i.s.r.p.m.o.MavenFilterTestOutputHandler - Tests run: 5, Failures: 0, Errors: 0, Skipped: 0, Time elapsed: 0.004 sec - in io.druid.segment.data.GenericIndexedTest
05:20:18.314 [Thread-8] DEBUG f.i.s.r.p.m.o.MavenFilterTestOutputHandler - Running io.druid.segment.data.CompressedLongsSerdeTest
05:20:41.314 [Thread-8] DEBUG f.i.s.r.p.m.o.MavenFilterTestOutputHandler - Tests run: 32, Failures: 0, Errors: 0, Skipped: 0, Time elapsed: 22.998 sec - in io.druid.segment.data.CompressedLongsSerdeTest
05:20:41.315 [Thread-8] DEBUG f.i.s.r.p.m.o.MavenFilterTestOutputHandler - Running io.druid.segment.data.VSizeIndexedIntsWriterTest
05:20:41.321 [Thread-8] DEBUG f.i.s.r.p.m.o.MavenFilterTestOutputHandler - Tests run: 2, Failures: 0, Errors: 0, Skipped: 0, Time elapsed: 0.006 sec - in io.druid.segment.data.VSizeIndexedIntsWriterTest
05:20:41.321 [Thread-8] DEBUG f.i.s.r.p.m.o.MavenFilterTestOutputHandler - Running io.druid.segment.data.VSizeIndexedTest
05:20:41.323 [Thread-8] DEBUG f.i.s.r.p.m.o.MavenFilterTestOutputHandler - Tests run: 1, Failures: 0, Errors: 0, Skipped: 0, Time elapsed: 0.001 sec - in io.druid.segment.data.VSizeIndexedTest
05:20:41.323 [Thread-8] DEBUG f.i.s.r.p.m.o.MavenFilterTestOutputHandler - Running io.druid.segment.data.CompressionStrategyTest
05:20:42.082 [Thread-8] DEBUG f.i.s.r.p.m.o.MavenFilterTestOutputHandler - Tests run: 15, Failures: 0, Errors: 0, Skipped: 0, Time elapsed: 0.758 sec - in io.druid.segment.data.CompressionStrategyTest
05:20:42.082 [Thread-8] DEBUG f.i.s.r.p.m.o.MavenFilterTestOutputHandler - Running io.druid.segment.data.CompressedIntsIndexedSupplierTest
05:20:43.227 [Thread-8] DEBUG f.i.s.r.p.m.o.MavenFilterTestOutputHandler - Tests run: 30, Failures: 0, Errors: 0, Skipped: 0, Time elapsed: 1.144 sec - in io.druid.segment.data.CompressedIntsIndexedSupplierTest
05:20:43.227 [Thread-8] DEBUG f.i.s.r.p.m.o.MavenFilterTestOutputHandler - Running io.druid.segment.data.IncrementalIndexTest
05:20:44.486 [Thread-8] DEBUG f.i.s.r.p.m.o.MavenFilterTestOutputHandler - Tests run: 28, Failures: 0, Errors: 0, Skipped: 0, Time elapsed: 1.258 sec - in io.druid.segment.data.IncrementalIndexTest
05:20:44.487 [Thread-8] DEBUG f.i.s.r.p.m.o.MavenFilterTestOutputHandler - Running io.druid.segment.data.CompressedVSizeIndexedSupplierTest
05:20:44.493 [Thread-8] DEBUG f.i.s.r.p.m.o.MavenFilterTestOutputHandler - Tests run: 4, Failures: 0, Errors: 0, Skipped: 0, Time elapsed: 0.006 sec - in io.druid.segment.data.CompressedVSizeIndexedSupplierTest
05:20:44.493 [Thread-8] DEBUG f.i.s.r.p.m.o.MavenFilterTestOutputHandler - Running io.druid.segment.data.CompressedIntsIndexedWriterTest
05:20:46.607 [Thread-8] DEBUG f.i.s.r.p.m.o.MavenFilterTestOutputHandler - Tests run: 24, Failures: 0, Errors: 0, Skipped: 0, Time elapsed: 2.113 sec - in io.druid.segment.data.CompressedIntsIndexedWriterTest
05:20:46.608 [Thread-8] DEBUG f.i.s.r.p.m.o.MavenFilterTestOutputHandler - Running io.druid.segment.IndexMergerV9CompatibilityTest
05:20:46.693 [Thread-8] DEBUG f.i.s.r.p.m.o.MavenFilterTestOutputHandler - Tests run: 3, Failures: 0, Errors: 0, Skipped: 0, Time elapsed: 0.084 sec - in io.druid.segment.IndexMergerV9CompatibilityTest
05:20:46.693 [Thread-8] DEBUG f.i.s.r.p.m.o.MavenFilterTestOutputHandler - Running io.druid.segment.IndexIOTest
05:20:48.449 [Thread-8] DEBUG f.i.s.r.p.m.o.MavenFilterTestOutputHandler - Tests run: 5925, Failures: 0, Errors: 0, Skipped: 0, Time elapsed: 1.63 sec - in io.druid.segment.IndexIOTest
05:20:48.454 [Thread-8] DEBUG f.i.s.r.p.m.o.MavenFilterTestOutputHandler - Running io.druid.segment.StringDimensionHandlerTest
05:20:48.455 [Thread-8] DEBUG f.i.s.r.p.m.o.MavenFilterTestOutputHandler - Tests run: 2, Failures: 0, Errors: 0, Skipped: 0, Time elapsed: 0 sec - in io.druid.segment.StringDimensionHandlerTest
05:20:48.455 [Thread-8] DEBUG f.i.s.r.p.m.o.MavenFilterTestOutputHandler - Running io.druid.segment.CloserRuleTest
05:20:48.456 [Thread-8] DEBUG f.i.s.r.p.m.o.MavenFilterTestOutputHandler - Tests run: 7, Failures: 0, Errors: 0, Skipped: 0, Time elapsed: 0 sec - in io.druid.segment.CloserRuleTest
05:20:48.456 [Thread-8] DEBUG f.i.s.r.p.m.o.MavenFilterTestOutputHandler - Running io.druid.segment.AppendTest
05:20:48.457 [Thread-8] DEBUG f.i.s.r.p.m.o.MavenFilterTestOutputHandler - Tests run: 1, Failures: 0, Errors: 0, Skipped: 1, Time elapsed: 0 sec - in io.druid.segment.AppendTest
05:20:48.457 [Thread-8] DEBUG f.i.s.r.p.m.o.MavenFilterTestOutputHandler - Running io.druid.segment.IndexSpecTest
05:20:48.458 [Thread-8] DEBUG f.i.s.r.p.m.o.MavenFilterTestOutputHandler - Tests run: 3, Failures: 0, Errors: 0, Skipped: 0, Time elapsed: 0 sec - in io.druid.segment.IndexSpecTest
05:20:48.458 [Thread-8] DEBUG f.i.s.r.p.m.o.MavenFilterTestOutputHandler - Running io.druid.segment.incremental.IncrementalIndexStorageAdapterTest
05:20:48.522 [Thread-8] DEBUG f.i.s.r.p.m.o.MavenFilterTestOutputHandler - Tests run: 7, Failures: 0, Errors: 0, Skipped: 0, Time elapsed: 0.063 sec - in io.druid.segment.incremental.IncrementalIndexStorageAdapterTest
05:20:48.522 [Thread-8] DEBUG f.i.s.r.p.m.o.MavenFilterTestOutputHandler - Running io.druid.segment.incremental.TimeAndDimsCompTest
05:20:48.523 [Thread-8] DEBUG f.i.s.r.p.m.o.MavenFilterTestOutputHandler - Tests run: 1, Failures: 0, Errors: 0, Skipped: 0, Time elapsed: 0 sec - in io.druid.segment.incremental.TimeAndDimsCompTest
05:20:48.523 [Thread-8] DEBUG f.i.s.r.p.m.o.MavenFilterTestOutputHandler - Running io.druid.segment.incremental.IncrementalIndexAdapterTest
05:20:48.525 [Thread-8] DEBUG f.i.s.r.p.m.o.MavenFilterTestOutputHandler - Tests run: 2, Failures: 0, Errors: 0, Skipped: 0, Time elapsed: 0.001 sec - in io.druid.segment.incremental.IncrementalIndexAdapterTest
05:20:48.525 [Thread-8] DEBUG f.i.s.r.p.m.o.MavenFilterTestOutputHandler - Running io.druid.segment.incremental.IncrementalIndexMultiValueSpecTest
05:20:48.528 [Thread-8] DEBUG f.i.s.r.p.m.o.MavenFilterTestOutputHandler - Tests run: 1, Failures: 0, Errors: 0, Skipped: 0, Time elapsed: 0.002 sec - in io.druid.segment.incremental.IncrementalIndexMultiValueSpecTest
05:20:48.528 [Thread-8] DEBUG f.i.s.r.p.m.o.MavenFilterTestOutputHandler - Running io.druid.segment.incremental.IncrementalIndexTest
05:20:48.568 [Thread-8] DEBUG f.i.s.r.p.m.o.MavenFilterTestOutputHandler - Tests run: 20, Failures: 0, Errors: 0, Skipped: 0, Time elapsed: 0.038 sec - in io.druid.segment.incremental.IncrementalIndexTest
05:20:48.568 [Thread-8] DEBUG f.i.s.r.p.m.o.MavenFilterTestOutputHandler - Running io.druid.segment.incremental.OnheapIncrementalIndexTest
05:20:50.533 [Thread-8] DEBUG f.i.s.r.p.m.o.MavenFilterTestOutputHandler - Tests run: 2, Failures: 0, Errors: 0, Skipped: 0, Time elapsed: 1.964 sec - in io.druid.segment.incremental.OnheapIncrementalIndexTest
05:20:50.534 [Thread-8] DEBUG f.i.s.r.p.m.o.MavenFilterTestOutputHandler - Running io.druid.segment.SchemalessTestSimpleTest
05:20:50.663 [Thread-8] DEBUG f.i.s.r.p.m.o.MavenFilterTestOutputHandler - Tests run: 9, Failures: 0, Errors: 0, Skipped: 0, Time elapsed: 0.128 sec - in io.druid.segment.SchemalessTestSimpleTest
05:20:50.663 [Thread-8] DEBUG f.i.s.r.p.m.o.MavenFilterTestOutputHandler - Running io.druid.segment.DictionaryMergeIteratorTest
05:20:50.664 [Thread-8] DEBUG f.i.s.r.p.m.o.MavenFilterTestOutputHandler - Tests run: 1, Failures: 0, Errors: 0, Skipped: 0, Time elapsed: 0 sec - in io.druid.segment.DictionaryMergeIteratorTest
05:20:50.664 [Thread-8] DEBUG f.i.s.r.p.m.o.MavenFilterTestOutputHandler - Running io.druid.collections.CombiningIterableTest
05:20:50.668 [Thread-8] DEBUG f.i.s.r.p.m.o.MavenFilterTestOutputHandler - Tests run: 1, Failures: 0, Errors: 0, Skipped: 0, Time elapsed: 0.003 sec - in io.druid.collections.CombiningIterableTest
05:20:50.668 [Thread-8] DEBUG f.i.s.r.p.m.o.MavenFilterTestOutputHandler - Running io.druid.guice.GuiceInjectorsTest
05:20:51.247 [Thread-8] DEBUG f.i.s.r.p.m.o.MavenFilterTestOutputHandler - Tests run: 1, Failures: 0, Errors: 0, Skipped: 0, Time elapsed: 0.579 sec - in io.druid.guice.GuiceInjectorsTest
05:20:51.247 [Thread-8] DEBUG f.i.s.r.p.m.o.MavenFilterTestOutputHandler - Running io.druid.guice.MetadataStorageTablesConfigTest
05:20:51.280 [Thread-8] DEBUG f.i.s.r.p.m.o.MavenFilterTestOutputHandler - Tests run: 1, Failures: 0, Errors: 0, Skipped: 0, Time elapsed: 0.032 sec - in io.druid.guice.MetadataStorageTablesConfigTest
05:20:51.280 [Thread-8] DEBUG f.i.s.r.p.m.o.MavenFilterTestOutputHandler - Running io.druid.guice.ExtensionsConfigTest
05:20:51.301 [Thread-8] DEBUG f.i.s.r.p.m.o.MavenFilterTestOutputHandler - Tests run: 3, Failures: 0, Errors: 0, Skipped: 0, Time elapsed: 0.02 sec - in io.druid.guice.ExtensionsConfigTest
05:20:51.301 [Thread-8] DEBUG f.i.s.r.p.m.o.MavenFilterTestOutputHandler - Running io.druid.guice.SegmentMetadataQueryConfigTest
05:20:51.325 [Thread-8] DEBUG f.i.s.r.p.m.o.MavenFilterTestOutputHandler - Tests run: 1, Failures: 0, Errors: 0, Skipped: 0, Time elapsed: 0.023 sec - in io.druid.guice.SegmentMetadataQueryConfigTest
05:20:51.325 [Thread-8] DEBUG f.i.s.r.p.m.o.MavenFilterTestOutputHandler - Running io.druid.jackson.DefaultObjectMapperTest
05:20:51.326 [Thread-8] DEBUG f.i.s.r.p.m.o.MavenFilterTestOutputHandler - Tests run: 1, Failures: 0, Errors: 0, Skipped: 0, Time elapsed: 0 sec - in io.druid.jackson.DefaultObjectMapperTest
05:20:51.326 [Thread-8] DEBUG f.i.s.r.p.m.o.MavenFilterTestOutputHandler - Running io.druid.granularity.QueryGranularityTest
05:20:57.600 [Thread-8] DEBUG f.i.s.r.p.m.o.MavenFilterTestOutputHandler - Tests run: 33, Failures: 0, Errors: 0, Skipped: 0, Time elapsed: 6.27 sec - in io.druid.granularity.QueryGranularityTest
05:20:57.601 [Thread-8] DEBUG f.i.s.r.p.m.o.MavenFilterTestOutputHandler - Running io.druid.query.ordering.StringComparatorsTest
05:20:57.616 [Thread-8] DEBUG f.i.s.r.p.m.o.MavenFilterTestOutputHandler - Tests run: 8, Failures: 0, Errors: 0, Skipped: 0, Time elapsed: 0.017 sec - in io.druid.query.ordering.StringComparatorsTest
05:20:57.617 [Thread-8] DEBUG f.i.s.r.p.m.o.MavenFilterTestOutputHandler - Running io.druid.query.PrioritizedExecutorServiceTest
05:20:57.911 [Thread-8] DEBUG f.i.s.r.p.m.o.MavenFilterTestOutputHandler - Tests run: 10, Failures: 0, Errors: 0, Skipped: 0, Time elapsed: 0.294 sec - in io.druid.query.PrioritizedExecutorServiceTest
05:20:57.911 [Thread-8] DEBUG f.i.s.r.p.m.o.MavenFilterTestOutputHandler - Running io.druid.query.scan.MultiSegmentScanQueryTest
05:20:58.178 [Thread-8] DEBUG f.i.s.r.p.m.o.MavenFilterTestOutputHandler - Tests run: 112, Failures: 0, Errors: 0, Skipped: 0, Time elapsed: 0.266 sec - in io.druid.query.scan.MultiSegmentScanQueryTest
05:20:58.178 [Thread-8] DEBUG f.i.s.r.p.m.o.MavenFilterTestOutputHandler - Running io.druid.query.scan.ScanQueryRunnerTest
05:20:59.168 [Thread-8] DEBUG f.i.s.r.p.m.o.MavenFilterTestOutputHandler - Tests run: 90, Failures: 0, Errors: 0, Skipped: 0, Time elapsed: 0.988 sec - in io.druid.query.scan.ScanQueryRunnerTest
05:20:59.168 [Thread-8] DEBUG f.i.s.r.p.m.o.MavenFilterTestOutputHandler - Running io.druid.query.scan.ScanQuerySpecTest
05:20:59.226 [Thread-8] DEBUG f.i.s.r.p.m.o.MavenFilterTestOutputHandler - Tests run: 1, Failures: 0, Errors: 0, Skipped: 0, Time elapsed: 0.057 sec - in io.druid.query.scan.ScanQuerySpecTest
05:20:59.226 [Thread-8] DEBUG f.i.s.r.p.m.o.MavenFilterTestOutputHandler - Running io.druid.query.QueryInterruptedExceptionTest
05:20:59.248 [Thread-8] DEBUG f.i.s.r.p.m.o.MavenFilterTestOutputHandler - Tests run: 5, Failures: 0, Errors: 0, Skipped: 0, Time elapsed: 0.017 sec - in io.druid.query.QueryInterruptedExceptionTest
05:20:59.248 [Thread-8] DEBUG f.i.s.r.p.m.o.MavenFilterTestOutputHandler - Running io.druid.query.extraction.UpperExtractionFnTest
05:20:59.249 [Thread-8] DEBUG f.i.s.r.p.m.o.MavenFilterTestOutputHandler - Tests run: 2, Failures: 0, Errors: 0, Skipped: 0, Time elapsed: 0 sec - in io.druid.query.extraction.UpperExtractionFnTest
05:20:59.249 [Thread-8] DEBUG f.i.s.r.p.m.o.MavenFilterTestOutputHandler - Running io.druid.query.extraction.TimeDimExtractionFnTest
05:20:59.259 [Thread-8] DEBUG f.i.s.r.p.m.o.MavenFilterTestOutputHandler - Tests run: 4, Failures: 0, Errors: 0, Skipped: 0, Time elapsed: 0.009 sec - in io.druid.query.extraction.TimeDimExtractionFnTest
05:20:59.260 [Thread-8] DEBUG f.i.s.r.p.m.o.MavenFilterTestOutputHandler - Running io.druid.query.extraction.SubstringDimExtractionFnTest
05:20:59.268 [Thread-8] DEBUG f.i.s.r.p.m.o.MavenFilterTestOutputHandler - Tests run: 7, Failures: 0, Errors: 0, Skipped: 0, Time elapsed: 0.008 sec - in io.druid.query.extraction.SubstringDimExtractionFnTest
05:20:59.269 [Thread-8] DEBUG f.i.s.r.p.m.o.MavenFilterTestOutputHandler - Running io.druid.query.extraction.SearchQuerySpecDimExtractionFnTest
05:20:59.283 [Thread-8] DEBUG f.i.s.r.p.m.o.MavenFilterTestOutputHandler - Tests run: 4, Failures: 0, Errors: 0, Skipped: 0, Time elapsed: 0.011 sec - in io.druid.query.extraction.SearchQuerySpecDimExtractionFnTest
05:20:59.283 [Thread-8] DEBUG f.i.s.r.p.m.o.MavenFilterTestOutputHandler - Running io.druid.query.extraction.JavaScriptExtractionFnTest
05:20:59.464 [Thread-8] DEBUG f.i.s.r.p.m.o.MavenFilterTestOutputHandler - Tests run: 11, Failures: 0, Errors: 0, Skipped: 0, Time elapsed: 0.179 sec - in io.druid.query.extraction.JavaScriptExtractionFnTest
05:20:59.465 [Thread-8] DEBUG f.i.s.r.p.m.o.MavenFilterTestOutputHandler - Running io.druid.query.extraction.MapLookupExtractorTest
05:20:59.465 [Thread-8] DEBUG f.i.s.r.p.m.o.MavenFilterTestOutputHandler - Tests run: 6, Failures: 0, Errors: 0, Skipped: 0, Time elapsed: 0.004 sec - in io.druid.query.extraction.MapLookupExtractorTest
05:20:59.465 [Thread-8] DEBUG f.i.s.r.p.m.o.MavenFilterTestOutputHandler - Running io.druid.query.extraction.RegexDimExtractionFnTest
05:20:59.476 [Thread-8] DEBUG f.i.s.r.p.m.o.MavenFilterTestOutputHandler - Tests run: 11, Failures: 0, Errors: 0, Skipped: 0, Time elapsed: 0.01 sec - in io.druid.query.extraction.RegexDimExtractionFnTest
05:20:59.476 [Thread-8] DEBUG f.i.s.r.p.m.o.MavenFilterTestOutputHandler - Running io.druid.query.extraction.LowerExtractionFnTest
05:20:59.476 [Thread-8] DEBUG f.i.s.r.p.m.o.MavenFilterTestOutputHandler - Tests run: 2, Failures: 0, Errors: 0, Skipped: 0, Time elapsed: 0 sec - in io.druid.query.extraction.LowerExtractionFnTest
05:20:59.477 [Thread-8] DEBUG f.i.s.r.p.m.o.MavenFilterTestOutputHandler - Running io.druid.query.extraction.StrlenExtractionFnTest
05:20:59.480 [Thread-8] DEBUG f.i.s.r.p.m.o.MavenFilterTestOutputHandler - Tests run: 3, Failures: 0, Errors: 0, Skipped: 0, Time elapsed: 0.003 sec - in io.druid.query.extraction.StrlenExtractionFnTest
05:20:59.480 [Thread-8] DEBUG f.i.s.r.p.m.o.MavenFilterTestOutputHandler - Running io.druid.query.extraction.CascadeExtractionFnTest
05:20:59.514 [Thread-8] DEBUG f.i.s.r.p.m.o.MavenFilterTestOutputHandler - Tests run: 6, Failures: 0, Errors: 0, Skipped: 0, Time elapsed: 0.033 sec - in io.druid.query.extraction.CascadeExtractionFnTest
05:20:59.515 [Thread-8] DEBUG f.i.s.r.p.m.o.MavenFilterTestOutputHandler - Running io.druid.query.extraction.TimeFormatExtractionFnTest
05:20:59.557 [Thread-8] DEBUG f.i.s.r.p.m.o.MavenFilterTestOutputHandler - Tests run: 6, Failures: 0, Errors: 0, Skipped: 0, Time elapsed: 0.042 sec - in io.druid.query.extraction.TimeFormatExtractionFnTest
05:20:59.557 [Thread-8] DEBUG f.i.s.r.p.m.o.MavenFilterTestOutputHandler - Running io.druid.query.extraction.BucketExtractionFnTest
05:20:59.566 [Thread-8] DEBUG f.i.s.r.p.m.o.MavenFilterTestOutputHandler - Tests run: 3, Failures: 0, Errors: 0, Skipped: 0, Time elapsed: 0.008 sec - in io.druid.query.extraction.BucketExtractionFnTest
05:20:59.566 [Thread-8] DEBUG f.i.s.r.p.m.o.MavenFilterTestOutputHandler - Running io.druid.query.extraction.MatchingDimExtractionFnTest
05:20:59.569 [Thread-8] DEBUG f.i.s.r.p.m.o.MavenFilterTestOutputHandler - Tests run: 3, Failures: 0, Errors: 0, Skipped: 0, Time elapsed: 0.002 sec - in io.druid.query.extraction.MatchingDimExtractionFnTest
05:20:59.569 [Thread-8] DEBUG f.i.s.r.p.m.o.MavenFilterTestOutputHandler - Running io.druid.query.extraction.FunctionalExtractionTest
05:20:59.578 [Thread-8] DEBUG f.i.s.r.p.m.o.MavenFilterTestOutputHandler - Tests run: 35, Failures: 0, Errors: 0, Skipped: 0, Time elapsed: 0.007 sec - in io.druid.query.extraction.FunctionalExtractionTest
05:20:59.578 [Thread-8] DEBUG f.i.s.r.p.m.o.MavenFilterTestOutputHandler - Running io.druid.query.extraction.MapLookupExtractionFnSerDeTest
05:20:59.622 [Thread-8] DEBUG f.i.s.r.p.m.o.MavenFilterTestOutputHandler - Tests run: 1, Failures: 0, Errors: 0, Skipped: 0, Time elapsed: 0.043 sec - in io.druid.query.extraction.MapLookupExtractionFnSerDeTest
05:20:59.622 [Thread-8] DEBUG f.i.s.r.p.m.o.MavenFilterTestOutputHandler - Running io.druid.query.extraction.StringFormatExtractionFnTest
05:20:59.650 [Thread-8] DEBUG f.i.s.r.p.m.o.MavenFilterTestOutputHandler - Tests run: 6, Failures: 0, Errors: 0, Skipped: 0, Time elapsed: 0.027 sec - in io.druid.query.extraction.StringFormatExtractionFnTest
05:20:59.650 [Thread-8] DEBUG f.i.s.r.p.m.o.MavenFilterTestOutputHandler - Running io.druid.query.dimension.ExtractionDimensionSpecTest
05:20:59.678 [Thread-8] DEBUG f.i.s.r.p.m.o.MavenFilterTestOutputHandler - Tests run: 3, Failures: 0, Errors: 0, Skipped: 0, Time elapsed: 0.027 sec - in io.druid.query.dimension.ExtractionDimensionSpecTest
05:20:59.679 [Thread-8] DEBUG f.i.s.r.p.m.o.MavenFilterTestOutputHandler - Running io.druid.query.dimension.LegacyDimensionSpecTest
05:20:59.691 [Thread-8] DEBUG f.i.s.r.p.m.o.MavenFilterTestOutputHandler - Tests run: 1, Failures: 0, Errors: 0, Skipped: 0, Time elapsed: 0.012 sec - in io.druid.query.dimension.LegacyDimensionSpecTest
05:20:59.691 [Thread-8] DEBUG f.i.s.r.p.m.o.MavenFilterTestOutputHandler - Running io.druid.query.dimension.ListFilteredDimensionSpecTest
05:20:59.707 [Thread-8] DEBUG f.i.s.r.p.m.o.MavenFilterTestOutputHandler - Tests run: 5, Failures: 0, Errors: 0, Skipped: 0, Time elapsed: 0.015 sec - in io.druid.query.dimension.ListFilteredDimensionSpecTest
05:20:59.707 [Thread-8] DEBUG f.i.s.r.p.m.o.MavenFilterTestOutputHandler - Running io.druid.query.dimension.RegexFilteredDimensionSpecTest
05:20:59.723 [Thread-8] DEBUG f.i.s.r.p.m.o.MavenFilterTestOutputHandler - Tests run: 3, Failures: 0, Errors: 0, Skipped: 0, Time elapsed: 0.015 sec - in io.druid.query.dimension.RegexFilteredDimensionSpecTest
05:20:59.724 [Thread-8] DEBUG f.i.s.r.p.m.o.MavenFilterTestOutputHandler - Running io.druid.query.dimension.DefaultDimensionSpecTest
05:20:59.731 [Thread-8] DEBUG f.i.s.r.p.m.o.MavenFilterTestOutputHandler - Tests run: 2, Failures: 0, Errors: 0, Skipped: 0, Time elapsed: 0.007 sec - in io.druid.query.dimension.DefaultDimensionSpecTest
05:20:59.731 [Thread-8] DEBUG f.i.s.r.p.m.o.MavenFilterTestOutputHandler - Running io.druid.query.expression.ExprMacroTest
05:20:59.801 [Thread-8] DEBUG f.i.s.r.p.m.o.MavenFilterTestOutputHandler - Tests run: 13, Failures: 0, Errors: 0, Skipped: 0, Time elapsed: 0.069 sec - in io.druid.query.expression.ExprMacroTest
05:20:59.801 [Thread-8] DEBUG f.i.s.r.p.m.o.MavenFilterTestOutputHandler - Running io.druid.query.timeboundary.TimeBoundaryQueryQueryToolChestTest
05:20:59.812 [Thread-8] DEBUG f.i.s.r.p.m.o.MavenFilterTestOutputHandler - Tests run: 5, Failures: 0, Errors: 0, Skipped: 0, Time elapsed: 0.01 sec - in io.druid.query.timeboundary.TimeBoundaryQueryQueryToolChestTest
05:20:59.812 [Thread-8] DEBUG f.i.s.r.p.m.o.MavenFilterTestOutputHandler - Running io.druid.query.timeboundary.TimeBoundaryQueryRunnerTest
05:20:59.855 [Thread-8] DEBUG f.i.s.r.p.m.o.MavenFilterTestOutputHandler - Tests run: 35, Failures: 0, Errors: 0, Skipped: 0, Time elapsed: 0.042 sec - in io.druid.query.timeboundary.TimeBoundaryQueryRunnerTest
05:20:59.856 [Thread-8] DEBUG f.i.s.r.p.m.o.MavenFilterTestOutputHandler - Running io.druid.query.timeboundary.TimeBoundaryQueryTest
05:20:59.895 [Thread-8] DEBUG f.i.s.r.p.m.o.MavenFilterTestOutputHandler - Tests run: 3, Failures: 0, Errors: 0, Skipped: 0, Time elapsed: 0.038 sec - in io.druid.query.timeboundary.TimeBoundaryQueryTest
05:20:59.895 [Thread-8] DEBUG f.i.s.r.p.m.o.MavenFilterTestOutputHandler - Running io.druid.query.UnionQueryRunnerTest
05:20:59.899 [Thread-8] DEBUG f.i.s.r.p.m.o.MavenFilterTestOutputHandler - Tests run: 1, Failures: 0, Errors: 0, Skipped: 0, Time elapsed: 0.003 sec - in io.druid.query.UnionQueryRunnerTest
05:20:59.899 [Thread-8] DEBUG f.i.s.r.p.m.o.MavenFilterTestOutputHandler - Running io.druid.query.IntervalChunkingQueryRunnerTest
05:20:59.941 [Thread-8] DEBUG f.i.s.r.p.m.o.MavenFilterTestOutputHandler - Tests run: 3, Failures: 0, Errors: 0, Skipped: 0, Time elapsed: 0.041 sec - in io.druid.query.IntervalChunkingQueryRunnerTest
05:20:59.941 [Thread-8] DEBUG f.i.s.r.p.m.o.MavenFilterTestOutputHandler - Running io.druid.query.TimewarpOperatorTest
05:20:59.953 [Thread-8] DEBUG f.i.s.r.p.m.o.MavenFilterTestOutputHandler - Tests run: 3, Failures: 0, Errors: 0, Skipped: 0, Time elapsed: 0.011 sec - in io.druid.query.TimewarpOperatorTest
05:20:59.954 [Thread-8] DEBUG f.i.s.r.p.m.o.MavenFilterTestOutputHandler - Running io.druid.query.ChainedExecutionQueryRunnerTest
05:21:00.086 [Thread-8] DEBUG f.i.s.r.p.m.o.MavenFilterTestOutputHandler - Tests run: 2, Failures: 0, Errors: 0, Skipped: 0, Time elapsed: 0.131 sec - in io.druid.query.ChainedExecutionQueryRunnerTest
05:21:00.086 [Thread-8] DEBUG f.i.s.r.p.m.o.MavenFilterTestOutputHandler - Running io.druid.query.RetryQueryRunnerTest
05:21:00.118 [Thread-8] DEBUG f.i.s.r.p.m.o.MavenFilterTestOutputHandler - Tests run: 5, Failures: 0, Errors: 0, Skipped: 0, Time elapsed: 0.032 sec - in io.druid.query.RetryQueryRunnerTest
05:21:00.118 [Thread-8] DEBUG f.i.s.r.p.m.o.MavenFilterTestOutputHandler - Running io.druid.query.QueriesTest
05:21:00.119 [Thread-8] DEBUG f.i.s.r.p.m.o.MavenFilterTestOutputHandler - Tests run: 4, Failures: 0, Errors: 0, Skipped: 0, Time elapsed: 0.001 sec - in io.druid.query.QueriesTest
05:21:00.119 [Thread-8] DEBUG f.i.s.r.p.m.o.MavenFilterTestOutputHandler - Running io.druid.query.topn.TopNQueryRunnerTest
05:22:19.907 [Thread-8] DEBUG f.i.s.r.p.m.o.MavenFilterTestOutputHandler - Tests run: 60160, Failures: 0, Errors: 0, Skipped: 0, Time elapsed: 77.502 sec - in io.druid.query.topn.TopNQueryRunnerTest
05:22:20.040 [Thread-8] DEBUG f.i.s.r.p.m.o.MavenFilterTestOutputHandler - Running io.druid.query.topn.DefaultTopNQueryMetricsTest
05:22:20.040 [Thread-8] DEBUG f.i.s.r.p.m.o.MavenFilterTestOutputHandler - Tests run: 2, Failures: 0, Errors: 0, Skipped: 0, Time elapsed: 0 sec - in io.druid.query.topn.DefaultTopNQueryMetricsTest
05:22:20.040 [Thread-8] DEBUG f.i.s.r.p.m.o.MavenFilterTestOutputHandler - Running io.druid.query.topn.DimensionTopNMetricSpecTest
05:22:20.040 [Thread-8] DEBUG f.i.s.r.p.m.o.MavenFilterTestOutputHandler - Tests run: 4, Failures: 0, Errors: 0, Skipped: 0, Time elapsed: 0 sec - in io.druid.query.topn.DimensionTopNMetricSpecTest
05:22:20.040 [Thread-8] DEBUG f.i.s.r.p.m.o.MavenFilterTestOutputHandler - Running io.druid.query.topn.TopNUnionQueryTest
05:22:20.040 [Thread-8] DEBUG f.i.s.r.p.m.o.MavenFilterTestOutputHandler - Tests run: 6, Failures: 0, Errors: 0, Skipped: 0, Time elapsed: 0 sec - in io.druid.query.topn.TopNUnionQueryTest
05:22:20.040 [Thread-8] DEBUG f.i.s.r.p.m.o.MavenFilterTestOutputHandler - Running io.druid.query.topn.AlphaNumericTopNMetricSpecTest
05:22:20.040 [Thread-8] DEBUG f.i.s.r.p.m.o.MavenFilterTestOutputHandler - Tests run: 2, Failures: 0, Errors: 0, Skipped: 0, Time elapsed: 0 sec - in io.druid.query.topn.AlphaNumericTopNMetricSpecTest
05:22:20.040 [Thread-8] DEBUG f.i.s.r.p.m.o.MavenFilterTestOutputHandler - Running io.druid.query.topn.TopNBinaryFnTest
05:22:20.040 [Thread-8] DEBUG f.i.s.r.p.m.o.MavenFilterTestOutputHandler - Tests run: 6, Failures: 0, Errors: 0, Skipped: 0, Time elapsed: 0 sec - in io.druid.query.topn.TopNBinaryFnTest
05:22:20.040 [Thread-8] DEBUG f.i.s.r.p.m.o.MavenFilterTestOutputHandler - Running io.druid.query.topn.TopNQueryQueryToolChestTest
05:22:20.040 [Thread-8] DEBUG f.i.s.r.p.m.o.MavenFilterTestOutputHandler - Tests run: 3, Failures: 0, Errors: 0, Skipped: 0, Time elapsed: 0 sec - in io.druid.query.topn.TopNQueryQueryToolChestTest
05:22:20.041 [Thread-8] DEBUG f.i.s.r.p.m.o.MavenFilterTestOutputHandler - Running io.druid.query.topn.TopNQueryTest
05:22:20.041 [Thread-8] DEBUG f.i.s.r.p.m.o.MavenFilterTestOutputHandler - Tests run: 3, Failures: 0, Errors: 0, Skipped: 0, Time elapsed: 0 sec - in io.druid.query.topn.TopNQueryTest
05:22:20.041 [Thread-8] DEBUG f.i.s.r.p.m.o.MavenFilterTestOutputHandler - Running io.druid.query.topn.PooledTopNAlgorithmTest
05:22:20.041 [Thread-8] DEBUG f.i.s.r.p.m.o.MavenFilterTestOutputHandler - Tests run: 2, Failures: 0, Errors: 0, Skipped: 0, Time elapsed: 0 sec - in io.druid.query.topn.PooledTopNAlgorithmTest
05:22:20.041 [Thread-8] DEBUG f.i.s.r.p.m.o.MavenFilterTestOutputHandler - Running io.druid.query.spec.QuerySegmentSpecTest
05:22:20.041 [Thread-8] DEBUG f.i.s.r.p.m.o.MavenFilterTestOutputHandler - Tests run: 4, Failures: 0, Errors: 0, Skipped: 0, Time elapsed: 0 sec - in io.druid.query.spec.QuerySegmentSpecTest
05:22:20.042 [Thread-8] DEBUG f.i.s.r.p.m.o.MavenFilterTestOutputHandler - Running io.druid.query.spec.SpecificSegmentQueryRunnerTest
05:22:20.042 [Thread-8] DEBUG f.i.s.r.p.m.o.MavenFilterTestOutputHandler - Tests run: 2, Failures: 0, Errors: 0, Skipped: 0, Time elapsed: 0 sec - in io.druid.query.spec.SpecificSegmentQueryRunnerTest
05:22:20.042 [Thread-8] DEBUG f.i.s.r.p.m.o.MavenFilterTestOutputHandler - Running io.druid.query.metadata.metadata.ColumnAnalysisTest
05:22:20.043 [Thread-8] DEBUG f.i.s.r.p.m.o.MavenFilterTestOutputHandler - Tests run: 7, Failures: 0, Errors: 0, Skipped: 0, Time elapsed: 0 sec - in io.druid.query.metadata.metadata.ColumnAnalysisTest
05:22:20.043 [Thread-8] DEBUG f.i.s.r.p.m.o.MavenFilterTestOutputHandler - Running io.druid.query.metadata.SegmentMetadataQueryTest
05:22:20.046 [Thread-8] DEBUG f.i.s.r.p.m.o.MavenFilterTestOutputHandler - Tests run: 102, Failures: 0, Errors: 0, Skipped: 0, Time elapsed: 0.001 sec - in io.druid.query.metadata.SegmentMetadataQueryTest
05:22:20.046 [Thread-8] DEBUG f.i.s.r.p.m.o.MavenFilterTestOutputHandler - Running io.druid.query.metadata.SegmentAnalyzerTest
05:22:20.047 [Thread-8] DEBUG f.i.s.r.p.m.o.MavenFilterTestOutputHandler - Tests run: 2, Failures: 0, Errors: 0, Skipped: 0, Time elapsed: 0 sec - in io.druid.query.metadata.SegmentAnalyzerTest
05:22:20.047 [Thread-8] DEBUG f.i.s.r.p.m.o.MavenFilterTestOutputHandler - Running io.druid.query.metadata.SegmentMetadataQueryQueryToolChestTest
05:22:20.047 [Thread-8] DEBUG f.i.s.r.p.m.o.MavenFilterTestOutputHandler - Tests run: 6, Failures: 0, Errors: 0, Skipped: 0, Time elapsed: 0 sec - in io.druid.query.metadata.SegmentMetadataQueryQueryToolChestTest
05:22:20.048 [Thread-8] DEBUG f.i.s.r.p.m.o.MavenFilterTestOutputHandler - Running io.druid.query.metadata.SegmentMetadataUnionQueryTest
05:22:20.048 [Thread-8] DEBUG f.i.s.r.p.m.o.MavenFilterTestOutputHandler - Tests run: 2, Failures: 0, Errors: 0, Skipped: 0, Time elapsed: 0 sec - in io.druid.query.metadata.SegmentMetadataUnionQueryTest
05:22:20.048 [Thread-8] DEBUG f.i.s.r.p.m.o.MavenFilterTestOutputHandler - Running io.druid.query.DruidProcessingConfigTest
05:22:20.049 [Thread-8] DEBUG f.i.s.r.p.m.o.MavenFilterTestOutputHandler - Tests run: 1, Failures: 0, Errors: 0, Skipped: 0, Time elapsed: 0 sec - in io.druid.query.DruidProcessingConfigTest
05:22:20.049 [Thread-8] DEBUG f.i.s.r.p.m.o.MavenFilterTestOutputHandler - Running io.druid.query.search.SearchQueryTest
05:22:20.050 [Thread-8] DEBUG f.i.s.r.p.m.o.MavenFilterTestOutputHandler - Tests run: 3, Failures: 0, Errors: 0, Skipped: 0, Time elapsed: 0 sec - in io.druid.query.search.SearchQueryTest
05:22:20.056 [Thread-8] DEBUG f.i.s.r.p.m.o.MavenFilterTestOutputHandler - Running io.druid.query.search.SearchQueryQueryToolChestTest
05:22:20.057 [Thread-8] DEBUG f.i.s.r.p.m.o.MavenFilterTestOutputHandler - Tests run: 1, Failures: 0, Errors: 0, Skipped: 0, Time elapsed: 0 sec - in io.druid.query.search.SearchQueryQueryToolChestTest
05:22:20.057 [Thread-8] DEBUG f.i.s.r.p.m.o.MavenFilterTestOutputHandler - Running io.druid.query.search.SearchQueryRunnerWithCaseTest
05:22:20.057 [Thread-8] DEBUG f.i.s.r.p.m.o.MavenFilterTestOutputHandler - Tests run: 60, Failures: 0, Errors: 0, Skipped: 0, Time elapsed: 0.001 sec - in io.druid.query.search.SearchQueryRunnerWithCaseTest
05:22:20.057 [Thread-8] DEBUG f.i.s.r.p.m.o.MavenFilterTestOutputHandler - Running io.druid.query.search.SearchBinaryFnTest
05:22:20.057 [Thread-8] DEBUG f.i.s.r.p.m.o.MavenFilterTestOutputHandler - Tests run: 10, Failures: 0, Errors: 0, Skipped: 0, Time elapsed: 0 sec - in io.druid.query.search.SearchBinaryFnTest
05:22:20.057 [Thread-8] DEBUG f.i.s.r.p.m.o.MavenFilterTestOutputHandler - Running io.druid.query.search.SearchQueryRunnerTest
05:22:20.057 [Thread-8] DEBUG f.i.s.r.p.m.o.MavenFilterTestOutputHandler - Tests run: 135, Failures: 0, Errors: 0, Skipped: 0, Time elapsed: 0.001 sec - in io.druid.query.search.SearchQueryRunnerTest
05:22:20.057 [Thread-8] DEBUG f.i.s.r.p.m.o.MavenFilterTestOutputHandler - Running io.druid.query.search.SearchSortSpecTest
05:22:20.057 [Thread-8] DEBUG f.i.s.r.p.m.o.MavenFilterTestOutputHandler - Tests run: 5, Failures: 0, Errors: 0, Skipped: 0, Time elapsed: 0 sec - in io.druid.query.search.SearchSortSpecTest
05:22:20.057 [Thread-8] DEBUG f.i.s.r.p.m.o.MavenFilterTestOutputHandler - Running io.druid.query.search.RegexSearchQueryTest
05:22:20.058 [Thread-8] DEBUG f.i.s.r.p.m.o.MavenFilterTestOutputHandler - Tests run: 2, Failures: 0, Errors: 0, Skipped: 0, Time elapsed: 0 sec - in io.druid.query.search.RegexSearchQueryTest
05:22:20.058 [Thread-8] DEBUG f.i.s.r.p.m.o.MavenFilterTestOutputHandler - Running io.druid.query.filter.LikeDimFilterTest
05:22:20.059 [Thread-8] DEBUG f.i.s.r.p.m.o.MavenFilterTestOutputHandler - Tests run: 3, Failures: 0, Errors: 0, Skipped: 0, Time elapsed: 0 sec - in io.druid.query.filter.LikeDimFilterTest
05:22:20.059 [Thread-8] DEBUG f.i.s.r.p.m.o.MavenFilterTestOutputHandler - Running io.druid.query.filter.SelectorDimFilterTest
05:22:20.059 [Thread-8] DEBUG f.i.s.r.p.m.o.MavenFilterTestOutputHandler - Tests run: 4, Failures: 0, Errors: 0, Skipped: 0, Time elapsed: 0.001 sec - in io.druid.query.filter.SelectorDimFilterTest
05:22:20.059 [Thread-8] DEBUG f.i.s.r.p.m.o.MavenFilterTestOutputHandler - Running io.druid.query.filter.JavaScriptDimFilterTest
05:22:20.060 [Thread-8] DEBUG f.i.s.r.p.m.o.MavenFilterTestOutputHandler - Tests run: 5, Failures: 0, Errors: 0, Skipped: 0, Time elapsed: 0 sec - in io.druid.query.filter.JavaScriptDimFilterTest
05:22:20.060 [Thread-8] DEBUG f.i.s.r.p.m.o.MavenFilterTestOutputHandler - Running io.druid.query.filter.IntervalDimFilterTest
05:22:20.134 [Thread-8] DEBUG f.i.s.r.p.m.o.MavenFilterTestOutputHandler - Tests run: 4, Failures: 0, Errors: 0, Skipped: 0, Time elapsed: 0.072 sec - in io.druid.query.filter.IntervalDimFilterTest
05:22:20.134 [Thread-8] DEBUG f.i.s.r.p.m.o.MavenFilterTestOutputHandler - Running io.druid.query.filter.InDimFilterSerDesrTest
05:22:20.197 [Thread-8] DEBUG f.i.s.r.p.m.o.MavenFilterTestOutputHandler - Tests run: 4, Failures: 0, Errors: 0, Skipped: 0, Time elapsed: 0.062 sec - in io.druid.query.filter.InDimFilterSerDesrTest
05:22:20.197 [Thread-8] DEBUG f.i.s.r.p.m.o.MavenFilterTestOutputHandler - Running io.druid.query.filter.SearchQueryDimFilterTest
05:22:20.202 [Thread-8] DEBUG f.i.s.r.p.m.o.MavenFilterTestOutputHandler - Tests run: 3, Failures: 0, Errors: 0, Skipped: 0, Time elapsed: 0.005 sec - in io.druid.query.filter.SearchQueryDimFilterTest
05:22:20.203 [Thread-8] DEBUG f.i.s.r.p.m.o.MavenFilterTestOutputHandler - Running io.druid.query.filter.ExtractionDimFilterTest
05:22:20.204 [Thread-8] DEBUG f.i.s.r.p.m.o.MavenFilterTestOutputHandler - Tests run: 1, Failures: 0, Errors: 0, Skipped: 0, Time elapsed: 0 sec - in io.druid.query.filter.ExtractionDimFilterTest
05:22:20.204 [Thread-8] DEBUG f.i.s.r.p.m.o.MavenFilterTestOutputHandler - Running io.druid.query.filter.DimFilterUtilsTest
05:22:20.253 [Thread-8] DEBUG f.i.s.r.p.m.o.MavenFilterTestOutputHandler - Tests run: 1, Failures: 0, Errors: 0, Skipped: 0, Time elapsed: 0.048 sec - in io.druid.query.filter.DimFilterUtilsTest
05:22:20.253 [Thread-8] DEBUG f.i.s.r.p.m.o.MavenFilterTestOutputHandler - Running io.druid.query.filter.RegexDimFilterTest
05:22:20.255 [Thread-8] DEBUG f.i.s.r.p.m.o.MavenFilterTestOutputHandler - Tests run: 3, Failures: 0, Errors: 0, Skipped: 0, Time elapsed: 0.001 sec - in io.druid.query.filter.RegexDimFilterTest
05:22:20.255 [Thread-8] DEBUG f.i.s.r.p.m.o.MavenFilterTestOutputHandler - Running io.druid.query.filter.GetDimensionRangeSetTest
05:22:20.278 [Thread-8] DEBUG f.i.s.r.p.m.o.MavenFilterTestOutputHandler - Tests run: 4, Failures: 0, Errors: 0, Skipped: 0, Time elapsed: 0.022 sec - in io.druid.query.filter.GetDimensionRangeSetTest
05:22:20.278 [Thread-8] DEBUG f.i.s.r.p.m.o.MavenFilterTestOutputHandler - Running io.druid.query.filter.ColumnComparisonDimFilterTest
05:22:20.280 [Thread-8] DEBUG f.i.s.r.p.m.o.MavenFilterTestOutputHandler - Tests run: 2, Failures: 0, Errors: 0, Skipped: 0, Time elapsed: 0.001 sec - in io.druid.query.filter.ColumnComparisonDimFilterTest
05:22:20.280 [Thread-8] DEBUG f.i.s.r.p.m.o.MavenFilterTestOutputHandler - Running io.druid.query.filter.BoundDimFilterTest
05:22:20.461 [Thread-8] DEBUG f.i.s.r.p.m.o.MavenFilterTestOutputHandler - Tests run: 27, Failures: 0, Errors: 0, Skipped: 0, Time elapsed: 0.18 sec - in io.druid.query.filter.BoundDimFilterTest
05:22:20.461 [Thread-8] DEBUG f.i.s.r.p.m.o.MavenFilterTestOutputHandler - Running io.druid.query.DefaultQueryMetricsTest
05:22:20.464 [Thread-8] DEBUG f.i.s.r.p.m.o.MavenFilterTestOutputHandler - Tests run: 2, Failures: 0, Errors: 0, Skipped: 0, Time elapsed: 0.003 sec - in io.druid.query.DefaultQueryMetricsTest
05:22:20.465 [Thread-8] DEBUG f.i.s.r.p.m.o.MavenFilterTestOutputHandler - Running io.druid.query.cache.CacheKeyBuilderTest
05:22:20.478 [Thread-8] DEBUG f.i.s.r.p.m.o.MavenFilterTestOutputHandler - Tests run: 7, Failures: 0, Errors: 0, Skipped: 0, Time elapsed: 0.013 sec - in io.druid.query.cache.CacheKeyBuilderTest
05:22:20.478 [Thread-8] DEBUG f.i.s.r.p.m.o.MavenFilterTestOutputHandler - Running io.druid.query.DataSourceTest
05:22:20.528 [Thread-8] DEBUG f.i.s.r.p.m.o.MavenFilterTestOutputHandler - Tests run: 5, Failures: 0, Errors: 0, Skipped: 0, Time elapsed: 0.049 sec - in io.druid.query.DataSourceTest
05:22:20.528 [Thread-8] DEBUG f.i.s.r.p.m.o.MavenFilterTestOutputHandler - Running io.druid.query.aggregation.post.DoubleGreatestPostAggregatorTest
05:22:20.529 [Thread-8] DEBUG f.i.s.r.p.m.o.MavenFilterTestOutputHandler - Tests run: 2, Failures: 0, Errors: 0, Skipped: 0, Time elapsed: 0 sec - in io.druid.query.aggregation.post.DoubleGreatestPostAggregatorTest
05:22:20.529 [Thread-8] DEBUG f.i.s.r.p.m.o.MavenFilterTestOutputHandler - Running io.druid.query.aggregation.post.JavaScriptPostAggregatorTest
05:22:20.545 [Thread-8] DEBUG f.i.s.r.p.m.o.MavenFilterTestOutputHandler - Tests run: 2, Failures: 0, Errors: 0, Skipped: 0, Time elapsed: 0.015 sec - in io.druid.query.aggregation.post.JavaScriptPostAggregatorTest
05:22:20.546 [Thread-8] DEBUG f.i.s.r.p.m.o.MavenFilterTestOutputHandler - Running io.druid.query.aggregation.post.FieldAccessPostAggregatorTest
05:22:20.546 [Thread-8] DEBUG f.i.s.r.p.m.o.MavenFilterTestOutputHandler - Tests run: 1, Failures: 0, Errors: 0, Skipped: 0, Time elapsed: 0 sec - in io.druid.query.aggregation.post.FieldAccessPostAggregatorTest
05:22:20.546 [Thread-8] DEBUG f.i.s.r.p.m.o.MavenFilterTestOutputHandler - Running io.druid.query.aggregation.post.ConstantPostAggregatorTest
05:22:20.551 [Thread-8] DEBUG f.i.s.r.p.m.o.MavenFilterTestOutputHandler - Tests run: 3, Failures: 0, Errors: 0, Skipped: 0, Time elapsed: 0.004 sec - in io.druid.query.aggregation.post.ConstantPostAggregatorTest
05:22:20.551 [Thread-8] DEBUG f.i.s.r.p.m.o.MavenFilterTestOutputHandler - Running io.druid.query.aggregation.post.ArithmeticPostAggregatorTest
05:22:20.557 [Thread-8] DEBUG f.i.s.r.p.m.o.MavenFilterTestOutputHandler - Tests run: 5, Failures: 0, Errors: 0, Skipped: 0, Time elapsed: 0.005 sec - in io.druid.query.aggregation.post.ArithmeticPostAggregatorTest
05:22:20.557 [Thread-8] DEBUG f.i.s.r.p.m.o.MavenFilterTestOutputHandler - Running io.druid.query.aggregation.post.LongLeastPostAggregatorTest
05:22:20.558 [Thread-8] DEBUG f.i.s.r.p.m.o.MavenFilterTestOutputHandler - Tests run: 2, Failures: 0, Errors: 0, Skipped: 0, Time elapsed: 0 sec - in io.druid.query.aggregation.post.LongLeastPostAggregatorTest
05:22:20.558 [Thread-8] DEBUG f.i.s.r.p.m.o.MavenFilterTestOutputHandler - Running io.druid.query.aggregation.post.DoubleLeastPostAggregatorTest
05:22:20.559 [Thread-8] DEBUG f.i.s.r.p.m.o.MavenFilterTestOutputHandler - Tests run: 2, Failures: 0, Errors: 0, Skipped: 0, Time elapsed: 0 sec - in io.druid.query.aggregation.post.DoubleLeastPostAggregatorTest
05:22:20.559 [Thread-8] DEBUG f.i.s.r.p.m.o.MavenFilterTestOutputHandler - Running io.druid.query.aggregation.post.FinalizingFieldAccessPostAggregatorTest
05:22:20.892 [Thread-8] DEBUG f.i.s.r.p.m.o.MavenFilterTestOutputHandler - Tests run: 6, Failures: 0, Errors: 0, Skipped: 0, Time elapsed: 0.332 sec - in io.druid.query.aggregation.post.FinalizingFieldAccessPostAggregatorTest
05:22:20.892 [Thread-8] DEBUG f.i.s.r.p.m.o.MavenFilterTestOutputHandler - Running io.druid.query.aggregation.post.LongGreatestPostAggregatorTest
05:22:20.903 [Thread-8] DEBUG f.i.s.r.p.m.o.MavenFilterTestOutputHandler - Tests run: 2, Failures: 0, Errors: 0, Skipped: 0, Time elapsed: 0.01 sec - in io.druid.query.aggregation.post.LongGreatestPostAggregatorTest
05:22:20.903 [Thread-8] DEBUG f.i.s.r.p.m.o.MavenFilterTestOutputHandler - Running io.druid.query.aggregation.LongMaxAggregationTest
05:22:20.913 [Thread-8] DEBUG f.i.s.r.p.m.o.MavenFilterTestOutputHandler - Tests run: 4, Failures: 0, Errors: 0, Skipped: 0, Time elapsed: 0.009 sec - in io.druid.query.aggregation.LongMaxAggregationTest
05:22:20.913 [Thread-8] DEBUG f.i.s.r.p.m.o.MavenFilterTestOutputHandler - Running io.druid.query.aggregation.MetricManipulatorFnsTest
05:22:20.919 [Thread-8] DEBUG f.i.s.r.p.m.o.MavenFilterTestOutputHandler - Tests run: 9, Failures: 0, Errors: 0, Skipped: 0, Time elapsed: 0.005 sec - in io.druid.query.aggregation.MetricManipulatorFnsTest
05:22:20.919 [Thread-8] DEBUG f.i.s.r.p.m.o.MavenFilterTestOutputHandler - Running io.druid.query.aggregation.AggregatorUtilTest
05:22:20.921 [Thread-8] DEBUG f.i.s.r.p.m.o.MavenFilterTestOutputHandler - Tests run: 5, Failures: 0, Errors: 0, Skipped: 0, Time elapsed: 0.002 sec - in io.druid.query.aggregation.AggregatorUtilTest
05:22:20.921 [Thread-8] DEBUG f.i.s.r.p.m.o.MavenFilterTestOutputHandler - Running io.druid.query.aggregation.HistogramTest
05:22:20.932 [Thread-8] DEBUG f.i.s.r.p.m.o.MavenFilterTestOutputHandler - Tests run: 4, Failures: 0, Errors: 0, Skipped: 0, Time elapsed: 0.01 sec - in io.druid.query.aggregation.HistogramTest
05:22:20.932 [Thread-8] DEBUG f.i.s.r.p.m.o.MavenFilterTestOutputHandler - Running io.druid.query.aggregation.hyperloglog.HyperUniqueFinalizingPostAggregatorTest
05:22:20.938 [Thread-8] DEBUG f.i.s.r.p.m.o.MavenFilterTestOutputHandler - Tests run: 2, Failures: 0, Errors: 0, Skipped: 0, Time elapsed: 0.005 sec - in io.druid.query.aggregation.hyperloglog.HyperUniqueFinalizingPostAggregatorTest
05:22:20.938 [Thread-8] DEBUG f.i.s.r.p.m.o.MavenFilterTestOutputHandler - Running io.druid.query.aggregation.hyperloglog.HyperUniquesAggregationTest
05:22:22.140 [Thread-8] DEBUG f.i.s.r.p.m.o.MavenFilterTestOutputHandler - Tests run: 10, Failures: 0, Errors: 0, Skipped: 0, Time elapsed: 1.2 sec - in io.druid.query.aggregation.hyperloglog.HyperUniquesAggregationTest
05:22:22.141 [Thread-8] DEBUG f.i.s.r.p.m.o.MavenFilterTestOutputHandler - Running io.druid.query.aggregation.hyperloglog.HyperUniquesAggregatorFactoryTest
05:22:26.825 [Thread-8] DEBUG f.i.s.r.p.m.o.MavenFilterTestOutputHandler - Tests run: 5, Failures: 0, Errors: 0, Skipped: 0, Time elapsed: 4.685 sec - in io.druid.query.aggregation.hyperloglog.HyperUniquesAggregatorFactoryTest
05:22:26.825 [Thread-8] DEBUG f.i.s.r.p.m.o.MavenFilterTestOutputHandler - Running io.druid.query.aggregation.CountAggregatorTest
05:22:26.826 [Thread-8] DEBUG f.i.s.r.p.m.o.MavenFilterTestOutputHandler - Tests run: 2, Failures: 0, Errors: 0, Skipped: 0, Time elapsed: 0 sec - in io.druid.query.aggregation.CountAggregatorTest
05:22:26.826 [Thread-8] DEBUG f.i.s.r.p.m.o.MavenFilterTestOutputHandler - Running io.druid.query.aggregation.last.DoubleLastAggregationTest
05:22:26.832 [Thread-8] DEBUG f.i.s.r.p.m.o.MavenFilterTestOutputHandler - Tests run: 6, Failures: 0, Errors: 0, Skipped: 0, Time elapsed: 0.005 sec - in io.druid.query.aggregation.last.DoubleLastAggregationTest
05:22:26.832 [Thread-8] DEBUG f.i.s.r.p.m.o.MavenFilterTestOutputHandler - Running io.druid.query.aggregation.last.FloatLastAggregationTest
05:22:26.841 [Thread-8] DEBUG f.i.s.r.p.m.o.MavenFilterTestOutputHandler - Tests run: 6, Failures: 0, Errors: 0, Skipped: 0, Time elapsed: 0.008 sec - in io.druid.query.aggregation.last.FloatLastAggregationTest
05:22:26.842 [Thread-8] DEBUG f.i.s.r.p.m.o.MavenFilterTestOutputHandler - Running io.druid.query.aggregation.last.LongLastAggregationTest
05:22:26.851 [Thread-8] DEBUG f.i.s.r.p.m.o.MavenFilterTestOutputHandler - Tests run: 6, Failures: 0, Errors: 0, Skipped: 0, Time elapsed: 0.009 sec - in io.druid.query.aggregation.last.LongLastAggregationTest
05:22:26.851 [Thread-8] DEBUG f.i.s.r.p.m.o.MavenFilterTestOutputHandler - Running io.druid.query.aggregation.JavaScriptAggregatorTest
05:22:26.881 [Thread-8] DEBUG f.i.s.r.p.m.o.MavenFilterTestOutputHandler - Tests run: 6, Failures: 0, Errors: 0, Skipped: 0, Time elapsed: 0.029 sec - in io.druid.query.aggregation.JavaScriptAggregatorTest
05:22:26.882 [Thread-8] DEBUG f.i.s.r.p.m.o.MavenFilterTestOutputHandler - Running io.druid.query.aggregation.LongMinAggregationTest
05:22:26.887 [Thread-8] DEBUG f.i.s.r.p.m.o.MavenFilterTestOutputHandler - Tests run: 4, Failures: 0, Errors: 0, Skipped: 0, Time elapsed: 0.005 sec - in io.druid.query.aggregation.LongMinAggregationTest
05:22:26.887 [Thread-8] DEBUG f.i.s.r.p.m.o.MavenFilterTestOutputHandler - Running io.druid.query.aggregation.DoubleMaxAggregationTest
05:22:26.892 [Thread-8] DEBUG f.i.s.r.p.m.o.MavenFilterTestOutputHandler - Tests run: 4, Failures: 0, Errors: 0, Skipped: 0, Time elapsed: 0.004 sec - in io.druid.query.aggregation.DoubleMaxAggregationTest
05:22:26.892 [Thread-8] DEBUG f.i.s.r.p.m.o.MavenFilterTestOutputHandler - Running io.druid.query.aggregation.HistogramAggregatorTest
05:22:26.901 [Thread-8] DEBUG f.i.s.r.p.m.o.MavenFilterTestOutputHandler - Tests run: 3, Failures: 0, Errors: 0, Skipped: 0, Time elapsed: 0.008 sec - in io.druid.query.aggregation.HistogramAggregatorTest
05:22:26.901 [Thread-8] DEBUG f.i.s.r.p.m.o.MavenFilterTestOutputHandler - Running io.druid.query.aggregation.AggregatorFactoryTest
05:22:26.902 [Thread-8] DEBUG f.i.s.r.p.m.o.MavenFilterTestOutputHandler - Tests run: 1, Failures: 0, Errors: 0, Skipped: 0, Time elapsed: 0.001 sec - in io.druid.query.aggregation.AggregatorFactoryTest
05:22:26.903 [Thread-8] DEBUG f.i.s.r.p.m.o.MavenFilterTestOutputHandler - Running io.druid.query.aggregation.FilteredAggregatorTest
05:22:26.913 [Thread-8] DEBUG f.i.s.r.p.m.o.MavenFilterTestOutputHandler - Tests run: 6, Failures: 0, Errors: 0, Skipped: 0, Time elapsed: 0.01 sec - in io.druid.query.aggregation.FilteredAggregatorTest
05:22:26.913 [Thread-8] DEBUG f.i.s.r.p.m.o.MavenFilterTestOutputHandler - Running io.druid.query.aggregation.DoubleSumAggregatorTest
05:22:26.914 [Thread-8] DEBUG f.i.s.r.p.m.o.MavenFilterTestOutputHandler - Tests run: 2, Failures: 0, Errors: 0, Skipped: 0, Time elapsed: 0 sec - in io.druid.query.aggregation.DoubleSumAggregatorTest
05:22:26.914 [Thread-8] DEBUG f.i.s.r.p.m.o.MavenFilterTestOutputHandler - Running io.druid.query.aggregation.first.DoubleFirstAggregationTest
05:22:26.919 [Thread-8] DEBUG f.i.s.r.p.m.o.MavenFilterTestOutputHandler - Tests run: 6, Failures: 0, Errors: 0, Skipped: 0, Time elapsed: 0.005 sec - in io.druid.query.aggregation.first.DoubleFirstAggregationTest
05:22:26.919 [Thread-8] DEBUG f.i.s.r.p.m.o.MavenFilterTestOutputHandler - Running io.druid.query.aggregation.first.FloatFirstAggregationTest
05:22:26.928 [Thread-8] DEBUG f.i.s.r.p.m.o.MavenFilterTestOutputHandler - Tests run: 6, Failures: 0, Errors: 0, Skipped: 0, Time elapsed: 0.008 sec - in io.druid.query.aggregation.first.FloatFirstAggregationTest
05:22:26.928 [Thread-8] DEBUG f.i.s.r.p.m.o.MavenFilterTestOutputHandler - Running io.druid.query.aggregation.first.LongFirstAggregationTest
05:22:26.935 [Thread-8] DEBUG f.i.s.r.p.m.o.MavenFilterTestOutputHandler - Tests run: 6, Failures: 0, Errors: 0, Skipped: 0, Time elapsed: 0.006 sec - in io.druid.query.aggregation.first.LongFirstAggregationTest
05:22:26.935 [Thread-8] DEBUG f.i.s.r.p.m.o.MavenFilterTestOutputHandler - Running io.druid.query.aggregation.LongSumAggregatorTest
05:22:26.936 [Thread-8] DEBUG f.i.s.r.p.m.o.MavenFilterTestOutputHandler - Tests run: 2, Failures: 0, Errors: 0, Skipped: 0, Time elapsed: 0 sec - in io.druid.query.aggregation.LongSumAggregatorTest
05:22:26.936 [Thread-8] DEBUG f.i.s.r.p.m.o.MavenFilterTestOutputHandler - Running io.druid.query.aggregation.cardinality.CardinalityAggregatorTest
05:22:26.975 [Thread-8] DEBUG f.i.s.r.p.m.o.MavenFilterTestOutputHandler - Tests run: 9, Failures: 0, Errors: 0, Skipped: 0, Time elapsed: 0.038 sec - in io.druid.query.aggregation.cardinality.CardinalityAggregatorTest
05:22:26.975 [Thread-8] DEBUG f.i.s.r.p.m.o.MavenFilterTestOutputHandler - Running io.druid.query.aggregation.DoubleMinAggregationTest
05:22:26.979 [Thread-8] DEBUG f.i.s.r.p.m.o.MavenFilterTestOutputHandler - Tests run: 4, Failures: 0, Errors: 0, Skipped: 0, Time elapsed: 0.003 sec - in io.druid.query.aggregation.DoubleMinAggregationTest
05:22:26.979 [Thread-8] DEBUG f.i.s.r.p.m.o.MavenFilterTestOutputHandler - Running io.druid.query.AsyncQueryRunnerTest
05:22:26.984 [Thread-8] DEBUG f.i.s.r.p.m.o.MavenFilterTestOutputHandler - Tests run: 3, Failures: 0, Errors: 0, Skipped: 0, Time elapsed: 0.004 sec - in io.druid.query.AsyncQueryRunnerTest
05:22:26.984 [Thread-8] DEBUG f.i.s.r.p.m.o.MavenFilterTestOutputHandler - Running io.druid.query.SchemaEvolutionTest
05:22:27.182 [Thread-8] DEBUG f.i.s.r.p.m.o.MavenFilterTestOutputHandler - Tests run: 3, Failures: 0, Errors: 0, Skipped: 0, Time elapsed: 0.196 sec - in io.druid.query.SchemaEvolutionTest
05:22:27.182 [Thread-8] DEBUG f.i.s.r.p.m.o.MavenFilterTestOutputHandler - Running io.druid.query.datasourcemetadata.DataSourceMetadataQueryTest
05:22:27.209 [Thread-8] DEBUG f.i.s.r.p.m.o.MavenFilterTestOutputHandler - Tests run: 6, Failures: 0, Errors: 0, Skipped: 0, Time elapsed: 0.026 sec - in io.druid.query.datasourcemetadata.DataSourceMetadataQueryTest
05:22:27.209 [Thread-8] DEBUG f.i.s.r.p.m.o.MavenFilterTestOutputHandler - Running io.druid.query.select.SelectQueryRunnerTest
05:22:27.616 [Thread-8] DEBUG f.i.s.r.p.m.o.MavenFilterTestOutputHandler - Tests run: 120, Failures: 0, Errors: 0, Skipped: 0, Time elapsed: 0.4 sec - in io.druid.query.select.SelectQueryRunnerTest
05:22:27.617 [Thread-8] DEBUG f.i.s.r.p.m.o.MavenFilterTestOutputHandler - Running io.druid.query.select.SelectQuerySpecTest
05:22:27.707 [Thread-8] DEBUG f.i.s.r.p.m.o.MavenFilterTestOutputHandler - Tests run: 2, Failures: 0, Errors: 0, Skipped: 0, Time elapsed: 0.092 sec - in io.druid.query.select.SelectQuerySpecTest
05:22:27.707 [Thread-8] DEBUG f.i.s.r.p.m.o.MavenFilterTestOutputHandler - Running io.druid.query.select.PagingOffsetTest
05:22:27.707 [Thread-8] DEBUG f.i.s.r.p.m.o.MavenFilterTestOutputHandler - Tests run: 3, Failures: 0, Errors: 0, Skipped: 0, Time elapsed: 0 sec - in io.druid.query.select.PagingOffsetTest
05:22:27.707 [Thread-8] DEBUG f.i.s.r.p.m.o.MavenFilterTestOutputHandler - Running io.druid.query.select.SelectBinaryFnTest
05:22:27.727 [Thread-8] DEBUG f.i.s.r.p.m.o.MavenFilterTestOutputHandler - Tests run: 2, Failures: 0, Errors: 0, Skipped: 0, Time elapsed: 0.016 sec - in io.druid.query.select.SelectBinaryFnTest
05:22:27.727 [Thread-8] DEBUG f.i.s.r.p.m.o.MavenFilterTestOutputHandler - Running io.druid.query.select.SelectQueryConfigTest
05:22:27.727 [Thread-8] DEBUG f.i.s.r.p.m.o.MavenFilterTestOutputHandler - Tests run: 1, Failures: 0, Errors: 0, Skipped: 0, Time elapsed: 0.003 sec - in io.druid.query.select.SelectQueryConfigTest
05:22:27.727 [Thread-8] DEBUG f.i.s.r.p.m.o.MavenFilterTestOutputHandler - Running io.druid.query.select.MultiSegmentSelectQueryTest
05:22:27.802 [Thread-8] DEBUG f.i.s.r.p.m.o.MavenFilterTestOutputHandler - Tests run: 6, Failures: 0, Errors: 0, Skipped: 0, Time elapsed: 0.073 sec - in io.druid.query.select.MultiSegmentSelectQueryTest
05:22:27.802 [Thread-8] DEBUG f.i.s.r.p.m.o.MavenFilterTestOutputHandler - Running io.druid.query.select.SelectQueryQueryToolChestTest
05:22:27.803 [Thread-8] DEBUG f.i.s.r.p.m.o.MavenFilterTestOutputHandler - Tests run: 1, Failures: 0, Errors: 0, Skipped: 0, Time elapsed: 0.003 sec - in io.druid.query.select.SelectQueryQueryToolChestTest
05:22:27.804 [Thread-8] DEBUG f.i.s.r.p.m.o.MavenFilterTestOutputHandler - Running io.druid.query.lookup.LookupExtractorFactoryContainerTest
05:22:27.811 [Thread-8] DEBUG f.i.s.r.p.m.o.MavenFilterTestOutputHandler - Tests run: 2, Failures: 0, Errors: 0, Skipped: 0, Time elapsed: 0.006 sec - in io.druid.query.lookup.LookupExtractorFactoryContainerTest
05:22:27.811 [Thread-8] DEBUG f.i.s.r.p.m.o.MavenFilterTestOutputHandler - Running io.druid.query.lookup.LookupsStateTest
05:22:27.817 [Thread-8] DEBUG f.i.s.r.p.m.o.MavenFilterTestOutputHandler - Tests run: 1, Failures: 0, Errors: 0, Skipped: 0, Time elapsed: 0.006 sec - in io.druid.query.lookup.LookupsStateTest
05:22:27.817 [Thread-8] DEBUG f.i.s.r.p.m.o.MavenFilterTestOutputHandler - Running io.druid.query.lookup.LookupConfigTest
05:22:27.820 [Thread-8] DEBUG f.i.s.r.p.m.o.MavenFilterTestOutputHandler - Tests run: 1, Failures: 0, Errors: 0, Skipped: 0, Time elapsed: 0.003 sec - in io.druid.query.lookup.LookupConfigTest
05:22:27.820 [Thread-8] DEBUG f.i.s.r.p.m.o.MavenFilterTestOutputHandler - Running io.druid.query.lookup.RegisteredLookupExtractionFnTest
05:22:27.827 [Thread-8] DEBUG f.i.s.r.p.m.o.MavenFilterTestOutputHandler - Tests run: 5, Failures: 0, Errors: 0, Skipped: 0, Time elapsed: 0.007 sec - in io.druid.query.lookup.RegisteredLookupExtractionFnTest
05:22:27.828 [Thread-8] DEBUG f.i.s.r.p.m.o.MavenFilterTestOutputHandler - Running io.druid.query.lookup.LookupExtractorTest
05:22:27.834 [Thread-8] DEBUG f.i.s.r.p.m.o.MavenFilterTestOutputHandler - Tests run: 8, Failures: 0, Errors: 0, Skipped: 0, Time elapsed: 0.005 sec - in io.druid.query.lookup.LookupExtractorTest
05:22:27.834 [Thread-8] DEBUG f.i.s.r.p.m.o.MavenFilterTestOutputHandler - Running io.druid.query.lookup.LookupExtractionFnExpectationsTest
05:22:27.836 [Thread-8] DEBUG f.i.s.r.p.m.o.MavenFilterTestOutputHandler - Tests run: 4, Failures: 0, Errors: 0, Skipped: 0, Time elapsed: 0.001 sec - in io.druid.query.lookup.LookupExtractionFnExpectationsTest
05:22:27.836 [Thread-8] DEBUG f.i.s.r.p.m.o.MavenFilterTestOutputHandler - Running io.druid.query.lookup.LookupExtractionFnTest
05:22:27.850 [Thread-8] DEBUG f.i.s.r.p.m.o.MavenFilterTestOutputHandler - Tests run: 32, Failures: 0, Errors: 0, Skipped: 0, Time elapsed: 0.013 sec - in io.druid.query.lookup.LookupExtractionFnTest
05:22:27.851 [Thread-8] DEBUG f.i.s.r.p.m.o.MavenFilterTestOutputHandler - Running io.druid.query.monomorphicprocessing.StringRuntimeShapeTest
05:22:27.854 [Thread-8] DEBUG f.i.s.r.p.m.o.MavenFilterTestOutputHandler - Tests run: 1, Failures: 0, Errors: 0, Skipped: 0, Time elapsed: 0.002 sec - in io.druid.query.monomorphicprocessing.StringRuntimeShapeTest
05:22:27.854 [Thread-8] DEBUG f.i.s.r.p.m.o.MavenFilterTestOutputHandler - Running io.druid.query.QueryContextsTest
05:22:27.856 [Thread-8] DEBUG f.i.s.r.p.m.o.MavenFilterTestOutputHandler - Tests run: 3, Failures: 0, Errors: 0, Skipped: 0, Time elapsed: 0.001 sec - in io.druid.query.QueryContextsTest
05:22:27.856 [Thread-8] DEBUG f.i.s.r.p.m.o.MavenFilterTestOutputHandler - Running io.druid.query.ResultGranularTimestampComparatorTest
05:22:27.858 [Thread-8] DEBUG f.i.s.r.p.m.o.MavenFilterTestOutputHandler - Tests run: 6, Failures: 0, Errors: 0, Skipped: 0, Time elapsed: 0.002 sec - in io.druid.query.ResultGranularTimestampComparatorTest
05:22:27.858 [Thread-8] DEBUG f.i.s.r.p.m.o.MavenFilterTestOutputHandler - Running io.druid.query.timeseries.TimeseriesQueryQueryToolChestTest
05:22:27.868 [Thread-8] DEBUG f.i.s.r.p.m.o.MavenFilterTestOutputHandler - Tests run: 4, Failures: 0, Errors: 0, Skipped: 0, Time elapsed: 0.009 sec - in io.druid.query.timeseries.TimeseriesQueryQueryToolChestTest
05:22:27.868 [Thread-8] DEBUG f.i.s.r.p.m.o.MavenFilterTestOutputHandler - Running io.druid.query.timeseries.TimeseriesQueryRunnerBonusTest
05:22:27.871 [Thread-8] DEBUG f.i.s.r.p.m.o.MavenFilterTestOutputHandler - Tests run: 2, Failures: 0, Errors: 0, Skipped: 0, Time elapsed: 0.003 sec - in io.druid.query.timeseries.TimeseriesQueryRunnerBonusTest
05:22:27.872 [Thread-8] DEBUG f.i.s.r.p.m.o.MavenFilterTestOutputHandler - Running io.druid.query.timeseries.TimeseriesQueryRunnerTest
05:22:28.837 [Thread-8] DEBUG f.i.s.r.p.m.o.MavenFilterTestOutputHandler - Tests run: 920, Failures: 0, Errors: 0, Skipped: 0, Time elapsed: 0.953 sec - in io.druid.query.timeseries.TimeseriesQueryRunnerTest
05:22:28.838 [Thread-8] DEBUG f.i.s.r.p.m.o.MavenFilterTestOutputHandler - Running io.druid.query.timeseries.TimeseriesQueryTest
05:22:28.851 [Thread-8] DEBUG f.i.s.r.p.m.o.MavenFilterTestOutputHandler - Tests run: 2, Failures: 0, Errors: 0, Skipped: 0, Time elapsed: 0.012 sec - in io.druid.query.timeseries.TimeseriesQueryTest
05:22:28.851 [Thread-8] DEBUG f.i.s.r.p.m.o.MavenFilterTestOutputHandler - Running io.druid.query.timeseries.TimeSeriesUnionQueryRunnerTest
05:22:28.869 [Thread-8] DEBUG f.i.s.r.p.m.o.MavenFilterTestOutputHandler - Tests run: 12, Failures: 0, Errors: 0, Skipped: 0, Time elapsed: 0.017 sec - in io.druid.query.timeseries.TimeSeriesUnionQueryRunnerTest
05:22:28.869 [Thread-8] DEBUG f.i.s.r.p.m.o.MavenFilterTestOutputHandler - Running io.druid.query.timeseries.TimeseriesBinaryFnTest
05:22:28.873 [Thread-8] DEBUG f.i.s.r.p.m.o.MavenFilterTestOutputHandler - Tests run: 4, Failures: 0, Errors: 0, Skipped: 0, Time elapsed: 0 sec - in io.druid.query.timeseries.TimeseriesBinaryFnTest
05:22:28.873 [Thread-8] DEBUG f.i.s.r.p.m.o.MavenFilterTestOutputHandler - Running io.druid.query.timeseries.DefaultTimeseriesQueryMetricsTest
05:22:28.874 [Thread-8] DEBUG f.i.s.r.p.m.o.MavenFilterTestOutputHandler - Tests run: 2, Failures: 0, Errors: 0, Skipped: 0, Time elapsed: 0 sec - in io.druid.query.timeseries.DefaultTimeseriesQueryMetricsTest
05:22:28.874 [Thread-8] DEBUG f.i.s.r.p.m.o.MavenFilterTestOutputHandler - Running io.druid.query.MultiValuedDimensionTest
05:22:29.355 [Thread-8] DEBUG f.i.s.r.p.m.o.MavenFilterTestOutputHandler - Tests run: 20, Failures: 0, Errors: 0, Skipped: 0, Time elapsed: 0.479 sec - in io.druid.query.MultiValuedDimensionTest
05:22:29.355 [Thread-8] DEBUG f.i.s.r.p.m.o.MavenFilterTestOutputHandler - Running io.druid.query.groupby.GroupByQueryRunnerFactoryTest
05:22:29.381 [Thread-8] DEBUG f.i.s.r.p.m.o.MavenFilterTestOutputHandler - Tests run: 1, Failures: 0, Errors: 0, Skipped: 0, Time elapsed: 0.025 sec - in io.druid.query.groupby.GroupByQueryRunnerFactoryTest
05:22:29.381 [Thread-8] DEBUG f.i.s.r.p.m.o.MavenFilterTestOutputHandler - Running io.druid.query.groupby.GroupByQueryRunnerTest
05:22:51.324 [Thread-8] DEBUG f.i.s.r.p.m.o.MavenFilterTestOutputHandler - Tests run: 3300, Failures: 0, Errors: 0, Skipped: 50, Time elapsed: 21.882 sec - in io.druid.query.groupby.GroupByQueryRunnerTest
05:22:51.330 [Thread-8] DEBUG f.i.s.r.p.m.o.MavenFilterTestOutputHandler - Running io.druid.query.groupby.GroupByQueryConfigTest
05:22:51.331 [Thread-8] DEBUG f.i.s.r.p.m.o.MavenFilterTestOutputHandler - Tests run: 3, Failures: 0, Errors: 0, Skipped: 0, Time elapsed: 0 sec - in io.druid.query.groupby.GroupByQueryConfigTest
05:22:51.331 [Thread-8] DEBUG f.i.s.r.p.m.o.MavenFilterTestOutputHandler - Running io.druid.query.groupby.GroupByMultiSegmentTest
05:22:51.332 [Thread-8] DEBUG f.i.s.r.p.m.o.MavenFilterTestOutputHandler - Tests run: 1, Failures: 0, Errors: 0, Skipped: 0, Time elapsed: 0.001 sec - in io.druid.query.groupby.GroupByMultiSegmentTest
05:22:51.333 [Thread-8] DEBUG f.i.s.r.p.m.o.MavenFilterTestOutputHandler - Running io.druid.query.groupby.GroupByLimitPushDownInsufficientBufferTest
05:22:51.439 [Thread-8] DEBUG f.i.s.r.p.m.o.MavenFilterTestOutputHandler - Tests run: 2, Failures: 0, Errors: 0, Skipped: 0, Time elapsed: 0.105 sec - in io.druid.query.groupby.GroupByLimitPushDownInsufficientBufferTest
05:22:51.440 [Thread-8] DEBUG f.i.s.r.p.m.o.MavenFilterTestOutputHandler - Running io.druid.query.groupby.having.DimFilterHavingSpecTest
05:22:51.446 [Thread-8] DEBUG f.i.s.r.p.m.o.MavenFilterTestOutputHandler - Tests run: 4, Failures: 0, Errors: 0, Skipped: 1, Time elapsed: 0.007 sec - in io.druid.query.groupby.having.DimFilterHavingSpecTest
05:22:51.447 [Thread-8] DEBUG f.i.s.r.p.m.o.MavenFilterTestOutputHandler - Running io.druid.query.groupby.having.HavingSpecTest
05:22:51.460 [Thread-8] DEBUG f.i.s.r.p.m.o.MavenFilterTestOutputHandler - Tests run: 10, Failures: 0, Errors: 0, Skipped: 0, Time elapsed: 0.012 sec - in io.druid.query.groupby.having.HavingSpecTest
05:22:51.460 [Thread-8] DEBUG f.i.s.r.p.m.o.MavenFilterTestOutputHandler - Running io.druid.query.groupby.having.DimensionSelectorHavingSpecTest
05:22:51.463 [Thread-8] DEBUG f.i.s.r.p.m.o.MavenFilterTestOutputHandler - Tests run: 5, Failures: 0, Errors: 0, Skipped: 0, Time elapsed: 0.002 sec - in io.druid.query.groupby.having.DimensionSelectorHavingSpecTest
05:22:51.463 [Thread-8] DEBUG f.i.s.r.p.m.o.MavenFilterTestOutputHandler - Running io.druid.query.groupby.having.HavingSpecMetricComparatorTest
05:22:51.464 [Thread-8] DEBUG f.i.s.r.p.m.o.MavenFilterTestOutputHandler - Tests run: 1, Failures: 0, Errors: 0, Skipped: 0, Time elapsed: 0 sec - in io.druid.query.groupby.having.HavingSpecMetricComparatorTest
05:22:51.464 [Thread-8] DEBUG f.i.s.r.p.m.o.MavenFilterTestOutputHandler - Running io.druid.query.groupby.GroupByQueryTest
05:22:51.483 [Thread-8] DEBUG f.i.s.r.p.m.o.MavenFilterTestOutputHandler - Tests run: 2, Failures: 0, Errors: 0, Skipped: 0, Time elapsed: 0.018 sec - in io.druid.query.groupby.GroupByQueryTest
05:22:51.484 [Thread-8] DEBUG f.i.s.r.p.m.o.MavenFilterTestOutputHandler - Running io.druid.query.groupby.GroupByQueryMergeBufferTest
05:22:51.521 [Thread-8] DEBUG f.i.s.r.p.m.o.MavenFilterTestOutputHandler - Tests run: 20, Failures: 0, Errors: 0, Skipped: 0, Time elapsed: 0.037 sec - in io.druid.query.groupby.GroupByQueryMergeBufferTest
05:22:51.521 [Thread-8] DEBUG f.i.s.r.p.m.o.MavenFilterTestOutputHandler - Running io.druid.query.groupby.GroupByLimitPushDownMultiNodeMergeTest
05:22:51.578 [Thread-8] DEBUG f.i.s.r.p.m.o.MavenFilterTestOutputHandler - Tests run: 1, Failures: 0, Errors: 0, Skipped: 0, Time elapsed: 0.056 sec - in io.druid.query.groupby.GroupByLimitPushDownMultiNodeMergeTest
05:22:51.578 [Thread-8] DEBUG f.i.s.r.p.m.o.MavenFilterTestOutputHandler - Running io.druid.query.groupby.DefaultGroupByQueryMetricsTest
05:22:51.581 [Thread-8] DEBUG f.i.s.r.p.m.o.MavenFilterTestOutputHandler - Tests run: 2, Failures: 0, Errors: 0, Skipped: 0, Time elapsed: 0.002 sec - in io.druid.query.groupby.DefaultGroupByQueryMetricsTest
05:22:51.581 [Thread-8] DEBUG f.i.s.r.p.m.o.MavenFilterTestOutputHandler - Running io.druid.query.groupby.GroupByQueryRunnerFailureTest
05:22:56.620 [Thread-8] DEBUG f.i.s.r.p.m.o.MavenFilterTestOutputHandler - Tests run: 15, Failures: 0, Errors: 0, Skipped: 0, Time elapsed: 5.038 sec - in io.druid.query.groupby.GroupByQueryRunnerFailureTest
05:22:56.620 [Thread-8] DEBUG f.i.s.r.p.m.o.MavenFilterTestOutputHandler - Running io.druid.query.groupby.GroupByTimeseriesQueryRunnerTest
05:22:56.884 [Thread-8] DEBUG f.i.s.r.p.m.o.MavenFilterTestOutputHandler - Tests run: 230, Failures: 0, Errors: 0, Skipped: 0, Time elapsed: 0.26 sec - in io.druid.query.groupby.GroupByTimeseriesQueryRunnerTest
05:22:56.884 [Thread-8] DEBUG f.i.s.r.p.m.o.MavenFilterTestOutputHandler - Running io.druid.query.groupby.orderby.TopNSequenceTest
05:22:56.891 [Thread-8] DEBUG f.i.s.r.p.m.o.MavenFilterTestOutputHandler - Tests run: 20, Failures: 0, Errors: 0, Skipped: 0, Time elapsed: 0.007 sec - in io.druid.query.groupby.orderby.TopNSequenceTest
05:22:56.891 [Thread-8] DEBUG f.i.s.r.p.m.o.MavenFilterTestOutputHandler - Running io.druid.query.groupby.orderby.DefaultLimitSpecTest
05:22:56.898 [Thread-8] DEBUG f.i.s.r.p.m.o.MavenFilterTestOutputHandler - Tests run: 4, Failures: 0, Errors: 0, Skipped: 0, Time elapsed: 0.006 sec - in io.druid.query.groupby.orderby.DefaultLimitSpecTest
05:22:56.898 [Thread-8] DEBUG f.i.s.r.p.m.o.MavenFilterTestOutputHandler - Running io.druid.query.groupby.epinephelinae.ByteBufferMinMaxOffsetHeapTest
05:23:06.008 [Thread-8] DEBUG f.i.s.r.p.m.o.MavenFilterTestOutputHandler - Tests run: 5, Failures: 0, Errors: 0, Skipped: 0, Time elapsed: 9.109 sec - in io.druid.query.groupby.epinephelinae.ByteBufferMinMaxOffsetHeapTest
05:23:06.009 [Thread-8] DEBUG f.i.s.r.p.m.o.MavenFilterTestOutputHandler - Running io.druid.query.groupby.epinephelinae.LimitedBufferHashGrouperTest
05:23:06.139 [Thread-8] DEBUG f.i.s.r.p.m.o.MavenFilterTestOutputHandler - Tests run: 3, Failures: 0, Errors: 0, Skipped: 0, Time elapsed: 0.13 sec - in io.druid.query.groupby.epinephelinae.LimitedBufferHashGrouperTest
05:23:06.140 [Thread-8] DEBUG f.i.s.r.p.m.o.MavenFilterTestOutputHandler - Running io.druid.query.groupby.epinephelinae.BufferArrayGrouperTest
05:23:06.142 [Thread-8] DEBUG f.i.s.r.p.m.o.MavenFilterTestOutputHandler - Tests run: 1, Failures: 0, Errors: 0, Skipped: 0, Time elapsed: 0.002 sec - in io.druid.query.groupby.epinephelinae.BufferArrayGrouperTest
05:23:06.142 [Thread-8] DEBUG f.i.s.r.p.m.o.MavenFilterTestOutputHandler - Running io.druid.query.groupby.epinephelinae.BufferHashGrouperTest
05:24:24.046 [Thread-8] DEBUG f.i.s.r.p.m.o.MavenFilterTestOutputHandler -
05:24:24.046 [Thread-8] DEBUG f.i.s.r.p.m.o.MavenFilterTestOutputHandler - Results :
05:24:24.046 [Thread-8] DEBUG f.i.s.r.p.m.o.MavenFilterTestOutputHandler -
05:24:24.046 [Thread-8] DEBUG f.i.s.r.p.m.o.MavenFilterTestOutputHandler - Tests run: 76235, Failures: 0, Errors: 0, Skipped: 52
05:24:24.046 [Thread-8] DEBUG f.i.s.r.p.m.o.MavenFilterTestOutputHandler -
05:24:24.633 [Thread-8] DEBUG f.i.s.r.p.m.o.MavenFilterTestOutputHandler - [INFO] ------------------------------------------------------------------------
05:24:24.633 [Thread-8] DEBUG f.i.s.r.p.m.o.MavenFilterTestOutputHandler - [INFO] Reactor Summary:
05:24:24.633 [Thread-8] DEBUG f.i.s.r.p.m.o.MavenFilterTestOutputHandler - [INFO]
05:24:24.633 [Thread-8] DEBUG f.i.s.r.p.m.o.MavenFilterTestOutputHandler - [INFO] io.druid:druid ..................................... SUCCESS [  3.546 s]
05:24:24.633 [Thread-8] DEBUG f.i.s.r.p.m.o.MavenFilterTestOutputHandler - [INFO] java-util .......................................... SUCCESS [ 14.199 s]
05:24:24.634 [Thread-8] DEBUG f.i.s.r.p.m.o.MavenFilterTestOutputHandler - [INFO] druid-api .......................................... SUCCESS [  7.403 s]
05:24:24.634 [Thread-8] DEBUG f.i.s.r.p.m.o.MavenFilterTestOutputHandler - [INFO] druid-common ....................................... SUCCESS [ 19.809 s]
05:24:24.634 [Thread-8] DEBUG f.i.s.r.p.m.o.MavenFilterTestOutputHandler - [INFO] druid-hll .......................................... SUCCESS [  4.081 s]
05:24:24.634 [Thread-8] DEBUG f.i.s.r.p.m.o.MavenFilterTestOutputHandler - [INFO] extendedset ........................................ SUCCESS [ 16.869 s]
05:24:24.634 [Thread-8] DEBUG f.i.s.r.p.m.o.MavenFilterTestOutputHandler - [INFO] bytebuffer-collections ............................. SUCCESS [  4.478 s]
05:24:24.634 [Thread-8] DEBUG f.i.s.r.p.m.o.MavenFilterTestOutputHandler - [INFO] druid-processing ................................... FAILURE [08:43 min]
05:24:24.634 [Thread-8] DEBUG f.i.s.r.p.m.o.MavenFilterTestOutputHandler - [INFO] druid-aws-common ................................... SKIPPED
05:24:24.634 [Thread-8] DEBUG f.i.s.r.p.m.o.MavenFilterTestOutputHandler - [INFO] druid-server ....................................... SKIPPED
05:24:24.634 [Thread-8] DEBUG f.i.s.r.p.m.o.MavenFilterTestOutputHandler - [INFO] druid-examples ..................................... SKIPPED
05:24:24.634 [Thread-8] DEBUG f.i.s.r.p.m.o.MavenFilterTestOutputHandler - [INFO] druid-indexing-hadoop .............................. SKIPPED
05:24:24.634 [Thread-8] DEBUG f.i.s.r.p.m.o.MavenFilterTestOutputHandler - [INFO] druid-indexing-service ............................. SKIPPED
05:24:24.634 [Thread-8] DEBUG f.i.s.r.p.m.o.MavenFilterTestOutputHandler - [INFO] druid-sql .......................................... SKIPPED
05:24:24.634 [Thread-8] DEBUG f.i.s.r.p.m.o.MavenFilterTestOutputHandler - [INFO] druid-services ..................................... SKIPPED
05:24:24.634 [Thread-8] DEBUG f.i.s.r.p.m.o.MavenFilterTestOutputHandler - [INFO] druid-s3-extensions ................................ SKIPPED
05:24:24.634 [Thread-8] DEBUG f.i.s.r.p.m.o.MavenFilterTestOutputHandler - [INFO] druid-datasketches ................................. SKIPPED
05:24:24.634 [Thread-8] DEBUG f.i.s.r.p.m.o.MavenFilterTestOutputHandler - [INFO] druid-kafka-eight .................................. SKIPPED
05:24:24.634 [Thread-8] DEBUG f.i.s.r.p.m.o.MavenFilterTestOutputHandler - [INFO] druid-histogram .................................... SKIPPED
05:24:24.634 [Thread-8] DEBUG f.i.s.r.p.m.o.MavenFilterTestOutputHandler - [INFO] mysql-metadata-storage ............................. SKIPPED
05:24:24.634 [Thread-8] DEBUG f.i.s.r.p.m.o.MavenFilterTestOutputHandler - [INFO] druid-kafka-indexing-service ....................... SKIPPED
05:24:24.634 [Thread-8] DEBUG f.i.s.r.p.m.o.MavenFilterTestOutputHandler - [INFO] druid-integration-tests ............................ SKIPPED
05:24:24.634 [Thread-8] DEBUG f.i.s.r.p.m.o.MavenFilterTestOutputHandler - [INFO] druid-benchmarks ................................... SKIPPED
05:24:24.634 [Thread-8] DEBUG f.i.s.r.p.m.o.MavenFilterTestOutputHandler - [INFO] druid-avro-extensions .............................. SKIPPED
05:24:24.634 [Thread-8] DEBUG f.i.s.r.p.m.o.MavenFilterTestOutputHandler - [INFO] druid-kerberos ..................................... SKIPPED
05:24:24.634 [Thread-8] DEBUG f.i.s.r.p.m.o.MavenFilterTestOutputHandler - [INFO] druid-hdfs-storage ................................. SKIPPED
05:24:24.634 [Thread-8] DEBUG f.i.s.r.p.m.o.MavenFilterTestOutputHandler - [INFO] druid-stats ........................................ SKIPPED
05:24:24.634 [Thread-8] DEBUG f.i.s.r.p.m.o.MavenFilterTestOutputHandler - [INFO] druid-lookups-cached-global ........................ SKIPPED
05:24:24.634 [Thread-8] DEBUG f.i.s.r.p.m.o.MavenFilterTestOutputHandler - [INFO] druid-kafka-extraction-namespace ................... SKIPPED
05:24:24.634 [Thread-8] DEBUG f.i.s.r.p.m.o.MavenFilterTestOutputHandler - [INFO] postgresql-metadata-storage ........................ SKIPPED
05:24:24.634 [Thread-8] DEBUG f.i.s.r.p.m.o.MavenFilterTestOutputHandler - [INFO] druid-protobuf-extensions .......................... SKIPPED
05:24:24.634 [Thread-8] DEBUG f.i.s.r.p.m.o.MavenFilterTestOutputHandler - [INFO] druid-lookups-cached-single ........................ SKIPPED
05:24:24.634 [Thread-8] DEBUG f.i.s.r.p.m.o.MavenFilterTestOutputHandler - [INFO] simple-client-sslcontext ........................... SKIPPED
05:24:24.634 [Thread-8] DEBUG f.i.s.r.p.m.o.MavenFilterTestOutputHandler - [INFO] druid-azure-extensions ............................. SKIPPED
05:24:24.634 [Thread-8] DEBUG f.i.s.r.p.m.o.MavenFilterTestOutputHandler - [INFO] druid-cassandra-storage ............................ SKIPPED
05:24:24.634 [Thread-8] DEBUG f.i.s.r.p.m.o.MavenFilterTestOutputHandler - [INFO] druid-rocketmq ..................................... SKIPPED
05:24:24.634 [Thread-8] DEBUG f.i.s.r.p.m.o.MavenFilterTestOutputHandler - [INFO] druid-cloudfiles-extensions ........................ SKIPPED
05:24:24.634 [Thread-8] DEBUG f.i.s.r.p.m.o.MavenFilterTestOutputHandler - [INFO] graphite-emitter ................................... SKIPPED
05:24:24.634 [Thread-8] DEBUG f.i.s.r.p.m.o.MavenFilterTestOutputHandler - [INFO] druid-kafka-eight-simple-consumer .................. SKIPPED
05:24:24.634 [Thread-8] DEBUG f.i.s.r.p.m.o.MavenFilterTestOutputHandler - [INFO] druid-rabbitmq ..................................... SKIPPED
05:24:24.634 [Thread-8] DEBUG f.i.s.r.p.m.o.MavenFilterTestOutputHandler - [INFO] druid-distinctcount ................................ SKIPPED
05:24:24.634 [Thread-8] DEBUG f.i.s.r.p.m.o.MavenFilterTestOutputHandler - [INFO] druid-parquet-extensions ........................... SKIPPED
05:24:24.635 [Thread-8] DEBUG f.i.s.r.p.m.o.MavenFilterTestOutputHandler - [INFO] statsd-emitter ..................................... SKIPPED
05:24:24.635 [Thread-8] DEBUG f.i.s.r.p.m.o.MavenFilterTestOutputHandler - [INFO] druid-orc-extensions ............................... SKIPPED
05:24:24.635 [Thread-8] DEBUG f.i.s.r.p.m.o.MavenFilterTestOutputHandler - [INFO] druid-time-min-max ................................. SKIPPED
05:24:24.635 [Thread-8] DEBUG f.i.s.r.p.m.o.MavenFilterTestOutputHandler - [INFO] druid-google-extensions ............................ SKIPPED
05:24:24.635 [Thread-8] DEBUG f.i.s.r.p.m.o.MavenFilterTestOutputHandler - [INFO] druid-virtual-columns .............................. SKIPPED
05:24:24.635 [Thread-8] DEBUG f.i.s.r.p.m.o.MavenFilterTestOutputHandler - [INFO] druid-thrift-extensions ............................ SKIPPED
05:24:24.635 [Thread-8] DEBUG f.i.s.r.p.m.o.MavenFilterTestOutputHandler - [INFO] ambari-metrics-emitter ............................. SKIPPED
05:24:24.635 [Thread-8] DEBUG f.i.s.r.p.m.o.MavenFilterTestOutputHandler - [INFO] sqlserver-metadata-storage ......................... SKIPPED
05:24:24.635 [Thread-8] DEBUG f.i.s.r.p.m.o.MavenFilterTestOutputHandler - [INFO] kafka-emitter ...................................... SKIPPED
05:24:24.635 [Thread-8] DEBUG f.i.s.r.p.m.o.MavenFilterTestOutputHandler - [INFO] druid-redis-cache .................................. SKIPPED
05:24:24.635 [Thread-8] DEBUG f.i.s.r.p.m.o.MavenFilterTestOutputHandler - [INFO] distribution ....................................... SKIPPED
05:24:24.635 [Thread-8] DEBUG f.i.s.r.p.m.o.MavenFilterTestOutputHandler - [INFO] ------------------------------------------------------------------------
05:24:24.635 [Thread-8] DEBUG f.i.s.r.p.m.o.MavenFilterTestOutputHandler - [INFO] BUILD FAILURE
05:24:24.635 [Thread-8] DEBUG f.i.s.r.p.m.o.MavenFilterTestOutputHandler - [INFO] ------------------------------------------------------------------------
05:24:24.635 [Thread-8] DEBUG f.i.s.r.p.m.o.MavenFilterTestOutputHandler - [INFO] Total time: 09:55 min
05:24:24.635 [Thread-8] DEBUG f.i.s.r.p.m.o.MavenFilterTestOutputHandler - [INFO] Finished at: 2017-10-04T05:24:24+02:00
05:24:25.039 [Thread-8] DEBUG f.i.s.r.p.m.o.MavenFilterTestOutputHandler - [INFO] Final Memory: 61M/1473M
05:24:25.040 [Thread-8] DEBUG f.i.s.r.p.m.o.MavenFilterTestOutputHandler - [INFO] ------------------------------------------------------------------------
05:24:25.174 [Thread-8] DEBUG f.i.s.r.p.m.o.MavenFilterTestOutputHandler - [ERROR] Failed to execute goal org.apache.maven.plugins:maven-surefire-plugin:2.19.1:test (default-test) on project druid-processing: Execution default-test of goal org.apache.maven.plugins:maven-surefire-plugin:2.19.1:test failed: The forked VM terminated without properly saying goodbye. VM crash or System.exit called?
05:24:25.175 [Thread-8] DEBUG f.i.s.r.p.m.o.MavenFilterTestOutputHandler - [ERROR] Command was /bin/sh -c cd /root/workspace/druid-io/druid/283008261/processing && /usr/lib/jvm/java-8-openjdk-amd64/jre/bin/java -Xmx3000m -Duser.language=en -Duser.country=US -Dfile.encoding=UTF-8 -Duser.timezone=UTC -Djava.util.logging.manager=org.apache.logging.log4j.jul.LogManager -jar /root/workspace/druid-io/druid/283008261/processing/target/surefire/surefirebooter5766740301002453744.jar /root/workspace/druid-io/druid/283008261/processing/target/surefire/surefire4279329526093400722tmp /root/workspace/druid-io/druid/283008261/processing/target/surefire/surefire_63017316230038092487tmp
05:24:25.175 [Thread-8] DEBUG f.i.s.r.p.m.o.MavenFilterTestOutputHandler - [ERROR] -> [Help 1]
05:24:25.175 [Thread-8] DEBUG f.i.s.r.p.m.o.MavenFilterTestOutputHandler - [ERROR]
05:24:25.175 [Thread-8] DEBUG f.i.s.r.p.m.o.MavenFilterTestOutputHandler - [ERROR] To see the full stack trace of the errors, re-run Maven with the -e switch.
05:24:25.175 [Thread-8] DEBUG f.i.s.r.p.m.o.MavenFilterTestOutputHandler - [ERROR] Re-run Maven using the -X switch to enable full debug logging.
05:24:25.175 [Thread-8] DEBUG f.i.s.r.p.m.o.MavenFilterTestOutputHandler - [ERROR]
05:24:25.176 [Thread-8] DEBUG f.i.s.r.p.m.o.MavenFilterTestOutputHandler - [ERROR] For more information about the errors and possible solutions, please read the following articles:
05:24:25.176 [Thread-8] DEBUG f.i.s.r.p.m.o.MavenFilterTestOutputHandler - [ERROR] [Help 1] http://cwiki.apache.org/confluence/display/MAVEN/PluginExecutionException
05:24:25.176 [Thread-8] DEBUG f.i.s.r.p.m.o.MavenFilterTestOutputHandler - [ERROR]
05:24:25.176 [Thread-8] DEBUG f.i.s.r.p.m.o.MavenFilterTestOutputHandler - [ERROR] After correcting the problems, you can resume the build with the command
05:24:25.176 [Thread-8] DEBUG f.i.s.r.p.m.o.MavenFilterTestOutputHandler - [ERROR]   mvn <goals> -rf :druid-processing
05:24:25.890 [main] ERROR f.i.s.r.process.step.TestProject - Error while testing the project.
05:24:26.621 [main] INFO  f.i.s.r.process.step.TestProject - Serialize all data for build: 283008261
05:25:20.865 [main] INFO  f.i.s.repairnator.pipeline.Launcher - Inspector is finished. The process will now exit.