-------------------------------------------------------------------------------
Test set: org.tinylog.runtime.JavaRuntimeTest
-------------------------------------------------------------------------------
Tests run: 10, Failures: 1, Errors: 0, Skipped: 0, Time elapsed: 1.239 sec <<< FAILURE! - in org.tinylog.runtime.JavaRuntimeTest
defaultWriter(org.tinylog.runtime.JavaRuntimeTest)  Time elapsed: 0.135 sec  <<< FAILURE!
org.junit.ComparisonFailure: expected:<"[console]"> but was:<"[logcat]">
	at org.tinylog.runtime.JavaRuntimeTest.defaultWriter(JavaRuntimeTest.java:50)

