-------------------------------------------------------------------------------
Test set: com.test.trvis.MyClassTest
-------------------------------------------------------------------------------
Tests run: 3, Failures: 1, Errors: 0, Skipped: 0, Time elapsed: 0.081 sec <<< FAILURE! - in com.test.trvis.MyClassTest
failMultiply(com.test.trvis.MyClassTest)  Time elapsed: 0.007 sec  <<< FAILURE!
java.lang.AssertionError: Travis Test expected:<60> but was:<50>
	at org.junit.Assert.fail(Assert.java:88)
	at org.junit.Assert.failNotEquals(Assert.java:834)
	at org.junit.Assert.assertEquals(Assert.java:645)
	at com.test.trvis.MyClassTest.failMultiply(MyClassTest.java:23)

