-------------------------------------------------------------------------------
Test set: com.searchcode.app.service.IndexServiceTest
-------------------------------------------------------------------------------
Tests run: 30, Failures: 1, Errors: 0, Skipped: 0, Time elapsed: 2.477 sec <<< FAILURE! - in com.searchcode.app.service.IndexServiceTest
testBuildDocument(com.searchcode.app.service.IndexServiceTest)  Time elapsed: 0.014 sec  <<< FAILURE!
org.junit.ComparisonFailure: expected:<" [filename filename filename filename filename filename emanelif  file name file filename filelocationfilename filelocation   contents contents contents contents contents contents]  "> but was:<" [ filename filename filename filename filename filename emanelif  file name file filename filelocationfilename filelocation   contents contents contents contents contents contents     filename filename filename filename filename filename emanelif  file name file filename filelocationfilename filelocation   contents contents contents contents contents contents     filename filename filename filename filename filename emanelif  file name file filename filelocationfilename filelocation   contents contents contents contents contents contents     filename filename filename filename filename filename emanelif  file name file filename filelocationfilename filelocation   contents contents contents contents contents contents     filename filename filename filename filename filename emanelif  file name file filename filelocationfilename filelocation   contents contents contents contents contents contents     filename filename filename filename filename filename emanelif  file name file filename filelocationfilename filelocation   contents contents contents contents contents contents ]  ">
	at com.searchcode.app.service.IndexServiceTest.testBuildDocument(IndexServiceTest.java:161)

