-------------------------------------------------------------------------------
Test set: dev.paie.service.GradeServiceJdbcTemplateTest
-------------------------------------------------------------------------------
Tests run: 1, Failures: 1, Errors: 0, Skipped: 0, Time elapsed: 0.945 sec <<< FAILURE! - in dev.paie.service.GradeServiceJdbcTemplateTest
test_sauvegarder_liste_mettre_a_jour(dev.paie.service.GradeServiceJdbcTemplateTest)  Time elapsed: 0.268 sec  <<< FAILURE!
java.lang.AssertionError: null
	at org.junit.Assert.fail(Assert.java:86)
	at org.junit.Assert.fail(Assert.java:95)
	at dev.paie.service.GradeServiceJdbcTemplateTest.test_sauvegarder_liste_mettre_a_jour(GradeServiceJdbcTemplateTest.java:41)

