-------------------------------------------------------------------------------
Test set: io.github.oliviercailloux.y2018.xmgui.file1.File1Test
-------------------------------------------------------------------------------
Tests run: 1, Failures: 1, Errors: 0, Skipped: 0, Time elapsed: 1.496 sec <<< FAILURE! - in io.github.oliviercailloux.y2018.xmgui.file1.File1Test
test(io.github.oliviercailloux.y2018.xmgui.file1.File1Test)  Time elapsed: 1.406 sec  <<< FAILURE!
java.lang.AssertionError: expected:<100000> but was:<2>
	at org.junit.Assert.fail(Assert.java:88)
	at org.junit.Assert.failNotEquals(Assert.java:834)
	at org.junit.Assert.assertEquals(Assert.java:645)
	at org.junit.Assert.assertEquals(Assert.java:631)
	at io.github.oliviercailloux.y2018.xmgui.file1.File1Test.test(File1Test.java:63)

