-------------------------------------------------------------------------------
Test set: io.prismic.DocumentTest
-------------------------------------------------------------------------------
Tests run: 18, Failures: 1, Errors: 0, Skipped: 0, Time elapsed: 0.692 sec <<< FAILURE! - in io.prismic.DocumentTest
image(io.prismic.DocumentTest)  Time elapsed: 0.056 sec  <<< FAILURE!
junit.framework.ComparisonFailure: expected:<... text" src="https://[prismic-io.s3.amazonaws.com/test-public/9f5f4e8a5d95c7259108e9cfdde953b5e60dcbb6.jpg]" width="100" height...> but was:<... text" src="https://[images.prismic.io/test-public/9f5f4e8a5d95c7259108e9cfdde953b5e60dcbb6.jpg?auto=compress,format]" width="100" height...>
	at junit.framework.Assert.assertEquals(Assert.java:100)
	at junit.framework.Assert.assertEquals(Assert.java:107)
	at io.prismic.DocumentTest.image(DocumentTest.java:189)

