-------------------------------------------------------------------------------
Test set: learnositysdk.request.InitTest
-------------------------------------------------------------------------------
Tests run: 8, Failures: 1, Errors: 0, Skipped: 0, Time elapsed: 0.222 s <<< FAILURE! - in learnositysdk.request.InitTest
testInitItemsGenerate(learnositysdk.request.InitTest)  Time elapsed: 0.036 s  <<< FAILURE!
junit.framework.ComparisonFailure: Errors in the Items initialisation expected:<7f0caf13a11f525be9fd57a95979a00cb895cad43a4d8617f73262329ed866c5> but was:<c4ef178bc2ab3666e8ca6055e132dba7f670efaf57204ef08e0773387025f96f>
	at junit.framework.Assert.assertEquals(Assert.java:81)
	at learnositysdk.request.InitTest.testInitItemsGenerate(InitTest.java:197)

