-------------------------------------------------------------------------------
Test set: net.milkbowl.vault.test.ItemTest
-------------------------------------------------------------------------------
Tests run: 3, Failures: 1, Errors: 0, Skipped: 0, Time elapsed: 432.996 sec <<< FAILURE! - in net.milkbowl.vault.test.ItemTest
testItemStacks(net.milkbowl.vault.test.ItemTest)  Time elapsed: 432.45 sec  <<< FAILURE!
java.lang.AssertionError: expected:<false> but was:<true>
	at org.junit.Assert.fail(Assert.java:88)
	at org.junit.Assert.failNotEquals(Assert.java:834)
	at org.junit.Assert.assertEquals(Assert.java:118)
	at org.junit.Assert.assertEquals(Assert.java:144)
	at net.milkbowl.vault.test.ItemTest.testItemStacks(ItemTest.java:92)

