-------------------------------------------------------------------------------
Test set: backend.Testing.UserServiceTest
-------------------------------------------------------------------------------
Tests run: 4, Failures: 1, Errors: 0, Skipped: 0, Time elapsed: 0.047 sec <<< FAILURE! - in backend.Testing.UserServiceTest
deleteEvent(backend.Testing.UserServiceTest)  Time elapsed: 0.023 sec  <<< FAILURE!
java.lang.AssertionError: null
	at org.junit.Assert.fail(Assert.java:86)
	at org.junit.Assert.assertTrue(Assert.java:41)
	at org.junit.Assert.assertTrue(Assert.java:52)
	at backend.Testing.UserServiceTest.deleteEvent(UserServiceTest.java:128)

